Using pre-set license
Built from '2022.3/staging' branch; Version is '2022.3.10f1 (ff3792e53c62) revision 16725906'; Using compiler version '192829333'; Build Type 'Release'
OS: 'Windows 11  (10.0.22631) 64bit Core' Language: 'en' Physical Memory: 16077 MB
BatchMode: 1, IsHumanControllingUs: 0, StartBugReporterOnCrash: 0, Is64bit: 1, IsPro: 1

COMMAND LINE ARGUMENTS:
C:\Program Files\Unity\Hub\Editor\2022.3.10f1\Editor\Unity.exe
-adb2
-batchMode
-noUpm
-name
AssetImportWorker0
-projectPath
C:/Users/Hannah/OneDrive/Documents/GitHub/VR-Take2/My project (3)
-logFile
Logs/AssetImportWorker0.log
-srvPort
50218
Successfully changed project path to: C:/Users/Hannah/OneDrive/Documents/GitHub/VR-Take2/My project (3)
C:/Users/Hannah/OneDrive/Documents/GitHub/VR-Take2/My project (3)
[UnityMemory] Configuration Parameters - Can be set up in boot.config
    "memorysetup-bucket-allocator-granularity=16"
    "memorysetup-bucket-allocator-bucket-count=8"
    "memorysetup-bucket-allocator-block-size=33554432"
    "memorysetup-bucket-allocator-block-count=8"
    "memorysetup-main-allocator-block-size=16777216"
    "memorysetup-thread-allocator-block-size=16777216"
    "memorysetup-gfx-main-allocator-block-size=16777216"
    "memorysetup-gfx-thread-allocator-block-size=16777216"
    "memorysetup-cache-allocator-block-size=4194304"
    "memorysetup-typetree-allocator-block-size=2097152"
    "memorysetup-profiler-bucket-allocator-granularity=16"
    "memorysetup-profiler-bucket-allocator-bucket-count=8"
    "memorysetup-profiler-bucket-allocator-block-size=33554432"
    "memorysetup-profiler-bucket-allocator-block-count=8"
    "memorysetup-profiler-allocator-block-size=16777216"
    "memorysetup-profiler-editor-allocator-block-size=1048576"
    "memorysetup-temp-allocator-size-main=16777216"
    "memorysetup-job-temp-allocator-block-size=2097152"
    "memorysetup-job-temp-allocator-block-size-background=1048576"
    "memorysetup-job-temp-allocator-reduction-small-platforms=262144"
    "memorysetup-allocator-temp-initial-block-size-main=262144"
    "memorysetup-allocator-temp-initial-block-size-worker=262144"
    "memorysetup-temp-allocator-size-background-worker=32768"
    "memorysetup-temp-allocator-size-job-worker=262144"
    "memorysetup-temp-allocator-size-preload-manager=33554432"
    "memorysetup-temp-allocator-size-nav-mesh-worker=65536"
    "memorysetup-temp-allocator-size-audio-worker=65536"
    "memorysetup-temp-allocator-size-cloud-worker=32768"
    "memorysetup-temp-allocator-size-gi-baking-worker=262144"
    "memorysetup-temp-allocator-size-gfx=262144"
Player connection [39544] Host "[IP] 192.168.88.1 [Port] 0 [Flags] 2 [Guid] 1875611468 [EditorId] 1875611468 [Version] 1048832 [Id] WindowsEditor(7,DESKTOP-HN2RC4F) [Debug] 1 [PackageName] WindowsEditor [ProjectName] Editor" joined multi-casting on [225.0.0.222:54997]...

Player connection [39544] Host "[IP] 192.168.88.1 [Port] 0 [Flags] 2 [Guid] 1875611468 [EditorId] 1875611468 [Version] 1048832 [Id] WindowsEditor(7,DESKTOP-HN2RC4F) [Debug] 1 [PackageName] WindowsEditor [ProjectName] Editor" joined alternative multi-casting on [225.0.0.222:34997]...

[Physics::Module] Initialized MultithreadedJobDispatcher with 15 workers.
Refreshing native plugins compatible for Editor in 57.03 ms, found 12 plugins.
Preloading 1 native plugins for Editor in 128.79 ms.
Initialize engine version: 2022.3.10f1 (ff3792e53c62)
[Subsystems] Discovering subsystems at path C:/Program Files/Unity/Hub/Editor/2022.3.10f1/Editor/Data/Resources/UnitySubsystems
[Subsystems] Discovering subsystems at path C:/Users/Hannah/OneDrive/Documents/GitHub/VR-Take2/My project (3)/Assets
GfxDevice: creating device client; threaded=0; jobified=0
Direct3D:
    Version:  Direct3D 11.0 [level 11.1]
    Renderer: Intel(R) Iris(R) Xe Graphics (ID=0x46a6)
    Vendor:   Intel
    VRAM:     8038 MB
    Driver:   31.0.101.3962
Initialize mono
Mono path[0] = 'C:/Program Files/Unity/Hub/Editor/2022.3.10f1/Editor/Data/Managed'
Mono path[1] = 'C:/Program Files/Unity/Hub/Editor/2022.3.10f1/Editor/Data/MonoBleedingEdge/lib/mono/unityjit-win32'
Mono config path = 'C:/Program Files/Unity/Hub/Editor/2022.3.10f1/Editor/Data/MonoBleedingEdge/etc'
Using monoOptions --debugger-agent=transport=dt_socket,embedding=1,server=y,suspend=n,address=127.0.0.1:56956
Begin MonoManager ReloadAssembly
Registering precompiled unity dll's ...
Register platform support module: C:/Program Files/Unity/Hub/Editor/2022.3.10f1/Editor/Data/PlaybackEngines/WindowsStandaloneSupport/UnityEditor.WindowsStandalone.Extensions.dll
Registered in 0.008559 seconds.
- Loaded All Assemblies, in  0.491 seconds
Native extension for WindowsStandalone target not found
Mono: successfully reloaded assembly
- Finished resetting the current domain, in  0.324 seconds
Domain Reload Profiling: 815ms
	BeginReloadAssembly (173ms)
		ExecutionOrderSort (0ms)
		DisableScriptedObjects (0ms)
		BackupInstance (0ms)
		ReleaseScriptingObjects (0ms)
		CreateAndSetChildDomain (1ms)
	RebuildCommonClasses (47ms)
	RebuildNativeTypeToScriptingClass (12ms)
	initialDomainReloadingComplete (64ms)
	LoadAllAssembliesAndSetupDomain (193ms)
		LoadAssemblies (172ms)
		RebuildTransferFunctionScriptingTraits (0ms)
		AnalyzeDomain (190ms)
			TypeCache.Refresh (187ms)
				TypeCache.ScanAssembly (168ms)
			ScanForSourceGeneratedMonoScriptInfo (1ms)
			ResolveRequiredComponents (1ms)
	FinalizeReload (325ms)
		ReleaseScriptCaches (0ms)
		RebuildScriptCaches (0ms)
		SetupLoadedEditorAssemblies (248ms)
			LogAssemblyErrors (0ms)
			InitializePlatformSupportModulesInManaged (12ms)
			SetLoadedEditorAssemblies (11ms)
			RefreshPlugins (0ms)
			BeforeProcessingInitializeOnLoad (4ms)
			ProcessInitializeOnLoadAttributes (157ms)
			ProcessInitializeOnLoadMethodAttributes (65ms)
			AfterProcessingInitializeOnLoad (0ms)
			EditorAssembliesLoaded (0ms)
		ExecutionOrderSort2 (0ms)
		AwakeInstancesAfterBackupRestoration (0ms)
========================================================================
Worker process is ready to serve import requests
Begin MonoManager ReloadAssembly
Symbol file data-0000020B03210E50 doesn't match image C:\Users\Hannah\OneDrive\Documents\GitHub\VR-Take2\My project (3)\Library\ScriptAssemblies\Unity.XR.OpenXR.Features.MetaQuestSupport.Editor.dll
Symbol file LoadedFromMemory is not a mono symbol file
Symbol file data-0000020B04042040 doesn't match image C:\Users\Hannah\OneDrive\Documents\GitHub\VR-Take2\My project (3)\Library\ScriptAssemblies\Unity.XR.Management.dll
Symbol file LoadedFromMemory is not a mono symbol file
Symbol file data-0000020B0292A020 doesn't match image C:\Users\Hannah\OneDrive\Documents\GitHub\VR-Take2\My project (3)\Library\ScriptAssemblies\Unity.XR.Interaction.Toolkit.Editor.dll
Symbol file LoadedFromMemory is not a mono symbol file
Symbol file data-0000020B04042040 doesn't match image C:\Users\Hannah\OneDrive\Documents\GitHub\VR-Take2\My project (3)\Library\ScriptAssemblies\Unity.ProBuilder.Stl.dll
Symbol file LoadedFromMemory is not a mono symbol file
Symbol file data-0000020B04042040 doesn't match image C:\Users\Hannah\OneDrive\Documents\GitHub\VR-Take2\My project (3)\Library\ScriptAssemblies\Unity.ProBuilder.AddOns.Editor.dll
Symbol file LoadedFromMemory is not a mono symbol file
Symbol file data-0000020AE094B010 doesn't match image C:\Users\Hannah\OneDrive\Documents\GitHub\VR-Take2\My project (3)\Library\ScriptAssemblies\Unity.Rider.Editor.dll
Symbol file LoadedFromMemory is not a mono symbol file
Symbol file data-0000020B04042040 doesn't match image C:\Users\Hannah\OneDrive\Documents\GitHub\VR-Take2\My project (3)\Library\ScriptAssemblies\Unity.XR.OpenXR.Features.ConformanceAutomation.dll
Symbol file LoadedFromMemory is not a mono symbol file
Symbol file data-0000020B04042040 doesn't match image C:\Users\Hannah\OneDrive\Documents\GitHub\VR-Take2\My project (3)\Library\ScriptAssemblies\Unity.XR.OpenXR.Features.OculusQuestSupport.Editor.dll
Symbol file LoadedFromMemory is not a mono symbol file
Symbol file data-0000020AE094B010 doesn't match image C:\Users\Hannah\OneDrive\Documents\GitHub\VR-Take2\My project (3)\Library\ScriptAssemblies\Unity.ProBuilder.Csg.dll
Symbol file LoadedFromMemory is not a mono symbol file
Symbol file data-0000020B02977040 doesn't match image C:\Users\Hannah\OneDrive\Documents\GitHub\VR-Take2\My project (3)\Library\ScriptAssemblies\UnityEditor.TestRunner.dll
Symbol file LoadedFromMemory is not a mono symbol file
Symbol file data-0000020AE0A14010 doesn't match image C:\Users\Hannah\OneDrive\Documents\GitHub\VR-Take2\My project (3)\Library\ScriptAssemblies\Unity.VisualScripting.Flow.dll
Symbol file LoadedFromMemory is not a mono symbol file
Symbol file data-0000020AE0950C20 doesn't match image C:\Users\Hannah\OneDrive\Documents\GitHub\VR-Take2\My project (3)\Library\ScriptAssemblies\Unity.Mathematics.Editor.dll
Symbol file LoadedFromMemory is not a mono symbol file
Symbol file data-0000020AE0950C20 doesn't match image C:\Users\Hannah\OneDrive\Documents\GitHub\VR-Take2\My project (3)\Library\ScriptAssemblies\Unity.XR.OpenXR.Features.MockRuntime.dll
Symbol file LoadedFromMemory is not a mono symbol file
Symbol file data-0000020B02977040 doesn't match image C:\Users\Hannah\OneDrive\Documents\GitHub\VR-Take2\My project (3)\Library\ScriptAssemblies\Unity.XR.CoreUtils.dll
Symbol file LoadedFromMemory is not a mono symbol file
Symbol file data-0000020AE0958C30 doesn't match image C:\Users\Hannah\OneDrive\Documents\GitHub\VR-Take2\My project (3)\Library\ScriptAssemblies\Unity.TestTools.CodeCoverage.Editor.OpenCover.Mono.Reflection.dll
Symbol file LoadedFromMemory is not a mono symbol file
Symbol file data-0000020B02977040 doesn't match image C:\Users\Hannah\OneDrive\Documents\GitHub\VR-Take2\My project (3)\Library\ScriptAssemblies\Unity.XR.OpenXR.dll
Symbol file LoadedFromMemory is not a mono symbol file
Symbol file data-0000020AE0958C30 doesn't match image C:\Users\Hannah\OneDrive\Documents\GitHub\VR-Take2\My project (3)\Library\ScriptAssemblies\Unity.XR.OpenXR.Features.MetaQuestSupport.dll
Symbol file LoadedFromMemory is not a mono symbol file
Symbol file data-0000020B02977040 doesn't match image C:\Users\Hannah\OneDrive\Documents\GitHub\VR-Take2\My project (3)\Library\ScriptAssemblies\Unity.Performance.Profile-Analyzer.Editor.dll
Symbol file LoadedFromMemory is not a mono symbol file
Symbol file data-0000020AE0A7EE30 doesn't match image C:\Users\Hannah\OneDrive\Documents\GitHub\VR-Take2\My project (3)\Library\ScriptAssemblies\Unity.TestTools.CodeCoverage.Editor.dll
Symbol file LoadedFromMemory is not a mono symbol file
Symbol file data-0000020ABD06BD70 doesn't match image C:\Users\Hannah\OneDrive\Documents\GitHub\VR-Take2\My project (3)\Library\ScriptAssemblies\Unity.XR.Management.Editor.dll
Symbol file LoadedFromMemory is not a mono symbol file
Symbol file data-0000020ABD075980 doesn't match image C:\Users\Hannah\OneDrive\Documents\GitHub\VR-Take2\My project (3)\Library\ScriptAssemblies\Unity.ProBuilder.Poly2Tri.dll
Symbol file LoadedFromMemory is not a mono symbol file
Symbol file data-0000020ABD07FD90 doesn't match image C:\Users\Hannah\OneDrive\Documents\GitHub\VR-Take2\My project (3)\Library\ScriptAssemblies\Unity.Settings.Editor.dll
Symbol file LoadedFromMemory is not a mono symbol file
Symbol file data-0000020ABD08C3A0 doesn't match image C:\Users\Hannah\OneDrive\Documents\GitHub\VR-Take2\My project (3)\Library\ScriptAssemblies\Unity.XR.CoreUtils.Editor.dll
Symbol file LoadedFromMemory is not a mono symbol file
Symbol file data-0000020B02681010 doesn't match image C:\Users\Hannah\OneDrive\Documents\GitHub\VR-Take2\My project (3)\Library\ScriptAssemblies\Unity.TextMeshPro.dll
Symbol file LoadedFromMemory is not a mono symbol file
Symbol file data-0000020AE1115C70 doesn't match image C:\Users\Hannah\OneDrive\Documents\GitHub\VR-Take2\My project (3)\Library\ScriptAssemblies\Unity.ProBuilder.AssetIdRemapUtility.dll
Symbol file LoadedFromMemory is not a mono symbol file
Symbol file data-0000020B0268CE20 doesn't match image C:\Users\Hannah\OneDrive\Documents\GitHub\VR-Take2\My project (3)\Library\ScriptAssemblies\Unity.VSCode.Editor.dll
Symbol file LoadedFromMemory is not a mono symbol file
Symbol file data-0000020AE0958C30 doesn't match image C:\Users\Hannah\OneDrive\Documents\GitHub\VR-Take2\My project (3)\Library\ScriptAssemblies\Unity.XR.OpenXR.Features.OculusQuestSupport.dll
Symbol file LoadedFromMemory is not a mono symbol file
Symbol file data-0000020AE0958C30 doesn't match image C:\Users\Hannah\OneDrive\Documents\GitHub\VR-Take2\My project (3)\Library\ScriptAssemblies\Unity.XR.Oculus.Editor.dll
Symbol file LoadedFromMemory is not a mono symbol file
Symbol file data-0000020B02694E30 doesn't match image C:\Users\Hannah\OneDrive\Documents\GitHub\VR-Take2\My project (3)\Library\ScriptAssemblies\Unity.XR.Interaction.Toolkit.dll
Symbol file LoadedFromMemory is not a mono symbol file
Symbol file data-0000020AE0958C30 doesn't match image C:\Users\Hannah\OneDrive\Documents\GitHub\VR-Take2\My project (3)\Library\ScriptAssemblies\Unity.XR.OpenXR.Features.RuntimeDebugger.dll
Symbol file LoadedFromMemory is not a mono symbol file
Symbol file data-0000020AE0958C30 doesn't match image C:\Users\Hannah\OneDrive\Documents\GitHub\VR-Take2\My project (3)\Library\ScriptAssemblies\Unity.EditorCoroutines.Editor.dll
Symbol file LoadedFromMemory is not a mono symbol file
Symbol file data-0000020B0269CE40 doesn't match image C:\Users\Hannah\OneDrive\Documents\GitHub\VR-Take2\My project (3)\Library\ScriptAssemblies\UnityEngine.XR.LegacyInputHelpers.dll
Symbol file LoadedFromMemory is not a mono symbol file
Symbol file data-0000020B0269CE40 doesn't match image C:\Users\Hannah\OneDrive\Documents\GitHub\VR-Take2\My project (3)\Library\ScriptAssemblies\Unity.PlasticSCM.Editor.dll
Symbol file LoadedFromMemory is not a mono symbol file
Symbol file data-0000020AE0D5F010 doesn't match image C:\Users\Hannah\OneDrive\Documents\GitHub\VR-Take2\My project (3)\Library\ScriptAssemblies\Unity.ProBuilder.dll
Symbol file LoadedFromMemory is not a mono symbol file
Symbol file data-0000020AE0B3F9A0 doesn't match image C:\Users\Hannah\OneDrive\Documents\GitHub\VR-Take2\My project (3)\Library\ScriptAssemblies\Unity.Timeline.Editor.dll
Symbol file LoadedFromMemory is not a mono symbol file
Symbol file data-0000020AE0958C30 doesn't match image C:\Users\Hannah\OneDrive\Documents\GitHub\VR-Take2\My project (3)\Library\ScriptAssemblies\Unity.VisualScripting.Shared.Editor.dll
Symbol file LoadedFromMemory is not a mono symbol file
Symbol file data-0000020AE0E11E20 doesn't match image C:\Users\Hannah\OneDrive\Documents\GitHub\VR-Take2\My project (3)\Library\ScriptAssemblies\Unity.CollabProxy.Editor.dll
Symbol file LoadedFromMemory is not a mono symbol file
Symbol file data-0000020AE0E11E20 doesn't match image C:\Users\Hannah\OneDrive\Documents\GitHub\VR-Take2\My project (3)\Library\ScriptAssemblies\UnityEditor.SpatialTracking.dll
Symbol file LoadedFromMemory is not a mono symbol file
Symbol file data-0000020B02702250 doesn't match image C:\Users\Hannah\OneDrive\Documents\GitHub\VR-Take2\My project (3)\Library\ScriptAssemblies\Unity.VisualStudio.Editor.dll
Symbol file LoadedFromMemory is not a mono symbol file
Symbol file data-0000020B02702250 doesn't match image C:\Users\Hannah\OneDrive\Documents\GitHub\VR-Take2\My project (3)\Library\ScriptAssemblies\UnityEditor.UI.dll
Symbol file LoadedFromMemory is not a mono symbol file
Symbol file data-0000020B02752010 doesn't match image C:\Users\Hannah\OneDrive\Documents\GitHub\VR-Take2\My project (3)\Library\ScriptAssemblies\Unity.VisualScripting.Core.dll
Symbol file LoadedFromMemory is not a mono symbol file
Symbol file data-0000020B02702250 doesn't match image C:\Users\Hannah\OneDrive\Documents\GitHub\VR-Take2\My project (3)\Library\ScriptAssemblies\UnityEngine.SpatialTracking.dll
Symbol file LoadedFromMemory is not a mono symbol file
Symbol file data-0000020B02752010 doesn't match image C:\Users\Hannah\OneDrive\Documents\GitHub\VR-Take2\My project (3)\Library\ScriptAssemblies\Unity.VisualScripting.Core.Editor.dll
Symbol file LoadedFromMemory is not a mono symbol file
Symbol file data-0000020B02793620 doesn't match image C:\Users\Hannah\OneDrive\Documents\GitHub\VR-Take2\My project (3)\Library\ScriptAssemblies\UnityEngine.UI.dll
Symbol file LoadedFromMemory is not a mono symbol file
Symbol file data-0000020ABD1AB630 doesn't match image C:\Users\Hannah\OneDrive\Documents\GitHub\VR-Take2\My project (3)\Library\ScriptAssemblies\UnityEditor.XR.LegacyInputHelpers.dll
Symbol file LoadedFromMemory is not a mono symbol file
Symbol file data-0000020B027E7A30 doesn't match image C:\Users\Hannah\OneDrive\Documents\GitHub\VR-Take2\My project (3)\Library\ScriptAssemblies\Unity.VisualScripting.Flow.Editor.dll
Symbol file LoadedFromMemory is not a mono symbol file
Symbol file data-0000020AE0C099D0 doesn't match image C:\Users\Hannah\OneDrive\Documents\GitHub\VR-Take2\My project (3)\Library\ScriptAssemblies\Unity.Timeline.dll
Symbol file LoadedFromMemory is not a mono symbol file
Symbol file data-0000020AE02A6010 doesn't match image C:\Users\Hannah\OneDrive\Documents\GitHub\VR-Take2\My project (3)\Library\ScriptAssemblies\Unity.InputSystem.dll
Symbol file LoadedFromMemory is not a mono symbol file
Symbol file data-0000020AE032EC20 doesn't match image C:\Users\Hannah\OneDrive\Documents\GitHub\VR-Take2\My project (3)\Library\ScriptAssemblies\Unity.ProBuilder.Editor.dll
Symbol file LoadedFromMemory is not a mono symbol file
Symbol file data-0000020B0280B840 doesn't match image C:\Users\Hannah\OneDrive\Documents\GitHub\VR-Take2\My project (3)\Library\ScriptAssemblies\Unity.InputSystem.ForUI.dll
Symbol file LoadedFromMemory is not a mono symbol file
Symbol file data-0000020B02818250 doesn't match image C:\Users\Hannah\OneDrive\Documents\GitHub\VR-Take2\My project (3)\Library\ScriptAssemblies\Unity.XR.Oculus.dll
Symbol file LoadedFromMemory is not a mono symbol file
Symbol file data-0000020B02820A70 doesn't match image C:\Users\Hannah\OneDrive\Documents\GitHub\VR-Take2\My project (3)\Library\ScriptAssemblies\Unity.VisualScripting.SettingsProvider.Editor.dll
Symbol file LoadedFromMemory is not a mono symbol file
Symbol file data-0000020B02824A80 doesn't match image C:\Users\Hannah\OneDrive\Documents\GitHub\VR-Take2\My project (3)\Library\ScriptAssemblies\Unity.XR.OpenXR.Editor.dll
Symbol file LoadedFromMemory is not a mono symbol file
Symbol file data-0000020B0282B490 doesn't match image C:\Users\Hannah\OneDrive\Documents\GitHub\VR-Take2\My project (3)\Library\ScriptAssemblies\Unity.TestTools.CodeCoverage.Editor.OpenCover.Model.dll
Symbol file LoadedFromMemory is not a mono symbol file
Symbol file data-0000020AE0369A50 doesn't match image C:\Users\Hannah\OneDrive\Documents\GitHub\VR-Take2\My project (3)\Library\ScriptAssemblies\UnityEngine.TestRunner.dll
Symbol file LoadedFromMemory is not a mono symbol file
Symbol file data-0000020AE0382260 doesn't match image C:\Users\Hannah\OneDrive\Documents\GitHub\VR-Take2\My project (3)\Library\ScriptAssemblies\Unity.VisualScripting.State.Editor.dll
Symbol file LoadedFromMemory is not a mono symbol file
Symbol file data-0000020AE0387470 doesn't match image C:\Users\Hannah\OneDrive\Documents\GitHub\VR-Take2\My project (3)\Library\ScriptAssemblies\Unity.ProBuilder.KdTree.dll
Symbol file LoadedFromMemory is not a mono symbol file
Symbol file data-0000020B02AE3820 doesn't match image C:\Users\Hannah\OneDrive\Documents\GitHub\VR-Take2\My project (3)\Library\ScriptAssemblies\Unity.Mathematics.dll
Symbol file LoadedFromMemory is not a mono symbol file
Symbol file data-0000020B02B1C230 doesn't match image C:\Users\Hannah\OneDrive\Documents\GitHub\VR-Take2\My project (3)\Library\ScriptAssemblies\Unity.TextMeshPro.Editor.dll
Symbol file LoadedFromMemory is not a mono symbol file
Symbol file data-0000020AE038AA80 doesn't match image C:\Users\Hannah\OneDrive\Documents\GitHub\VR-Take2\My project (3)\Library\ScriptAssemblies\Unity.XR.OpenXR.Features.RuntimeDebugger.Editor.dll
Symbol file LoadedFromMemory is not a mono symbol file
Symbol file data-0000020AE038AA80 doesn't match image C:\Users\Hannah\OneDrive\Documents\GitHub\VR-Take2\My project (3)\Library\ScriptAssemblies\Unity.VisualScripting.State.dll
Symbol file LoadedFromMemory is not a mono symbol file
Symbol file data-0000020B02B2EC50 doesn't match image C:\Users\Hannah\OneDrive\Documents\GitHub\VR-Take2\My project (3)\Library\ScriptAssemblies\Unity.InputSystem.TestFramework.dll
Symbol file LoadedFromMemory is not a mono symbol file
- Loaded All Assemblies, in  1.044 seconds
Refreshing native plugins compatible for Editor in 36.98 ms, found 12 plugins.
Native extension for WindowsStandalone target not found
Package Manager log level set to [2]
[Package Manager] Server::EnsureServerProcessIsRunning -- launch failed, reason: Unity was launched with the -noUpm command-line argument
[Package Manager] UpmClient::Send -- Unable to send message (not connected to UPM process).
[Package Manager] Cannot connect to Unity Package Manager local server
[Package Manager] Server::EnsureServerProcessIsRunning -- launch failed, reason: Unity was launched with the -noUpm command-line argument
[Package Manager] UpmClient::Send -- Unable to send message (not connected to UPM process).
[Package Manager] Cannot connect to Unity Package Manager local server
System.Reflection.TargetInvocationException: Exception has been thrown by the target of an invocation. ---> System.NullReferenceException: Object reference not set to an instance of an object
  at Unity.XR.Oculus.OculusLoader.AssetPathToAbsolutePath (System.String assetPath) [0x00043] in <f59bc2876185435abbc66772e54c8338>:0 
  at Unity.XR.Oculus.OculusLoader.EditorLoadOVRPlugin () [0x0007b] in <f59bc2876185435abbc66772e54c8338>:0 
  at (wrapper managed-to-native) System.Reflection.RuntimeMethodInfo.InternalInvoke(System.Reflection.RuntimeMethodInfo,object,object[],System.Exception&)
  at System.Reflection.RuntimeMethodInfo.Invoke (System.Object obj, System.Reflection.BindingFlags invokeAttr, System.Reflection.Binder binder, System.Object[] parameters, System.Globalization.CultureInfo culture) [0x0006a] in <787acc3c9a4c471ba7d971300105af24>:0 
   --- End of inner exception stack trace ---
  at System.Reflection.RuntimeMethodInfo.Invoke (System.Object obj, System.Reflection.BindingFlags invokeAttr, System.Reflection.Binder binder, System.Object[] parameters, System.Globalization.CultureInfo culture) [0x00083] in <787acc3c9a4c471ba7d971300105af24>:0 
  at System.Reflection.MethodBase.Invoke (System.Object obj, System.Object[] parameters) [0x00000] in <787acc3c9a4c471ba7d971300105af24>:0 
  at UnityEditor.EditorAssemblies.ProcessInitializeOnLoadMethodAttributes () [0x000a5] in <fe7039efe678478d9c83e73bc6a6566d>:0 
UnityEngine.StackTraceUtility:ExtractStackTrace ()
UnityEngine.DebugLogHandler:LogFormat (UnityEngine.LogType,UnityEngine.Object,string,object[])
UnityEngine.Logger:Log (UnityEngine.LogType,object)
UnityEngine.Debug:LogError (object)
UnityEditor.EditorAssemblies:ProcessInitializeOnLoadMethodAttributes ()

Mono: successfully reloaded assembly
[Package Manager] Server::EnsureServerProcessIsRunning -- launch failed, reason: Unity was launched with the -noUpm command-line argument
[Package Manager] UpmClient::Send -- Unable to send message (not connected to UPM process).
[Package Manager] Cannot connect to Unity Package Manager local server
[Package Manager] Server::EnsureServerProcessIsRunning -- launch failed, reason: Unity was launched with the -noUpm command-line argument
[Package Manager] UpmClient::Send -- Unable to send message (not connected to UPM process).
[Package Manager] Cannot connect to Unity Package Manager local server
- Finished resetting the current domain, in  1.016 seconds
Domain Reload Profiling: 2059ms
	BeginReloadAssembly (259ms)
		ExecutionOrderSort (0ms)
		DisableScriptedObjects (10ms)
		BackupInstance (0ms)
		ReleaseScriptingObjects (0ms)
		CreateAndSetChildDomain (23ms)
	RebuildCommonClasses (43ms)
	RebuildNativeTypeToScriptingClass (12ms)
	initialDomainReloadingComplete (52ms)
	LoadAllAssembliesAndSetupDomain (676ms)
		LoadAssemblies (600ms)
		RebuildTransferFunctionScriptingTraits (0ms)
		AnalyzeDomain (255ms)
			TypeCache.Refresh (217ms)
				TypeCache.ScanAssembly (195ms)
			ScanForSourceGeneratedMonoScriptInfo (28ms)
			ResolveRequiredComponents (7ms)
	FinalizeReload (1017ms)
		ReleaseScriptCaches (0ms)
		RebuildScriptCaches (0ms)
		SetupLoadedEditorAssemblies (785ms)
			LogAssemblyErrors (0ms)
			InitializePlatformSupportModulesInManaged (6ms)
			SetLoadedEditorAssemblies (4ms)
			RefreshPlugins (0ms)
			BeforeProcessingInitializeOnLoad (100ms)
			ProcessInitializeOnLoadAttributes (605ms)
			ProcessInitializeOnLoadMethodAttributes (64ms)
			AfterProcessingInitializeOnLoad (5ms)
			EditorAssembliesLoaded (0ms)
		ExecutionOrderSort2 (0ms)
		AwakeInstancesAfterBackupRestoration (9ms)
Launched and connected shader compiler UnityShaderCompiler.exe after 0.11 seconds
Refreshing native plugins compatible for Editor in 45.16 ms, found 12 plugins.
Preloading 1 native plugins for Editor in 0.21 ms.
Unloading 4851 Unused Serialized files (Serialized files now loaded: 0)
Unloading 82 unused Assets / (115.6 KB). Loaded Objects now: 5345.
Memory consumption went from 175.0 MB to 174.9 MB.
Total: 4.117700 ms (FindLiveObjects: 0.305900 ms CreateObjectMapping: 0.177000 ms MarkObjects: 3.405500 ms  DeleteObjects: 0.228200 ms)

AssetImportParameters requested are different than current active one (requested -> active):
  custom:container-demuxer-ogg: 62fdf1f143b41e24485cea50d1cbac27 -> 
  custom:video-codec-MediaFoundation-h265: 746d11721c4dcdbdad8f713fa42b33f4 -> 
  custom:video-decoder-ogg-theora: a1e56fd34408186e4bbccfd4996cb3dc -> 
  custom:framework-win-MediaFoundation: 216162199b28c13a410421893ffa2e32 -> 
  custom:container-demuxer-webm: 4f35f7cbe854078d1ac9338744f61a02 -> 
  custom:container-muxer-webm: aa71ff27fc2769a1b78a27578f13a17b -> 
  custom:video-decoder-webm-vp8: 9c59270c3fd7afecdb556c50c9e8de78 -> 
  custom:AudioImporter_EditorPlatform: d09bf68614088b80899f8185d706f6e7 -> 
  custom:video-encoder-webm-vp8: eb34c28f22e8b96e1ab97ce403110664 -> 
  custom:audio-decoder-ogg-vorbis: bf7c407c2cedff20999df2af8eb42d56 -> 
  custom:audio-encoder-webm-vorbis: bf7c407c2cedff20999df2af8eb42d56 -> 
========================================================================
Received Prepare
Refreshing native plugins compatible for Editor in 47.69 ms, found 12 plugins.
Preloading 1 native plugins for Editor in 0.20 ms.
Unloading 2 Unused Serialized files (Serialized files now loaded: 0)
Unloading 3 unused Assets / (46.3 KB). Loaded Objects now: 5344.
Memory consumption went from 91.2 MB to 91.1 MB.
Total: 7.087600 ms (FindLiveObjects: 0.429500 ms CreateObjectMapping: 0.368500 ms MarkObjects: 6.143000 ms  DeleteObjects: 0.144600 ms)

Prepare: number of updated asset objects reloaded= 0
AssetImportParameters requested are different than current active one (requested -> active):
  custom:container-demuxer-ogg: 62fdf1f143b41e24485cea50d1cbac27 -> 
  custom:video-codec-MediaFoundation-h265: 746d11721c4dcdbdad8f713fa42b33f4 -> 
  custom:video-decoder-ogg-theora: a1e56fd34408186e4bbccfd4996cb3dc -> 
  custom:framework-win-MediaFoundation: 216162199b28c13a410421893ffa2e32 -> 
  custom:CustomObjectIndexerAttribute: 756ad292c208cfabdd7b50bc23989ffe -> 
  custom:container-demuxer-webm: 4f35f7cbe854078d1ac9338744f61a02 -> 
  custom:container-muxer-webm: aa71ff27fc2769a1b78a27578f13a17b -> 
  custom:video-decoder-webm-vp8: 9c59270c3fd7afecdb556c50c9e8de78 -> 
  custom:SearchIndexIgnoredProperties: e643bd26f0fe6173181afceb89e7c659 -> 
  custom:AudioImporter_EditorPlatform: d09bf68614088b80899f8185d706f6e7 -> 
  custom:video-encoder-webm-vp8: eb34c28f22e8b96e1ab97ce403110664 -> 
  custom:audio-decoder-ogg-vorbis: bf7c407c2cedff20999df2af8eb42d56 -> 
  custom:audio-encoder-webm-vorbis: bf7c407c2cedff20999df2af8eb42d56 -> 
========================================================================
Received Prepare
Begin MonoManager ReloadAssembly
Symbol file data-0000020AE0777010 doesn't match image C:\Users\Hannah\OneDrive\Documents\GitHub\VR-Take2\My project (3)\Library\ScriptAssemblies\Unity.XR.OpenXR.Features.MetaQuestSupport.Editor.dll
Symbol file LoadedFromMemory is not a mono symbol file
Symbol file data-0000020B03D0E080 doesn't match image C:\Users\Hannah\OneDrive\Documents\GitHub\VR-Take2\My project (3)\Library\ScriptAssemblies\Unity.XR.Management.dll
Symbol file LoadedFromMemory is not a mono symbol file
Symbol file data-0000020AE0D1B010 doesn't match image C:\Users\Hannah\OneDrive\Documents\GitHub\VR-Take2\My project (3)\Library\ScriptAssemblies\Unity.XR.Interaction.Toolkit.Editor.dll
Symbol file LoadedFromMemory is not a mono symbol file
Symbol file data-0000020B0F40DF70 doesn't match image C:\Users\Hannah\OneDrive\Documents\GitHub\VR-Take2\My project (3)\Library\ScriptAssemblies\Unity.ProBuilder.Stl.dll
Symbol file LoadedFromMemory is not a mono symbol file
Symbol file data-0000020B03AF2A60 doesn't match image C:\Users\Hannah\OneDrive\Documents\GitHub\VR-Take2\My project (3)\Library\ScriptAssemblies\Unity.ProBuilder.AddOns.Editor.dll
Symbol file LoadedFromMemory is not a mono symbol file
Symbol file data-0000020AE0E2C920 doesn't match image C:\Users\Hannah\OneDrive\Documents\GitHub\VR-Take2\My project (3)\Library\ScriptAssemblies\Unity.Rider.Editor.dll
Symbol file LoadedFromMemory is not a mono symbol file
Symbol file data-0000020B039B5BA0 doesn't match image C:\Users\Hannah\OneDrive\Documents\GitHub\VR-Take2\My project (3)\Library\ScriptAssemblies\Unity.XR.OpenXR.Features.ConformanceAutomation.dll
Symbol file LoadedFromMemory is not a mono symbol file
Symbol file data-0000020AE0777010 doesn't match image C:\Users\Hannah\OneDrive\Documents\GitHub\VR-Take2\My project (3)\Library\ScriptAssemblies\Unity.XR.OpenXR.Features.OculusQuestSupport.Editor.dll
Symbol file LoadedFromMemory is not a mono symbol file
Symbol file data-0000020AE0675010 doesn't match image C:\Users\Hannah\OneDrive\Documents\GitHub\VR-Take2\My project (3)\Library\ScriptAssemblies\Unity.ProBuilder.Csg.dll
Symbol file LoadedFromMemory is not a mono symbol file
Symbol file data-0000020B1054AEE0 doesn't match image C:\Users\Hannah\OneDrive\Documents\GitHub\VR-Take2\My project (3)\Library\ScriptAssemblies\UnityEditor.TestRunner.dll
Symbol file LoadedFromMemory is not a mono symbol file
Symbol file data-0000020B10041B40 doesn't match image C:\Users\Hannah\OneDrive\Documents\GitHub\VR-Take2\My project (3)\Library\ScriptAssemblies\Unity.VisualScripting.Flow.dll
Symbol file LoadedFromMemory is not a mono symbol file
Symbol file data-0000020B0F40DF70 doesn't match image C:\Users\Hannah\OneDrive\Documents\GitHub\VR-Take2\My project (3)\Library\ScriptAssemblies\Unity.Mathematics.Editor.dll
Symbol file LoadedFromMemory is not a mono symbol file
Symbol file data-0000020AE0777010 doesn't match image C:\Users\Hannah\OneDrive\Documents\GitHub\VR-Take2\My project (3)\Library\ScriptAssemblies\Unity.XR.OpenXR.Features.MockRuntime.dll
Symbol file LoadedFromMemory is not a mono symbol file
Symbol file data-0000020B0403C020 doesn't match image C:\Users\Hannah\OneDrive\Documents\GitHub\VR-Take2\My project (3)\Library\ScriptAssemblies\Unity.XR.CoreUtils.dll
Symbol file LoadedFromMemory is not a mono symbol file
Symbol file data-0000020B0F40DF70 doesn't match image C:\Users\Hannah\OneDrive\Documents\GitHub\VR-Take2\My project (3)\Library\ScriptAssemblies\Unity.TestTools.CodeCoverage.Editor.OpenCover.Mono.Reflection.dll
Symbol file LoadedFromMemory is not a mono symbol file
Symbol file data-0000020B0F303BB0 doesn't match image C:\Users\Hannah\OneDrive\Documents\GitHub\VR-Take2\My project (3)\Library\ScriptAssemblies\Unity.XR.OpenXR.dll
Symbol file LoadedFromMemory is not a mono symbol file
Symbol file data-0000020B10BE7340 doesn't match image C:\Users\Hannah\OneDrive\Documents\GitHub\VR-Take2\My project (3)\Library\ScriptAssemblies\Unity.XR.OpenXR.Features.MetaQuestSupport.dll
Symbol file LoadedFromMemory is not a mono symbol file
Symbol file data-0000020B0ECA6010 doesn't match image C:\Users\Hannah\OneDrive\Documents\GitHub\VR-Take2\My project (3)\Library\ScriptAssemblies\Unity.Performance.Profile-Analyzer.Editor.dll
Symbol file LoadedFromMemory is not a mono symbol file
Symbol file data-0000020B1017E640 doesn't match image C:\Users\Hannah\OneDrive\Documents\GitHub\VR-Take2\My project (3)\Library\ScriptAssemblies\Unity.TestTools.CodeCoverage.Editor.dll
Symbol file LoadedFromMemory is not a mono symbol file
Symbol file data-0000020AE091D080 doesn't match image C:\Users\Hannah\OneDrive\Documents\GitHub\VR-Take2\My project (3)\Library\ScriptAssemblies\Unity.XR.Management.Editor.dll
Symbol file LoadedFromMemory is not a mono symbol file
Symbol file data-0000020B03088050 doesn't match image C:\Users\Hannah\OneDrive\Documents\GitHub\VR-Take2\My project (3)\Library\ScriptAssemblies\Unity.ProBuilder.Poly2Tri.dll
Symbol file LoadedFromMemory is not a mono symbol file
Symbol file data-0000020B10A8D950 doesn't match image C:\Users\Hannah\OneDrive\Documents\GitHub\VR-Take2\My project (3)\Library\ScriptAssemblies\Unity.Settings.Editor.dll
Symbol file LoadedFromMemory is not a mono symbol file
Symbol file data-0000020AE057ECD0 doesn't match image C:\Users\Hannah\OneDrive\Documents\GitHub\VR-Take2\My project (3)\Library\ScriptAssemblies\Unity.XR.CoreUtils.Editor.dll
Symbol file LoadedFromMemory is not a mono symbol file
Symbol file data-0000020B10041B40 doesn't match image C:\Users\Hannah\OneDrive\Documents\GitHub\VR-Take2\My project (3)\Library\ScriptAssemblies\Unity.TextMeshPro.dll
Symbol file LoadedFromMemory is not a mono symbol file
Symbol file data-0000020B0F361E70 doesn't match image C:\Users\Hannah\OneDrive\Documents\GitHub\VR-Take2\My project (3)\Library\ScriptAssemblies\Unity.ProBuilder.AssetIdRemapUtility.dll
Symbol file LoadedFromMemory is not a mono symbol file
Symbol file data-0000020B0F5EA870 doesn't match image C:\Users\Hannah\OneDrive\Documents\GitHub\VR-Take2\My project (3)\Library\ScriptAssemblies\Unity.VSCode.Editor.dll
Symbol file LoadedFromMemory is not a mono symbol file
Symbol file data-0000020B02C87990 doesn't match image C:\Users\Hannah\OneDrive\Documents\GitHub\VR-Take2\My project (3)\Library\ScriptAssemblies\Unity.XR.OpenXR.Features.OculusQuestSupport.dll
Symbol file LoadedFromMemory is not a mono symbol file
Symbol file data-0000020B03D0E080 doesn't match image C:\Users\Hannah\OneDrive\Documents\GitHub\VR-Take2\My project (3)\Library\ScriptAssemblies\Unity.XR.Oculus.Editor.dll
Symbol file LoadedFromMemory is not a mono symbol file
Symbol file data-0000020B03BC9C40 doesn't match image C:\Users\Hannah\OneDrive\Documents\GitHub\VR-Take2\My project (3)\Library\ScriptAssemblies\Unity.XR.Interaction.Toolkit.dll
Symbol file LoadedFromMemory is not a mono symbol file
Symbol file data-0000020B0F40DF70 doesn't match image C:\Users\Hannah\OneDrive\Documents\GitHub\VR-Take2\My project (3)\Library\ScriptAssemblies\Unity.XR.OpenXR.Features.RuntimeDebugger.dll
Symbol file LoadedFromMemory is not a mono symbol file
Symbol file data-0000020B0DA3F420 doesn't match image C:\Users\Hannah\OneDrive\Documents\GitHub\VR-Take2\My project (3)\Library\ScriptAssemblies\Unity.EditorCoroutines.Editor.dll
Symbol file LoadedFromMemory is not a mono symbol file
Symbol file data-0000020AE0EEE010 doesn't match image C:\Users\Hannah\OneDrive\Documents\GitHub\VR-Take2\My project (3)\Library\ScriptAssemblies\UnityEngine.XR.LegacyInputHelpers.dll
Symbol file LoadedFromMemory is not a mono symbol file
Symbol file data-0000020B02998650 doesn't match image C:\Users\Hannah\OneDrive\Documents\GitHub\VR-Take2\My project (3)\Library\ScriptAssemblies\Unity.PlasticSCM.Editor.dll
Symbol file LoadedFromMemory is not a mono symbol file
Symbol file data-0000020B10041B40 doesn't match image C:\Users\Hannah\OneDrive\Documents\GitHub\VR-Take2\My project (3)\Library\ScriptAssemblies\Unity.ProBuilder.dll
Symbol file LoadedFromMemory is not a mono symbol file
Symbol file data-0000020B10AB1E30 doesn't match image C:\Users\Hannah\OneDrive\Documents\GitHub\VR-Take2\My project (3)\Library\ScriptAssemblies\Unity.Timeline.Editor.dll
Symbol file LoadedFromMemory is not a mono symbol file
Symbol file data-0000020AE0777010 doesn't match image C:\Users\Hannah\OneDrive\Documents\GitHub\VR-Take2\My project (3)\Library\ScriptAssemblies\Unity.VisualScripting.Shared.Editor.dll
Symbol file LoadedFromMemory is not a mono symbol file
Symbol file data-0000020B02C87990 doesn't match image C:\Users\Hannah\OneDrive\Documents\GitHub\VR-Take2\My project (3)\Library\ScriptAssemblies\Unity.CollabProxy.Editor.dll
Symbol file LoadedFromMemory is not a mono symbol file
Symbol file data-0000020B10BE7340 doesn't match image C:\Users\Hannah\OneDrive\Documents\GitHub\VR-Take2\My project (3)\Library\ScriptAssemblies\UnityEditor.SpatialTracking.dll
Symbol file LoadedFromMemory is not a mono symbol file
Symbol file data-0000020B0F817CD0 doesn't match image C:\Users\Hannah\OneDrive\Documents\GitHub\VR-Take2\My project (3)\Library\ScriptAssemblies\Unity.VisualStudio.Editor.dll
Symbol file LoadedFromMemory is not a mono symbol file
Symbol file data-0000020AE08D8010 doesn't match image C:\Users\Hannah\OneDrive\Documents\GitHub\VR-Take2\My project (3)\Library\ScriptAssemblies\UnityEditor.UI.dll
Symbol file LoadedFromMemory is not a mono symbol file
Symbol file data-0000020B0D27A040 doesn't match image C:\Users\Hannah\OneDrive\Documents\GitHub\VR-Take2\My project (3)\Library\ScriptAssemblies\Unity.VisualScripting.Core.dll
Symbol file LoadedFromMemory is not a mono symbol file
Symbol file data-0000020B0DA3F420 doesn't match image C:\Users\Hannah\OneDrive\Documents\GitHub\VR-Take2\My project (3)\Library\ScriptAssemblies\UnityEngine.SpatialTracking.dll
Symbol file LoadedFromMemory is not a mono symbol file
Symbol file data-0000020B1088BD20 doesn't match image C:\Users\Hannah\OneDrive\Documents\GitHub\VR-Take2\My project (3)\Library\ScriptAssemblies\Unity.VisualScripting.Core.Editor.dll
Symbol file LoadedFromMemory is not a mono symbol file
Symbol file data-0000020B0F73A040 doesn't match image C:\Users\Hannah\OneDrive\Documents\GitHub\VR-Take2\My project (3)\Library\ScriptAssemblies\UnityEngine.UI.dll
Symbol file LoadedFromMemory is not a mono symbol file
Symbol file data-0000020B0F40DF70 doesn't match image C:\Users\Hannah\OneDrive\Documents\GitHub\VR-Take2\My project (3)\Library\ScriptAssemblies\UnityEditor.XR.LegacyInputHelpers.dll
Symbol file LoadedFromMemory is not a mono symbol file
Symbol file data-0000020B0ECA6010 doesn't match image C:\Users\Hannah\OneDrive\Documents\GitHub\VR-Take2\My project (3)\Library\ScriptAssemblies\Unity.VisualScripting.Flow.Editor.dll
Symbol file LoadedFromMemory is not a mono symbol file
Symbol file data-0000020B0F48C2B0 doesn't match image C:\Users\Hannah\OneDrive\Documents\GitHub\VR-Take2\My project (3)\Library\ScriptAssemblies\Unity.Timeline.dll
Symbol file LoadedFromMemory is not a mono symbol file
Symbol file data-0000020B0DB96080 doesn't match image C:\Users\Hannah\OneDrive\Documents\GitHub\VR-Take2\My project (3)\Library\ScriptAssemblies\Unity.InputSystem.dll
Symbol file LoadedFromMemory is not a mono symbol file
Symbol file data-0000020B10B90080 doesn't match image C:\Users\Hannah\OneDrive\Documents\GitHub\VR-Take2\My project (3)\Library\ScriptAssemblies\Unity.ProBuilder.Editor.dll
Symbol file LoadedFromMemory is not a mono symbol file
Symbol file data-0000020B0F3592C0 doesn't match image C:\Users\Hannah\OneDrive\Documents\GitHub\VR-Take2\My project (3)\Library\ScriptAssemblies\Unity.InputSystem.ForUI.dll
Symbol file LoadedFromMemory is not a mono symbol file
Symbol file data-0000020B10A8D950 doesn't match image C:\Users\Hannah\OneDrive\Documents\GitHub\VR-Take2\My project (3)\Library\ScriptAssemblies\Unity.XR.Oculus.dll
Symbol file LoadedFromMemory is not a mono symbol file
Symbol file data-0000020B0F40DF70 doesn't match image C:\Users\Hannah\OneDrive\Documents\GitHub\VR-Take2\My project (3)\Library\ScriptAssemblies\Unity.VisualScripting.SettingsProvider.Editor.dll
Symbol file LoadedFromMemory is not a mono symbol file
Symbol file data-0000020B02CC5CB0 doesn't match image C:\Users\Hannah\OneDrive\Documents\GitHub\VR-Take2\My project (3)\Library\ScriptAssemblies\Unity.XR.OpenXR.Editor.dll
Symbol file LoadedFromMemory is not a mono symbol file
Symbol file data-0000020B10420CB0 doesn't match image C:\Users\Hannah\OneDrive\Documents\GitHub\VR-Take2\My project (3)\Library\ScriptAssemblies\Unity.TestTools.CodeCoverage.Editor.OpenCover.Model.dll
Symbol file LoadedFromMemory is not a mono symbol file
Symbol file data-0000020B0F554990 doesn't match image C:\Users\Hannah\OneDrive\Documents\GitHub\VR-Take2\My project (3)\Library\ScriptAssemblies\UnityEngine.TestRunner.dll
Symbol file LoadedFromMemory is not a mono symbol file
Symbol file data-0000020AE08E3900 doesn't match image C:\Users\Hannah\OneDrive\Documents\GitHub\VR-Take2\My project (3)\Library\ScriptAssemblies\Unity.VisualScripting.State.Editor.dll
Symbol file LoadedFromMemory is not a mono symbol file
Symbol file data-0000020B0DA956C0 doesn't match image C:\Users\Hannah\OneDrive\Documents\GitHub\VR-Take2\My project (3)\Library\ScriptAssemblies\Unity.ProBuilder.KdTree.dll
Symbol file LoadedFromMemory is not a mono symbol file
Symbol file data-0000020B10AB1E30 doesn't match image C:\Users\Hannah\OneDrive\Documents\GitHub\VR-Take2\My project (3)\Library\ScriptAssemblies\Unity.Mathematics.dll
Symbol file LoadedFromMemory is not a mono symbol file
Symbol file data-0000020B104F6ED0 doesn't match image C:\Users\Hannah\OneDrive\Documents\GitHub\VR-Take2\My project (3)\Library\ScriptAssemblies\Unity.TextMeshPro.Editor.dll
Symbol file LoadedFromMemory is not a mono symbol file
Symbol file data-0000020AE0777010 doesn't match image C:\Users\Hannah\OneDrive\Documents\GitHub\VR-Take2\My project (3)\Library\ScriptAssemblies\Unity.XR.OpenXR.Features.RuntimeDebugger.Editor.dll
Symbol file LoadedFromMemory is not a mono symbol file
Symbol file data-0000020B1084BEE0 doesn't match image C:\Users\Hannah\OneDrive\Documents\GitHub\VR-Take2\My project (3)\Library\ScriptAssemblies\Unity.VisualScripting.State.dll
Symbol file LoadedFromMemory is not a mono symbol file
Symbol file data-0000020B0F32BBE0 doesn't match image C:\Users\Hannah\OneDrive\Documents\GitHub\VR-Take2\My project (3)\Library\ScriptAssemblies\Unity.InputSystem.TestFramework.dll
Symbol file LoadedFromMemory is not a mono symbol file
- Loaded All Assemblies, in  0.743 seconds
Refreshing native plugins compatible for Editor in 42.40 ms, found 12 plugins.
Native extension for WindowsStandalone target not found
[Package Manager] Server::EnsureServerProcessIsRunning -- launch failed, reason: Unity was launched with the -noUpm command-line argument
[Package Manager] UpmClient::Send -- Unable to send message (not connected to UPM process).
[Package Manager] Cannot connect to Unity Package Manager local server
[Package Manager] Server::EnsureServerProcessIsRunning -- launch failed, reason: Unity was launched with the -noUpm command-line argument
[Package Manager] UpmClient::Send -- Unable to send message (not connected to UPM process).
[Package Manager] Cannot connect to Unity Package Manager local server
System.Reflection.TargetInvocationException: Exception has been thrown by the target of an invocation. ---> System.NullReferenceException: Object reference not set to an instance of an object
  at Unity.XR.Oculus.OculusLoader.AssetPathToAbsolutePath (System.String assetPath) [0x00043] in <f59bc2876185435abbc66772e54c8338>:0 
  at Unity.XR.Oculus.OculusLoader.EditorLoadOVRPlugin () [0x0007b] in <f59bc2876185435abbc66772e54c8338>:0 
  at (wrapper managed-to-native) System.Reflection.RuntimeMethodInfo.InternalInvoke(System.Reflection.RuntimeMethodInfo,object,object[],System.Exception&)
  at System.Reflection.RuntimeMethodInfo.Invoke (System.Object obj, System.Reflection.BindingFlags invokeAttr, System.Reflection.Binder binder, System.Object[] parameters, System.Globalization.CultureInfo culture) [0x0006a] in <787acc3c9a4c471ba7d971300105af24>:0 
   --- End of inner exception stack trace ---
  at System.Reflection.RuntimeMethodInfo.Invoke (System.Object obj, System.Reflection.BindingFlags invokeAttr, System.Reflection.Binder binder, System.Object[] parameters, System.Globalization.CultureInfo culture) [0x00083] in <787acc3c9a4c471ba7d971300105af24>:0 
  at System.Reflection.MethodBase.Invoke (System.Object obj, System.Object[] parameters) [0x00000] in <787acc3c9a4c471ba7d971300105af24>:0 
  at UnityEditor.EditorAssemblies.ProcessInitializeOnLoadMethodAttributes () [0x000a5] in <fe7039efe678478d9c83e73bc6a6566d>:0 
UnityEngine.StackTraceUtility:ExtractStackTrace ()
UnityEngine.DebugLogHandler:LogFormat (UnityEngine.LogType,UnityEngine.Object,string,object[])
UnityEngine.Logger:Log (UnityEngine.LogType,object)
UnityEngine.Debug:LogError (object)
UnityEditor.EditorAssemblies:ProcessInitializeOnLoadMethodAttributes ()

Mono: successfully reloaded assembly
[Package Manager] Server::EnsureServerProcessIsRunning -- launch failed, reason: Unity was launched with the -noUpm command-line argument
[Package Manager] UpmClient::Send -- Unable to send message (not connected to UPM process).
[Package Manager] Cannot connect to Unity Package Manager local server
- Finished resetting the current domain, in  2.130 seconds
Domain Reload Profiling: 2871ms
	BeginReloadAssembly (236ms)
		ExecutionOrderSort (0ms)
		DisableScriptedObjects (5ms)
		BackupInstance (0ms)
		ReleaseScriptingObjects (0ms)
		CreateAndSetChildDomain (41ms)
	RebuildCommonClasses (38ms)
	RebuildNativeTypeToScriptingClass (13ms)
	initialDomainReloadingComplete (39ms)
	LoadAllAssembliesAndSetupDomain (415ms)
		LoadAssemblies (520ms)
		RebuildTransferFunctionScriptingTraits (0ms)
		AnalyzeDomain (46ms)
			TypeCache.Refresh (14ms)
				TypeCache.ScanAssembly (2ms)
			ScanForSourceGeneratedMonoScriptInfo (23ms)
			ResolveRequiredComponents (8ms)
	FinalizeReload (2131ms)
		ReleaseScriptCaches (0ms)
		RebuildScriptCaches (0ms)
		SetupLoadedEditorAssemblies (544ms)
			LogAssemblyErrors (0ms)
			InitializePlatformSupportModulesInManaged (6ms)
			SetLoadedEditorAssemblies (4ms)
			RefreshPlugins (0ms)
			BeforeProcessingInitializeOnLoad (91ms)
			ProcessInitializeOnLoadAttributes (394ms)
			ProcessInitializeOnLoadMethodAttributes (44ms)
			AfterProcessingInitializeOnLoad (5ms)
			EditorAssembliesLoaded (0ms)
		ExecutionOrderSort2 (0ms)
		AwakeInstancesAfterBackupRestoration (9ms)
Refreshing native plugins compatible for Editor in 44.80 ms, found 12 plugins.
Preloading 1 native plugins for Editor in 0.64 ms.
Unloading 4794 Unused Serialized files (Serialized files now loaded: 0)
Unloading 56 unused Assets / (88.1 KB). Loaded Objects now: 5348.
Memory consumption went from 165.5 MB to 165.4 MB.
Total: 4.002000 ms (FindLiveObjects: 0.266900 ms CreateObjectMapping: 0.149500 ms MarkObjects: 3.444100 ms  DeleteObjects: 0.140400 ms)

Prepare: number of updated asset objects reloaded= 0
AssetImportParameters requested are different than current active one (requested -> active):
  custom:container-demuxer-ogg: 62fdf1f143b41e24485cea50d1cbac27 -> 
  custom:video-codec-MediaFoundation-h265: 746d11721c4dcdbdad8f713fa42b33f4 -> 
  custom:video-decoder-ogg-theora: a1e56fd34408186e4bbccfd4996cb3dc -> 
  custom:framework-win-MediaFoundation: 216162199b28c13a410421893ffa2e32 -> 
  custom:CustomObjectIndexerAttribute: 756ad292c208cfabdd7b50bc23989ffe -> 
  custom:container-demuxer-webm: 4f35f7cbe854078d1ac9338744f61a02 -> 
  custom:container-muxer-webm: aa71ff27fc2769a1b78a27578f13a17b -> 
  custom:video-decoder-webm-vp8: 9c59270c3fd7afecdb556c50c9e8de78 -> 
  custom:SearchIndexIgnoredProperties: e643bd26f0fe6173181afceb89e7c659 -> 
  custom:AudioImporter_EditorPlatform: d09bf68614088b80899f8185d706f6e7 -> 
  custom:video-encoder-webm-vp8: eb34c28f22e8b96e1ab97ce403110664 -> 
  custom:audio-decoder-ogg-vorbis: bf7c407c2cedff20999df2af8eb42d56 -> 
  custom:audio-encoder-webm-vorbis: bf7c407c2cedff20999df2af8eb42d56 -> 
========================================================================
Received Import Request.
  Time since last request: 1063428.870323 seconds.
  path: Assets/Scripts/ObjectiveInterfaceController.cs
  artifactKey: Guid(5577a8a6bc308b1428703565e8cb5313) Importer(815301076,1909f56bfc062723c751e8b465ee728b)
Start importing Assets/Scripts/ObjectiveInterfaceController.cs using Guid(5577a8a6bc308b1428703565e8cb5313) Importer(815301076,1909f56bfc062723c751e8b465ee728b)  -> (artifact id: 'ec949284cca457184b46816fbdfc4d9a') in 0.002903 seconds
Number of updated asset objects reloaded before import = 0
Number of asset objects unloaded after import = 0
========================================================================
Received Prepare
Begin MonoManager ReloadAssembly
Symbol file data-0000020B0F6A9940 doesn't match image C:\Users\Hannah\OneDrive\Documents\GitHub\VR-Take2\My project (3)\Library\ScriptAssemblies\Unity.XR.OpenXR.Features.MetaQuestSupport.Editor.dll
Symbol file LoadedFromMemory is not a mono symbol file
Symbol file data-0000020B0FC220F0 doesn't match image C:\Users\Hannah\OneDrive\Documents\GitHub\VR-Take2\My project (3)\Library\ScriptAssemblies\Unity.XR.Management.dll
Symbol file LoadedFromMemory is not a mono symbol file
Symbol file data-0000020B107FE0B0 doesn't match image C:\Users\Hannah\OneDrive\Documents\GitHub\VR-Take2\My project (3)\Library\ScriptAssemblies\Unity.XR.Interaction.Toolkit.Editor.dll
Symbol file LoadedFromMemory is not a mono symbol file
Symbol file data-0000020B039C7930 doesn't match image C:\Users\Hannah\OneDrive\Documents\GitHub\VR-Take2\My project (3)\Library\ScriptAssemblies\Unity.ProBuilder.Stl.dll
Symbol file LoadedFromMemory is not a mono symbol file
Symbol file data-0000020B106AF9B0 doesn't match image C:\Users\Hannah\OneDrive\Documents\GitHub\VR-Take2\My project (3)\Library\ScriptAssemblies\Unity.ProBuilder.AddOns.Editor.dll
Symbol file LoadedFromMemory is not a mono symbol file
Symbol file data-0000020AE0E2C920 doesn't match image C:\Users\Hannah\OneDrive\Documents\GitHub\VR-Take2\My project (3)\Library\ScriptAssemblies\Unity.Rider.Editor.dll
Symbol file LoadedFromMemory is not a mono symbol file
Symbol file data-0000020B1098BB10 doesn't match image C:\Users\Hannah\OneDrive\Documents\GitHub\VR-Take2\My project (3)\Library\ScriptAssemblies\Unity.XR.OpenXR.Features.ConformanceAutomation.dll
Symbol file LoadedFromMemory is not a mono symbol file
Symbol file data-0000020B0F193DF0 doesn't match image C:\Users\Hannah\OneDrive\Documents\GitHub\VR-Take2\My project (3)\Library\ScriptAssemblies\Unity.XR.OpenXR.Features.OculusQuestSupport.Editor.dll
Symbol file LoadedFromMemory is not a mono symbol file
Symbol file data-0000020B0F81BCE0 doesn't match image C:\Users\Hannah\OneDrive\Documents\GitHub\VR-Take2\My project (3)\Library\ScriptAssemblies\Unity.ProBuilder.Csg.dll
Symbol file LoadedFromMemory is not a mono symbol file
Symbol file data-0000020B0F3139D0 doesn't match image C:\Users\Hannah\OneDrive\Documents\GitHub\VR-Take2\My project (3)\Library\ScriptAssemblies\UnityEditor.TestRunner.dll
Symbol file LoadedFromMemory is not a mono symbol file
Symbol file data-0000020AE0CD29E0 doesn't match image C:\Users\Hannah\OneDrive\Documents\GitHub\VR-Take2\My project (3)\Library\ScriptAssemblies\Unity.VisualScripting.Flow.dll
Symbol file LoadedFromMemory is not a mono symbol file
Symbol file data-0000020B0FF607C0 doesn't match image C:\Users\Hannah\OneDrive\Documents\GitHub\VR-Take2\My project (3)\Library\ScriptAssemblies\Unity.Mathematics.Editor.dll
Symbol file LoadedFromMemory is not a mono symbol file
Symbol file data-0000020B0F6A9940 doesn't match image C:\Users\Hannah\OneDrive\Documents\GitHub\VR-Take2\My project (3)\Library\ScriptAssemblies\Unity.XR.OpenXR.Features.MockRuntime.dll
Symbol file LoadedFromMemory is not a mono symbol file
Symbol file data-0000020B0F16E8E0 doesn't match image C:\Users\Hannah\OneDrive\Documents\GitHub\VR-Take2\My project (3)\Library\ScriptAssemblies\Unity.XR.CoreUtils.dll
Symbol file LoadedFromMemory is not a mono symbol file
Symbol file data-0000020B039C7930 doesn't match image C:\Users\Hannah\OneDrive\Documents\GitHub\VR-Take2\My project (3)\Library\ScriptAssemblies\Unity.TestTools.CodeCoverage.Editor.OpenCover.Mono.Reflection.dll
Symbol file LoadedFromMemory is not a mono symbol file
Symbol file data-0000020B0FF251E0 doesn't match image C:\Users\Hannah\OneDrive\Documents\GitHub\VR-Take2\My project (3)\Library\ScriptAssemblies\Unity.XR.OpenXR.dll
Symbol file LoadedFromMemory is not a mono symbol file
Symbol file data-0000020B10873020 doesn't match image C:\Users\Hannah\OneDrive\Documents\GitHub\VR-Take2\My project (3)\Library\ScriptAssemblies\Unity.XR.OpenXR.Features.MetaQuestSupport.dll
Symbol file LoadedFromMemory is not a mono symbol file
Symbol file data-0000020B0FD62880 doesn't match image C:\Users\Hannah\OneDrive\Documents\GitHub\VR-Take2\My project (3)\Library\ScriptAssemblies\Unity.Performance.Profile-Analyzer.Editor.dll
Symbol file LoadedFromMemory is not a mono symbol file
Symbol file data-0000020B0FA52850 doesn't match image C:\Users\Hannah\OneDrive\Documents\GitHub\VR-Take2\My project (3)\Library\ScriptAssemblies\Unity.TestTools.CodeCoverage.Editor.dll
Symbol file LoadedFromMemory is not a mono symbol file
Symbol file data-0000020B03D93AD0 doesn't match image C:\Users\Hannah\OneDrive\Documents\GitHub\VR-Take2\My project (3)\Library\ScriptAssemblies\Unity.XR.Management.Editor.dll
Symbol file LoadedFromMemory is not a mono symbol file
Symbol file data-0000020B104D2880 doesn't match image C:\Users\Hannah\OneDrive\Documents\GitHub\VR-Take2\My project (3)\Library\ScriptAssemblies\Unity.ProBuilder.Poly2Tri.dll
Symbol file LoadedFromMemory is not a mono symbol file
Symbol file data-0000020B0F06D6E0 doesn't match image C:\Users\Hannah\OneDrive\Documents\GitHub\VR-Take2\My project (3)\Library\ScriptAssemblies\Unity.Settings.Editor.dll
Symbol file LoadedFromMemory is not a mono symbol file
Symbol file data-0000020B0F3AC8D0 doesn't match image C:\Users\Hannah\OneDrive\Documents\GitHub\VR-Take2\My project (3)\Library\ScriptAssemblies\Unity.XR.CoreUtils.Editor.dll
Symbol file LoadedFromMemory is not a mono symbol file
Symbol file data-0000020B0F4A70F0 doesn't match image C:\Users\Hannah\OneDrive\Documents\GitHub\VR-Take2\My project (3)\Library\ScriptAssemblies\Unity.TextMeshPro.dll
Symbol file LoadedFromMemory is not a mono symbol file
Symbol file data-0000020B10420CB0 doesn't match image C:\Users\Hannah\OneDrive\Documents\GitHub\VR-Take2\My project (3)\Library\ScriptAssemblies\Unity.ProBuilder.AssetIdRemapUtility.dll
Symbol file LoadedFromMemory is not a mono symbol file
Symbol file data-0000020B102A8F20 doesn't match image C:\Users\Hannah\OneDrive\Documents\GitHub\VR-Take2\My project (3)\Library\ScriptAssemblies\Unity.VSCode.Editor.dll
Symbol file LoadedFromMemory is not a mono symbol file
Symbol file data-0000020B0ED3B450 doesn't match image C:\Users\Hannah\OneDrive\Documents\GitHub\VR-Take2\My project (3)\Library\ScriptAssemblies\Unity.XR.OpenXR.Features.OculusQuestSupport.dll
Symbol file LoadedFromMemory is not a mono symbol file
Symbol file data-0000020B1030CFE0 doesn't match image C:\Users\Hannah\OneDrive\Documents\GitHub\VR-Take2\My project (3)\Library\ScriptAssemblies\Unity.XR.Oculus.Editor.dll
Symbol file LoadedFromMemory is not a mono symbol file
Symbol file data-0000020B10B90080 doesn't match image C:\Users\Hannah\OneDrive\Documents\GitHub\VR-Take2\My project (3)\Library\ScriptAssemblies\Unity.XR.Interaction.Toolkit.dll
Symbol file LoadedFromMemory is not a mono symbol file
Symbol file data-0000020B039C7930 doesn't match image C:\Users\Hannah\OneDrive\Documents\GitHub\VR-Take2\My project (3)\Library\ScriptAssemblies\Unity.XR.OpenXR.Features.RuntimeDebugger.dll
Symbol file LoadedFromMemory is not a mono symbol file
Symbol file data-0000020B0F6A9940 doesn't match image C:\Users\Hannah\OneDrive\Documents\GitHub\VR-Take2\My project (3)\Library\ScriptAssemblies\Unity.EditorCoroutines.Editor.dll
Symbol file LoadedFromMemory is not a mono symbol file
Symbol file data-0000020AE0675010 doesn't match image C:\Users\Hannah\OneDrive\Documents\GitHub\VR-Take2\My project (3)\Library\ScriptAssemblies\UnityEngine.XR.LegacyInputHelpers.dll
Symbol file LoadedFromMemory is not a mono symbol file
Symbol file data-0000020B0CB94040 doesn't match image C:\Users\Hannah\OneDrive\Documents\GitHub\VR-Take2\My project (3)\Library\ScriptAssemblies\Unity.PlasticSCM.Editor.dll
Symbol file LoadedFromMemory is not a mono symbol file
Symbol file data-0000020B0F4A70F0 doesn't match image C:\Users\Hannah\OneDrive\Documents\GitHub\VR-Take2\My project (3)\Library\ScriptAssemblies\Unity.ProBuilder.dll
Symbol file LoadedFromMemory is not a mono symbol file
Symbol file data-0000020B10B0B280 doesn't match image C:\Users\Hannah\OneDrive\Documents\GitHub\VR-Take2\My project (3)\Library\ScriptAssemblies\Unity.Timeline.Editor.dll
Symbol file LoadedFromMemory is not a mono symbol file
Symbol file data-0000020B0F5AB4E0 doesn't match image C:\Users\Hannah\OneDrive\Documents\GitHub\VR-Take2\My project (3)\Library\ScriptAssemblies\Unity.VisualScripting.Shared.Editor.dll
Symbol file LoadedFromMemory is not a mono symbol file
Symbol file data-0000020B0ED3B450 doesn't match image C:\Users\Hannah\OneDrive\Documents\GitHub\VR-Take2\My project (3)\Library\ScriptAssemblies\Unity.CollabProxy.Editor.dll
Symbol file LoadedFromMemory is not a mono symbol file
Symbol file data-0000020B10873020 doesn't match image C:\Users\Hannah\OneDrive\Documents\GitHub\VR-Take2\My project (3)\Library\ScriptAssemblies\UnityEditor.SpatialTracking.dll
Symbol file LoadedFromMemory is not a mono symbol file
Symbol file data-0000020B106BED60 doesn't match image C:\Users\Hannah\OneDrive\Documents\GitHub\VR-Take2\My project (3)\Library\ScriptAssemblies\Unity.VisualStudio.Editor.dll
Symbol file LoadedFromMemory is not a mono symbol file
Symbol file data-0000020B106BED60 doesn't match image C:\Users\Hannah\OneDrive\Documents\GitHub\VR-Take2\My project (3)\Library\ScriptAssemblies\UnityEditor.UI.dll
Symbol file LoadedFromMemory is not a mono symbol file
Symbol file data-0000020B0CB94040 doesn't match image C:\Users\Hannah\OneDrive\Documents\GitHub\VR-Take2\My project (3)\Library\ScriptAssemblies\Unity.VisualScripting.Core.dll
Symbol file LoadedFromMemory is not a mono symbol file
Symbol file data-0000020B0F6A9940 doesn't match image C:\Users\Hannah\OneDrive\Documents\GitHub\VR-Take2\My project (3)\Library\ScriptAssemblies\UnityEngine.SpatialTracking.dll
Symbol file LoadedFromMemory is not a mono symbol file
Symbol file data-0000020B10E56960 doesn't match image C:\Users\Hannah\OneDrive\Documents\GitHub\VR-Take2\My project (3)\Library\ScriptAssemblies\Unity.VisualScripting.Core.Editor.dll
Symbol file LoadedFromMemory is not a mono symbol file
Symbol file data-0000020B0D29A050 doesn't match image C:\Users\Hannah\OneDrive\Documents\GitHub\VR-Take2\My project (3)\Library\ScriptAssemblies\UnityEngine.UI.dll
Symbol file LoadedFromMemory is not a mono symbol file
Symbol file data-0000020B039C7930 doesn't match image C:\Users\Hannah\OneDrive\Documents\GitHub\VR-Take2\My project (3)\Library\ScriptAssemblies\UnityEditor.XR.LegacyInputHelpers.dll
Symbol file LoadedFromMemory is not a mono symbol file
Symbol file data-0000020B0FD62880 doesn't match image C:\Users\Hannah\OneDrive\Documents\GitHub\VR-Take2\My project (3)\Library\ScriptAssemblies\Unity.VisualScripting.Flow.Editor.dll
Symbol file LoadedFromMemory is not a mono symbol file
Symbol file data-0000020B0F48C0A0 doesn't match image C:\Users\Hannah\OneDrive\Documents\GitHub\VR-Take2\My project (3)\Library\ScriptAssemblies\Unity.Timeline.dll
Symbol file LoadedFromMemory is not a mono symbol file
Symbol file data-0000020ABD06BD70 doesn't match image C:\Users\Hannah\OneDrive\Documents\GitHub\VR-Take2\My project (3)\Library\ScriptAssemblies\Unity.InputSystem.dll
Symbol file LoadedFromMemory is not a mono symbol file
Symbol file data-0000020B0F3D9360 doesn't match image C:\Users\Hannah\OneDrive\Documents\GitHub\VR-Take2\My project (3)\Library\ScriptAssemblies\Unity.ProBuilder.Editor.dll
Symbol file LoadedFromMemory is not a mono symbol file
Symbol file data-0000020B106AF9B0 doesn't match image C:\Users\Hannah\OneDrive\Documents\GitHub\VR-Take2\My project (3)\Library\ScriptAssemblies\Unity.InputSystem.ForUI.dll
Symbol file LoadedFromMemory is not a mono symbol file
Symbol file data-0000020B0F06D6E0 doesn't match image C:\Users\Hannah\OneDrive\Documents\GitHub\VR-Take2\My project (3)\Library\ScriptAssemblies\Unity.XR.Oculus.dll
Symbol file LoadedFromMemory is not a mono symbol file
Symbol file data-0000020B0FF607C0 doesn't match image C:\Users\Hannah\OneDrive\Documents\GitHub\VR-Take2\My project (3)\Library\ScriptAssemblies\Unity.VisualScripting.SettingsProvider.Editor.dll
Symbol file LoadedFromMemory is not a mono symbol file
Symbol file data-0000020B0ED30DA0 doesn't match image C:\Users\Hannah\OneDrive\Documents\GitHub\VR-Take2\My project (3)\Library\ScriptAssemblies\Unity.XR.OpenXR.Editor.dll
Symbol file LoadedFromMemory is not a mono symbol file
Symbol file data-0000020B0FA69C50 doesn't match image C:\Users\Hannah\OneDrive\Documents\GitHub\VR-Take2\My project (3)\Library\ScriptAssemblies\Unity.TestTools.CodeCoverage.Editor.OpenCover.Model.dll
Symbol file LoadedFromMemory is not a mono symbol file
Symbol file data-0000020B0CECF8A0 doesn't match image C:\Users\Hannah\OneDrive\Documents\GitHub\VR-Take2\My project (3)\Library\ScriptAssemblies\UnityEngine.TestRunner.dll
Symbol file LoadedFromMemory is not a mono symbol file
Symbol file data-0000020B106BED60 doesn't match image C:\Users\Hannah\OneDrive\Documents\GitHub\VR-Take2\My project (3)\Library\ScriptAssemblies\Unity.VisualScripting.State.Editor.dll
Symbol file LoadedFromMemory is not a mono symbol file
Symbol file data-0000020B0EFF5770 doesn't match image C:\Users\Hannah\OneDrive\Documents\GitHub\VR-Take2\My project (3)\Library\ScriptAssemblies\Unity.ProBuilder.KdTree.dll
Symbol file LoadedFromMemory is not a mono symbol file
Symbol file data-0000020B10B0B280 doesn't match image C:\Users\Hannah\OneDrive\Documents\GitHub\VR-Take2\My project (3)\Library\ScriptAssemblies\Unity.Mathematics.dll
Symbol file LoadedFromMemory is not a mono symbol file
Symbol file data-0000020B02CF6020 doesn't match image C:\Users\Hannah\OneDrive\Documents\GitHub\VR-Take2\My project (3)\Library\ScriptAssemblies\Unity.TextMeshPro.Editor.dll
Symbol file LoadedFromMemory is not a mono symbol file
Symbol file data-0000020B10312D50 doesn't match image C:\Users\Hannah\OneDrive\Documents\GitHub\VR-Take2\My project (3)\Library\ScriptAssemblies\Unity.XR.OpenXR.Features.RuntimeDebugger.Editor.dll
Symbol file LoadedFromMemory is not a mono symbol file
Symbol file data-0000020B0EFC76D0 doesn't match image C:\Users\Hannah\OneDrive\Documents\GitHub\VR-Take2\My project (3)\Library\ScriptAssemblies\Unity.VisualScripting.State.dll
Symbol file LoadedFromMemory is not a mono symbol file
Symbol file data-0000020B0EFF5770 doesn't match image C:\Users\Hannah\OneDrive\Documents\GitHub\VR-Take2\My project (3)\Library\ScriptAssemblies\Unity.InputSystem.TestFramework.dll
Symbol file LoadedFromMemory is not a mono symbol file
- Loaded All Assemblies, in  0.775 seconds
Refreshing native plugins compatible for Editor in 34.53 ms, found 12 plugins.
Native extension for WindowsStandalone target not found
[Package Manager] Server::EnsureServerProcessIsRunning -- launch failed, reason: Unity was launched with the -noUpm command-line argument
[Package Manager] UpmClient::Send -- Unable to send message (not connected to UPM process).
[Package Manager] Cannot connect to Unity Package Manager local server
[Package Manager] Server::EnsureServerProcessIsRunning -- launch failed, reason: Unity was launched with the -noUpm command-line argument
[Package Manager] UpmClient::Send -- Unable to send message (not connected to UPM process).
[Package Manager] Cannot connect to Unity Package Manager local server
System.Reflection.TargetInvocationException: Exception has been thrown by the target of an invocation. ---> System.NullReferenceException: Object reference not set to an instance of an object
  at Unity.XR.Oculus.OculusLoader.AssetPathToAbsolutePath (System.String assetPath) [0x00043] in <f59bc2876185435abbc66772e54c8338>:0 
  at Unity.XR.Oculus.OculusLoader.EditorLoadOVRPlugin () [0x0007b] in <f59bc2876185435abbc66772e54c8338>:0 
  at (wrapper managed-to-native) System.Reflection.RuntimeMethodInfo.InternalInvoke(System.Reflection.RuntimeMethodInfo,object,object[],System.Exception&)
  at System.Reflection.RuntimeMethodInfo.Invoke (System.Object obj, System.Reflection.BindingFlags invokeAttr, System.Reflection.Binder binder, System.Object[] parameters, System.Globalization.CultureInfo culture) [0x0006a] in <787acc3c9a4c471ba7d971300105af24>:0 
   --- End of inner exception stack trace ---
  at System.Reflection.RuntimeMethodInfo.Invoke (System.Object obj, System.Reflection.BindingFlags invokeAttr, System.Reflection.Binder binder, System.Object[] parameters, System.Globalization.CultureInfo culture) [0x00083] in <787acc3c9a4c471ba7d971300105af24>:0 
  at System.Reflection.MethodBase.Invoke (System.Object obj, System.Object[] parameters) [0x00000] in <787acc3c9a4c471ba7d971300105af24>:0 
  at UnityEditor.EditorAssemblies.ProcessInitializeOnLoadMethodAttributes () [0x000a5] in <fe7039efe678478d9c83e73bc6a6566d>:0 
UnityEngine.StackTraceUtility:ExtractStackTrace ()
UnityEngine.DebugLogHandler:LogFormat (UnityEngine.LogType,UnityEngine.Object,string,object[])
UnityEngine.Logger:Log (UnityEngine.LogType,object)
UnityEngine.Debug:LogError (object)
UnityEditor.EditorAssemblies:ProcessInitializeOnLoadMethodAttributes ()

Mono: successfully reloaded assembly
[Package Manager] Server::EnsureServerProcessIsRunning -- launch failed, reason: Unity was launched with the -noUpm command-line argument
[Package Manager] UpmClient::Send -- Unable to send message (not connected to UPM process).
[Package Manager] Cannot connect to Unity Package Manager local server
- Finished resetting the current domain, in  3.664 seconds
Domain Reload Profiling: 4437ms
	BeginReloadAssembly (242ms)
		ExecutionOrderSort (0ms)
		DisableScriptedObjects (6ms)
		BackupInstance (0ms)
		ReleaseScriptingObjects (0ms)
		CreateAndSetChildDomain (53ms)
	RebuildCommonClasses (37ms)
	RebuildNativeTypeToScriptingClass (13ms)
	initialDomainReloadingComplete (37ms)
	LoadAllAssembliesAndSetupDomain (443ms)
		LoadAssemblies (531ms)
		RebuildTransferFunctionScriptingTraits (0ms)
		AnalyzeDomain (46ms)
			TypeCache.Refresh (14ms)
				TypeCache.ScanAssembly (2ms)
			ScanForSourceGeneratedMonoScriptInfo (23ms)
			ResolveRequiredComponents (8ms)
	FinalizeReload (3665ms)
		ReleaseScriptCaches (0ms)
		RebuildScriptCaches (0ms)
		SetupLoadedEditorAssemblies (649ms)
			LogAssemblyErrors (0ms)
			InitializePlatformSupportModulesInManaged (7ms)
			SetLoadedEditorAssemblies (6ms)
			RefreshPlugins (0ms)
			BeforeProcessingInitializeOnLoad (90ms)
			ProcessInitializeOnLoadAttributes (481ms)
			ProcessInitializeOnLoadMethodAttributes (59ms)
			AfterProcessingInitializeOnLoad (6ms)
			EditorAssembliesLoaded (0ms)
		ExecutionOrderSort2 (0ms)
		AwakeInstancesAfterBackupRestoration (11ms)
