Using pre-set license
Built from '2022.3/staging' branch; Version is '2022.3.10f1 (ff3792e53c62) revision 16725906'; Using compiler version '192829333'; Build Type 'Release'
OS: 'Windows 11  (10.0.22631) 64bit Core' Language: 'en' Physical Memory: 16077 MB
BatchMode: 1, IsHumanControllingUs: 0, StartBugReporterOnCrash: 0, Is64bit: 1, IsPro: 1

COMMAND LINE ARGUMENTS:
C:\Program Files\Unity\Hub\Editor\2022.3.10f1\Editor\Unity.exe
-adb2
-batchMode
-noUpm
-name
AssetImportWorker1
-projectPath
C:/Users/Hannah/OneDrive/Documents/GitHub/VR-Take2/My project (3)
-logFile
Logs/AssetImportWorker1.log
-srvPort
50218
Successfully changed project path to: C:/Users/Hannah/OneDrive/Documents/GitHub/VR-Take2/My project (3)
C:/Users/Hannah/OneDrive/Documents/GitHub/VR-Take2/My project (3)
[UnityMemory] Configuration Parameters - Can be set up in boot.config
    "memorysetup-bucket-allocator-granularity=16"
    "memorysetup-bucket-allocator-bucket-count=8"
    "memorysetup-bucket-allocator-block-size=33554432"
    "memorysetup-bucket-allocator-block-count=8"
    "memorysetup-main-allocator-block-size=16777216"
    "memorysetup-thread-allocator-block-size=16777216"
    "memorysetup-gfx-main-allocator-block-size=16777216"
    "memorysetup-gfx-thread-allocator-block-size=16777216"
    "memorysetup-cache-allocator-block-size=4194304"
    "memorysetup-typetree-allocator-block-size=2097152"
    "memorysetup-profiler-bucket-allocator-granularity=16"
    "memorysetup-profiler-bucket-allocator-bucket-count=8"
    "memorysetup-profiler-bucket-allocator-block-size=33554432"
    "memorysetup-profiler-bucket-allocator-block-count=8"
    "memorysetup-profiler-allocator-block-size=16777216"
    "memorysetup-profiler-editor-allocator-block-size=1048576"
    "memorysetup-temp-allocator-size-main=16777216"
    "memorysetup-job-temp-allocator-block-size=2097152"
    "memorysetup-job-temp-allocator-block-size-background=1048576"
    "memorysetup-job-temp-allocator-reduction-small-platforms=262144"
    "memorysetup-allocator-temp-initial-block-size-main=262144"
    "memorysetup-allocator-temp-initial-block-size-worker=262144"
    "memorysetup-temp-allocator-size-background-worker=32768"
    "memorysetup-temp-allocator-size-job-worker=262144"
    "memorysetup-temp-allocator-size-preload-manager=33554432"
    "memorysetup-temp-allocator-size-nav-mesh-worker=65536"
    "memorysetup-temp-allocator-size-audio-worker=65536"
    "memorysetup-temp-allocator-size-cloud-worker=32768"
    "memorysetup-temp-allocator-size-gi-baking-worker=262144"
    "memorysetup-temp-allocator-size-gfx=262144"
Player connection [41300] Host "[IP] 192.168.88.1 [Port] 0 [Flags] 2 [Guid] 3594126545 [EditorId] 3594126545 [Version] 1048832 [Id] WindowsEditor(7,DESKTOP-HN2RC4F) [Debug] 1 [PackageName] WindowsEditor [ProjectName] Editor" joined multi-casting on [225.0.0.222:54997]...

Player connection [41300] Host "[IP] 192.168.88.1 [Port] 0 [Flags] 2 [Guid] 3594126545 [EditorId] 3594126545 [Version] 1048832 [Id] WindowsEditor(7,DESKTOP-HN2RC4F) [Debug] 1 [PackageName] WindowsEditor [ProjectName] Editor" joined alternative multi-casting on [225.0.0.222:34997]...

[Physics::Module] Initialized MultithreadedJobDispatcher with 15 workers.
Refreshing native plugins compatible for Editor in 58.99 ms, found 12 plugins.
Preloading 1 native plugins for Editor in 148.46 ms.
Initialize engine version: 2022.3.10f1 (ff3792e53c62)
[Subsystems] Discovering subsystems at path C:/Program Files/Unity/Hub/Editor/2022.3.10f1/Editor/Data/Resources/UnitySubsystems
[Subsystems] Discovering subsystems at path C:/Users/Hannah/OneDrive/Documents/GitHub/VR-Take2/My project (3)/Assets
GfxDevice: creating device client; threaded=0; jobified=0
Direct3D:
    Version:  Direct3D 11.0 [level 11.1]
    Renderer: Intel(R) Iris(R) Xe Graphics (ID=0x46a6)
    Vendor:   Intel
    VRAM:     8038 MB
    Driver:   31.0.101.3962
Initialize mono
Mono path[0] = 'C:/Program Files/Unity/Hub/Editor/2022.3.10f1/Editor/Data/Managed'
Mono path[1] = 'C:/Program Files/Unity/Hub/Editor/2022.3.10f1/Editor/Data/MonoBleedingEdge/lib/mono/unityjit-win32'
Mono config path = 'C:/Program Files/Unity/Hub/Editor/2022.3.10f1/Editor/Data/MonoBleedingEdge/etc'
Using monoOptions --debugger-agent=transport=dt_socket,embedding=1,server=y,suspend=n,address=127.0.0.1:56648
Begin MonoManager ReloadAssembly
Registering precompiled unity dll's ...
Register platform support module: C:/Program Files/Unity/Hub/Editor/2022.3.10f1/Editor/Data/PlaybackEngines/WindowsStandaloneSupport/UnityEditor.WindowsStandalone.Extensions.dll
Registered in 0.008220 seconds.
- Loaded All Assemblies, in  0.497 seconds
Native extension for WindowsStandalone target not found
Mono: successfully reloaded assembly
- Finished resetting the current domain, in  0.323 seconds
Domain Reload Profiling: 819ms
	BeginReloadAssembly (177ms)
		ExecutionOrderSort (0ms)
		DisableScriptedObjects (0ms)
		BackupInstance (0ms)
		ReleaseScriptingObjects (0ms)
		CreateAndSetChildDomain (1ms)
	RebuildCommonClasses (43ms)
	RebuildNativeTypeToScriptingClass (14ms)
	initialDomainReloadingComplete (71ms)
	LoadAllAssembliesAndSetupDomain (190ms)
		LoadAssemblies (177ms)
		RebuildTransferFunctionScriptingTraits (0ms)
		AnalyzeDomain (187ms)
			TypeCache.Refresh (185ms)
				TypeCache.ScanAssembly (167ms)
			ScanForSourceGeneratedMonoScriptInfo (0ms)
			ResolveRequiredComponents (1ms)
	FinalizeReload (324ms)
		ReleaseScriptCaches (0ms)
		RebuildScriptCaches (0ms)
		SetupLoadedEditorAssemblies (246ms)
			LogAssemblyErrors (0ms)
			InitializePlatformSupportModulesInManaged (11ms)
			SetLoadedEditorAssemblies (12ms)
			RefreshPlugins (0ms)
			BeforeProcessingInitializeOnLoad (2ms)
			ProcessInitializeOnLoadAttributes (159ms)
			ProcessInitializeOnLoadMethodAttributes (62ms)
			AfterProcessingInitializeOnLoad (0ms)
			EditorAssembliesLoaded (0ms)
		ExecutionOrderSort2 (0ms)
		AwakeInstancesAfterBackupRestoration (0ms)
========================================================================
Worker process is ready to serve import requests
Begin MonoManager ReloadAssembly
Symbol file data-0000023796E47030 doesn't match image C:\Users\Hannah\OneDrive\Documents\GitHub\VR-Take2\My project (3)\Library\ScriptAssemblies\Unity.XR.OpenXR.Features.MetaQuestSupport.Editor.dll
Symbol file LoadedFromMemory is not a mono symbol file
Symbol file data-00000237964AE060 doesn't match image C:\Users\Hannah\OneDrive\Documents\GitHub\VR-Take2\My project (3)\Library\ScriptAssemblies\Unity.XR.Management.dll
Symbol file LoadedFromMemory is not a mono symbol file
Symbol file data-0000023796B48020 doesn't match image C:\Users\Hannah\OneDrive\Documents\GitHub\VR-Take2\My project (3)\Library\ScriptAssemblies\Unity.XR.Interaction.Toolkit.Editor.dll
Symbol file LoadedFromMemory is not a mono symbol file
Symbol file data-00000237964AE060 doesn't match image C:\Users\Hannah\OneDrive\Documents\GitHub\VR-Take2\My project (3)\Library\ScriptAssemblies\Unity.ProBuilder.Stl.dll
Symbol file LoadedFromMemory is not a mono symbol file
Symbol file data-00000237964AE060 doesn't match image C:\Users\Hannah\OneDrive\Documents\GitHub\VR-Take2\My project (3)\Library\ScriptAssemblies\Unity.ProBuilder.AddOns.Editor.dll
Symbol file LoadedFromMemory is not a mono symbol file
Symbol file data-0000023796B5DA30 doesn't match image C:\Users\Hannah\OneDrive\Documents\GitHub\VR-Take2\My project (3)\Library\ScriptAssemblies\Unity.Rider.Editor.dll
Symbol file LoadedFromMemory is not a mono symbol file
Symbol file data-00000237964AE060 doesn't match image C:\Users\Hannah\OneDrive\Documents\GitHub\VR-Take2\My project (3)\Library\ScriptAssemblies\Unity.XR.OpenXR.Features.ConformanceAutomation.dll
Symbol file LoadedFromMemory is not a mono symbol file
Symbol file data-00000237964AE060 doesn't match image C:\Users\Hannah\OneDrive\Documents\GitHub\VR-Take2\My project (3)\Library\ScriptAssemblies\Unity.XR.OpenXR.Features.OculusQuestSupport.Editor.dll
Symbol file LoadedFromMemory is not a mono symbol file
Symbol file data-0000023796B5DA30 doesn't match image C:\Users\Hannah\OneDrive\Documents\GitHub\VR-Take2\My project (3)\Library\ScriptAssemblies\Unity.ProBuilder.Csg.dll
Symbol file LoadedFromMemory is not a mono symbol file
Symbol file data-0000023796B5DA30 doesn't match image C:\Users\Hannah\OneDrive\Documents\GitHub\VR-Take2\My project (3)\Library\ScriptAssemblies\UnityEditor.TestRunner.dll
Symbol file LoadedFromMemory is not a mono symbol file
Symbol file data-0000023796B5DA30 doesn't match image C:\Users\Hannah\OneDrive\Documents\GitHub\VR-Take2\My project (3)\Library\ScriptAssemblies\Unity.VisualScripting.Flow.dll
Symbol file LoadedFromMemory is not a mono symbol file
Symbol file data-00000237743DE050 doesn't match image C:\Users\Hannah\OneDrive\Documents\GitHub\VR-Take2\My project (3)\Library\ScriptAssemblies\Unity.Mathematics.Editor.dll
Symbol file LoadedFromMemory is not a mono symbol file
Symbol file data-00000237743E1A60 doesn't match image C:\Users\Hannah\OneDrive\Documents\GitHub\VR-Take2\My project (3)\Library\ScriptAssemblies\Unity.XR.OpenXR.Features.MockRuntime.dll
Symbol file LoadedFromMemory is not a mono symbol file
Symbol file data-0000023796B5DA30 doesn't match image C:\Users\Hannah\OneDrive\Documents\GitHub\VR-Take2\My project (3)\Library\ScriptAssemblies\Unity.XR.CoreUtils.dll
Symbol file LoadedFromMemory is not a mono symbol file
Symbol file data-00000237966CCE60 doesn't match image C:\Users\Hannah\OneDrive\Documents\GitHub\VR-Take2\My project (3)\Library\ScriptAssemblies\Unity.TestTools.CodeCoverage.Editor.OpenCover.Mono.Reflection.dll
Symbol file LoadedFromMemory is not a mono symbol file
Symbol file data-00000237749B0D60 doesn't match image C:\Users\Hannah\OneDrive\Documents\GitHub\VR-Take2\My project (3)\Library\ScriptAssemblies\Unity.XR.OpenXR.dll
Symbol file LoadedFromMemory is not a mono symbol file
Symbol file data-0000023796B8A050 doesn't match image C:\Users\Hannah\OneDrive\Documents\GitHub\VR-Take2\My project (3)\Library\ScriptAssemblies\Unity.XR.OpenXR.Features.MetaQuestSupport.dll
Symbol file LoadedFromMemory is not a mono symbol file
Symbol file data-0000023797A2F020 doesn't match image C:\Users\Hannah\OneDrive\Documents\GitHub\VR-Take2\My project (3)\Library\ScriptAssemblies\Unity.Performance.Profile-Analyzer.Editor.dll
Symbol file LoadedFromMemory is not a mono symbol file
Symbol file data-00000237749F2170 doesn't match image C:\Users\Hannah\OneDrive\Documents\GitHub\VR-Take2\My project (3)\Library\ScriptAssemblies\Unity.TestTools.CodeCoverage.Editor.dll
Symbol file LoadedFromMemory is not a mono symbol file
Symbol file data-0000023797A50230 doesn't match image C:\Users\Hannah\OneDrive\Documents\GitHub\VR-Take2\My project (3)\Library\ScriptAssemblies\Unity.XR.Management.Editor.dll
Symbol file LoadedFromMemory is not a mono symbol file
Symbol file data-0000023797A59E40 doesn't match image C:\Users\Hannah\OneDrive\Documents\GitHub\VR-Take2\My project (3)\Library\ScriptAssemblies\Unity.ProBuilder.Poly2Tri.dll
Symbol file LoadedFromMemory is not a mono symbol file
Symbol file data-0000023797A64250 doesn't match image C:\Users\Hannah\OneDrive\Documents\GitHub\VR-Take2\My project (3)\Library\ScriptAssemblies\Unity.Settings.Editor.dll
Symbol file LoadedFromMemory is not a mono symbol file
Symbol file data-0000023797A70860 doesn't match image C:\Users\Hannah\OneDrive\Documents\GitHub\VR-Take2\My project (3)\Library\ScriptAssemblies\Unity.XR.CoreUtils.Editor.dll
Symbol file LoadedFromMemory is not a mono symbol file
Symbol file data-0000023750FF6020 doesn't match image C:\Users\Hannah\OneDrive\Documents\GitHub\VR-Take2\My project (3)\Library\ScriptAssemblies\Unity.TextMeshPro.dll
Symbol file LoadedFromMemory is not a mono symbol file
Symbol file data-0000023797A79A70 doesn't match image C:\Users\Hannah\OneDrive\Documents\GitHub\VR-Take2\My project (3)\Library\ScriptAssemblies\Unity.ProBuilder.AssetIdRemapUtility.dll
Symbol file LoadedFromMemory is not a mono symbol file
Symbol file data-0000023797A85880 doesn't match image C:\Users\Hannah\OneDrive\Documents\GitHub\VR-Take2\My project (3)\Library\ScriptAssemblies\Unity.VSCode.Editor.dll
Symbol file LoadedFromMemory is not a mono symbol file
Symbol file data-0000023797A85880 doesn't match image C:\Users\Hannah\OneDrive\Documents\GitHub\VR-Take2\My project (3)\Library\ScriptAssemblies\Unity.XR.OpenXR.Features.OculusQuestSupport.dll
Symbol file LoadedFromMemory is not a mono symbol file
Symbol file data-0000023797A8B690 doesn't match image C:\Users\Hannah\OneDrive\Documents\GitHub\VR-Take2\My project (3)\Library\ScriptAssemblies\Unity.XR.Oculus.Editor.dll
Symbol file LoadedFromMemory is not a mono symbol file
Symbol file data-0000023750FF6020 doesn't match image C:\Users\Hannah\OneDrive\Documents\GitHub\VR-Take2\My project (3)\Library\ScriptAssemblies\Unity.XR.Interaction.Toolkit.dll
Symbol file LoadedFromMemory is not a mono symbol file
Symbol file data-0000023797A8B690 doesn't match image C:\Users\Hannah\OneDrive\Documents\GitHub\VR-Take2\My project (3)\Library\ScriptAssemblies\Unity.XR.OpenXR.Features.RuntimeDebugger.dll
Symbol file LoadedFromMemory is not a mono symbol file
Symbol file data-0000023797A8B690 doesn't match image C:\Users\Hannah\OneDrive\Documents\GitHub\VR-Take2\My project (3)\Library\ScriptAssemblies\Unity.EditorCoroutines.Editor.dll
Symbol file LoadedFromMemory is not a mono symbol file
Symbol file data-0000023796955440 doesn't match image C:\Users\Hannah\OneDrive\Documents\GitHub\VR-Take2\My project (3)\Library\ScriptAssemblies\UnityEngine.XR.LegacyInputHelpers.dll
Symbol file LoadedFromMemory is not a mono symbol file
Symbol file data-0000023750FF6020 doesn't match image C:\Users\Hannah\OneDrive\Documents\GitHub\VR-Take2\My project (3)\Library\ScriptAssemblies\Unity.PlasticSCM.Editor.dll
Symbol file LoadedFromMemory is not a mono symbol file
Symbol file data-0000023774B87E80 doesn't match image C:\Users\Hannah\OneDrive\Documents\GitHub\VR-Take2\My project (3)\Library\ScriptAssemblies\Unity.ProBuilder.dll
Symbol file LoadedFromMemory is not a mono symbol file
Symbol file data-0000023774B87E80 doesn't match image C:\Users\Hannah\OneDrive\Documents\GitHub\VR-Take2\My project (3)\Library\ScriptAssemblies\Unity.Timeline.Editor.dll
Symbol file LoadedFromMemory is not a mono symbol file
Symbol file data-0000023797A8B690 doesn't match image C:\Users\Hannah\OneDrive\Documents\GitHub\VR-Take2\My project (3)\Library\ScriptAssemblies\Unity.VisualScripting.Shared.Editor.dll
Symbol file LoadedFromMemory is not a mono symbol file
Symbol file data-0000023797A8B690 doesn't match image C:\Users\Hannah\OneDrive\Documents\GitHub\VR-Take2\My project (3)\Library\ScriptAssemblies\Unity.CollabProxy.Editor.dll
Symbol file LoadedFromMemory is not a mono symbol file
Symbol file data-0000023797A8B690 doesn't match image C:\Users\Hannah\OneDrive\Documents\GitHub\VR-Take2\My project (3)\Library\ScriptAssemblies\UnityEditor.SpatialTracking.dll
Symbol file LoadedFromMemory is not a mono symbol file
Symbol file data-0000023796955440 doesn't match image C:\Users\Hannah\OneDrive\Documents\GitHub\VR-Take2\My project (3)\Library\ScriptAssemblies\Unity.VisualStudio.Editor.dll
Symbol file LoadedFromMemory is not a mono symbol file
Symbol file data-0000023796955440 doesn't match image C:\Users\Hannah\OneDrive\Documents\GitHub\VR-Take2\My project (3)\Library\ScriptAssemblies\UnityEditor.UI.dll
Symbol file LoadedFromMemory is not a mono symbol file
Symbol file data-0000023774B9FC90 doesn't match image C:\Users\Hannah\OneDrive\Documents\GitHub\VR-Take2\My project (3)\Library\ScriptAssemblies\Unity.VisualScripting.Core.dll
Symbol file LoadedFromMemory is not a mono symbol file
Symbol file data-0000023751074440 doesn't match image C:\Users\Hannah\OneDrive\Documents\GitHub\VR-Take2\My project (3)\Library\ScriptAssemblies\UnityEngine.SpatialTracking.dll
Symbol file LoadedFromMemory is not a mono symbol file
Symbol file data-0000023774B9FC90 doesn't match image C:\Users\Hannah\OneDrive\Documents\GitHub\VR-Take2\My project (3)\Library\ScriptAssemblies\Unity.VisualScripting.Core.Editor.dll
Symbol file LoadedFromMemory is not a mono symbol file
Symbol file data-0000023774BE12A0 doesn't match image C:\Users\Hannah\OneDrive\Documents\GitHub\VR-Take2\My project (3)\Library\ScriptAssemblies\UnityEngine.UI.dll
Symbol file LoadedFromMemory is not a mono symbol file
Symbol file data-0000023796398E30 doesn't match image C:\Users\Hannah\OneDrive\Documents\GitHub\VR-Take2\My project (3)\Library\ScriptAssemblies\UnityEditor.XR.LegacyInputHelpers.dll
Symbol file LoadedFromMemory is not a mono symbol file
Symbol file data-0000023774BE12A0 doesn't match image C:\Users\Hannah\OneDrive\Documents\GitHub\VR-Take2\My project (3)\Library\ScriptAssemblies\Unity.VisualScripting.Flow.Editor.dll
Symbol file LoadedFromMemory is not a mono symbol file
Symbol file data-0000023796955440 doesn't match image C:\Users\Hannah\OneDrive\Documents\GitHub\VR-Take2\My project (3)\Library\ScriptAssemblies\Unity.Timeline.dll
Symbol file LoadedFromMemory is not a mono symbol file
Symbol file data-0000023796A40010 doesn't match image C:\Users\Hannah\OneDrive\Documents\GitHub\VR-Take2\My project (3)\Library\ScriptAssemblies\Unity.InputSystem.dll
Symbol file LoadedFromMemory is not a mono symbol file
Symbol file data-0000023751103420 doesn't match image C:\Users\Hannah\OneDrive\Documents\GitHub\VR-Take2\My project (3)\Library\ScriptAssemblies\Unity.ProBuilder.Editor.dll
Symbol file LoadedFromMemory is not a mono symbol file
Symbol file data-0000023796AC8C20 doesn't match image C:\Users\Hannah\OneDrive\Documents\GitHub\VR-Take2\My project (3)\Library\ScriptAssemblies\Unity.InputSystem.ForUI.dll
Symbol file LoadedFromMemory is not a mono symbol file
Symbol file data-0000023796398E30 doesn't match image C:\Users\Hannah\OneDrive\Documents\GitHub\VR-Take2\My project (3)\Library\ScriptAssemblies\Unity.XR.Oculus.dll
Symbol file LoadedFromMemory is not a mono symbol file
Symbol file data-0000023796398E30 doesn't match image C:\Users\Hannah\OneDrive\Documents\GitHub\VR-Take2\My project (3)\Library\ScriptAssemblies\Unity.VisualScripting.SettingsProvider.Editor.dll
Symbol file LoadedFromMemory is not a mono symbol file
Symbol file data-0000023751122840 doesn't match image C:\Users\Hannah\OneDrive\Documents\GitHub\VR-Take2\My project (3)\Library\ScriptAssemblies\Unity.XR.OpenXR.Editor.dll
Symbol file LoadedFromMemory is not a mono symbol file
Symbol file data-0000023751122840 doesn't match image C:\Users\Hannah\OneDrive\Documents\GitHub\VR-Take2\My project (3)\Library\ScriptAssemblies\Unity.TestTools.CodeCoverage.Editor.OpenCover.Model.dll
Symbol file LoadedFromMemory is not a mono symbol file
Symbol file data-0000023774AE9D70 doesn't match image C:\Users\Hannah\OneDrive\Documents\GitHub\VR-Take2\My project (3)\Library\ScriptAssemblies\UnityEngine.TestRunner.dll
Symbol file LoadedFromMemory is not a mono symbol file
Symbol file data-000002375112FD60 doesn't match image C:\Users\Hannah\OneDrive\Documents\GitHub\VR-Take2\My project (3)\Library\ScriptAssemblies\Unity.VisualScripting.State.Editor.dll
Symbol file LoadedFromMemory is not a mono symbol file
Symbol file data-0000023751134F70 doesn't match image C:\Users\Hannah\OneDrive\Documents\GitHub\VR-Take2\My project (3)\Library\ScriptAssemblies\Unity.ProBuilder.KdTree.dll
Symbol file LoadedFromMemory is not a mono symbol file
Symbol file data-0000023774B02580 doesn't match image C:\Users\Hannah\OneDrive\Documents\GitHub\VR-Take2\My project (3)\Library\ScriptAssemblies\Unity.Mathematics.dll
Symbol file LoadedFromMemory is not a mono symbol file
Symbol file data-0000023796CF5820 doesn't match image C:\Users\Hannah\OneDrive\Documents\GitHub\VR-Take2\My project (3)\Library\ScriptAssemblies\Unity.TextMeshPro.Editor.dll
Symbol file LoadedFromMemory is not a mono symbol file
Symbol file data-0000023751138580 doesn't match image C:\Users\Hannah\OneDrive\Documents\GitHub\VR-Take2\My project (3)\Library\ScriptAssemblies\Unity.XR.OpenXR.Features.RuntimeDebugger.Editor.dll
Symbol file LoadedFromMemory is not a mono symbol file
Symbol file data-0000023796CFD830 doesn't match image C:\Users\Hannah\OneDrive\Documents\GitHub\VR-Take2\My project (3)\Library\ScriptAssemblies\Unity.VisualScripting.State.dll
Symbol file LoadedFromMemory is not a mono symbol file
Symbol file data-0000023796D08240 doesn't match image C:\Users\Hannah\OneDrive\Documents\GitHub\VR-Take2\My project (3)\Library\ScriptAssemblies\Unity.InputSystem.TestFramework.dll
Symbol file LoadedFromMemory is not a mono symbol file
- Loaded All Assemblies, in  1.044 seconds
Refreshing native plugins compatible for Editor in 35.83 ms, found 12 plugins.
Native extension for WindowsStandalone target not found
Package Manager log level set to [2]
[Package Manager] Server::EnsureServerProcessIsRunning -- launch failed, reason: Unity was launched with the -noUpm command-line argument
[Package Manager] UpmClient::Send -- Unable to send message (not connected to UPM process).
[Package Manager] Cannot connect to Unity Package Manager local server
[Package Manager] Server::EnsureServerProcessIsRunning -- launch failed, reason: Unity was launched with the -noUpm command-line argument
[Package Manager] UpmClient::Send -- Unable to send message (not connected to UPM process).
[Package Manager] Cannot connect to Unity Package Manager local server
System.Reflection.TargetInvocationException: Exception has been thrown by the target of an invocation. ---> System.NullReferenceException: Object reference not set to an instance of an object
  at Unity.XR.Oculus.OculusLoader.AssetPathToAbsolutePath (System.String assetPath) [0x00043] in <f59bc2876185435abbc66772e54c8338>:0 
  at Unity.XR.Oculus.OculusLoader.EditorLoadOVRPlugin () [0x0007b] in <f59bc2876185435abbc66772e54c8338>:0 
  at (wrapper managed-to-native) System.Reflection.RuntimeMethodInfo.InternalInvoke(System.Reflection.RuntimeMethodInfo,object,object[],System.Exception&)
  at System.Reflection.RuntimeMethodInfo.Invoke (System.Object obj, System.Reflection.BindingFlags invokeAttr, System.Reflection.Binder binder, System.Object[] parameters, System.Globalization.CultureInfo culture) [0x0006a] in <787acc3c9a4c471ba7d971300105af24>:0 
   --- End of inner exception stack trace ---
  at System.Reflection.RuntimeMethodInfo.Invoke (System.Object obj, System.Reflection.BindingFlags invokeAttr, System.Reflection.Binder binder, System.Object[] parameters, System.Globalization.CultureInfo culture) [0x00083] in <787acc3c9a4c471ba7d971300105af24>:0 
  at System.Reflection.MethodBase.Invoke (System.Object obj, System.Object[] parameters) [0x00000] in <787acc3c9a4c471ba7d971300105af24>:0 
  at UnityEditor.EditorAssemblies.ProcessInitializeOnLoadMethodAttributes () [0x000a5] in <fe7039efe678478d9c83e73bc6a6566d>:0 
UnityEngine.StackTraceUtility:ExtractStackTrace ()
UnityEngine.DebugLogHandler:LogFormat (UnityEngine.LogType,UnityEngine.Object,string,object[])
UnityEngine.Logger:Log (UnityEngine.LogType,object)
UnityEngine.Debug:LogError (object)
UnityEditor.EditorAssemblies:ProcessInitializeOnLoadMethodAttributes ()

Mono: successfully reloaded assembly
[Package Manager] Server::EnsureServerProcessIsRunning -- launch failed, reason: Unity was launched with the -noUpm command-line argument
[Package Manager] UpmClient::Send -- Unable to send message (not connected to UPM process).
[Package Manager] Cannot connect to Unity Package Manager local server
[Package Manager] Server::EnsureServerProcessIsRunning -- launch failed, reason: Unity was launched with the -noUpm command-line argument
[Package Manager] UpmClient::Send -- Unable to send message (not connected to UPM process).
[Package Manager] Cannot connect to Unity Package Manager local server
- Finished resetting the current domain, in  0.992 seconds
Domain Reload Profiling: 2035ms
	BeginReloadAssembly (253ms)
		ExecutionOrderSort (0ms)
		DisableScriptedObjects (10ms)
		BackupInstance (0ms)
		ReleaseScriptingObjects (0ms)
		CreateAndSetChildDomain (24ms)
	RebuildCommonClasses (41ms)
	RebuildNativeTypeToScriptingClass (11ms)
	initialDomainReloadingComplete (52ms)
	LoadAllAssembliesAndSetupDomain (684ms)
		LoadAssemblies (595ms)
		RebuildTransferFunctionScriptingTraits (0ms)
		AnalyzeDomain (263ms)
			TypeCache.Refresh (224ms)
				TypeCache.ScanAssembly (202ms)
			ScanForSourceGeneratedMonoScriptInfo (30ms)
			ResolveRequiredComponents (7ms)
	FinalizeReload (993ms)
		ReleaseScriptCaches (0ms)
		RebuildScriptCaches (0ms)
		SetupLoadedEditorAssemblies (768ms)
			LogAssemblyErrors (0ms)
			InitializePlatformSupportModulesInManaged (6ms)
			SetLoadedEditorAssemblies (5ms)
			RefreshPlugins (0ms)
			BeforeProcessingInitializeOnLoad (100ms)
			ProcessInitializeOnLoadAttributes (582ms)
			ProcessInitializeOnLoadMethodAttributes (69ms)
			AfterProcessingInitializeOnLoad (5ms)
			EditorAssembliesLoaded (0ms)
		ExecutionOrderSort2 (0ms)
		AwakeInstancesAfterBackupRestoration (9ms)
Launched and connected shader compiler UnityShaderCompiler.exe after 0.11 seconds
Refreshing native plugins compatible for Editor in 44.23 ms, found 12 plugins.
Preloading 1 native plugins for Editor in 0.17 ms.
Unloading 4851 Unused Serialized files (Serialized files now loaded: 0)
Unloading 82 unused Assets / (115.6 KB). Loaded Objects now: 5345.
Memory consumption went from 175.0 MB to 174.9 MB.
Total: 6.258900 ms (FindLiveObjects: 0.423700 ms CreateObjectMapping: 0.313500 ms MarkObjects: 5.261200 ms  DeleteObjects: 0.258300 ms)

AssetImportParameters requested are different than current active one (requested -> active):
  custom:container-demuxer-ogg: 62fdf1f143b41e24485cea50d1cbac27 -> 
  custom:video-codec-MediaFoundation-h265: 746d11721c4dcdbdad8f713fa42b33f4 -> 
  custom:video-decoder-ogg-theora: a1e56fd34408186e4bbccfd4996cb3dc -> 
  custom:framework-win-MediaFoundation: 216162199b28c13a410421893ffa2e32 -> 
  custom:container-demuxer-webm: 4f35f7cbe854078d1ac9338744f61a02 -> 
  custom:container-muxer-webm: aa71ff27fc2769a1b78a27578f13a17b -> 
  custom:video-decoder-webm-vp8: 9c59270c3fd7afecdb556c50c9e8de78 -> 
  custom:AudioImporter_EditorPlatform: d09bf68614088b80899f8185d706f6e7 -> 
  custom:video-encoder-webm-vp8: eb34c28f22e8b96e1ab97ce403110664 -> 
  custom:audio-decoder-ogg-vorbis: bf7c407c2cedff20999df2af8eb42d56 -> 
  custom:audio-encoder-webm-vorbis: bf7c407c2cedff20999df2af8eb42d56 -> 
========================================================================
Received Prepare
Refreshing native plugins compatible for Editor in 44.41 ms, found 12 plugins.
Preloading 1 native plugins for Editor in 0.19 ms.
Unloading 2 Unused Serialized files (Serialized files now loaded: 0)
Unloading 3 unused Assets / (46.3 KB). Loaded Objects now: 5344.
Memory consumption went from 91.2 MB to 91.1 MB.
Total: 5.925600 ms (FindLiveObjects: 0.409700 ms CreateObjectMapping: 0.313800 ms MarkObjects: 5.052900 ms  DeleteObjects: 0.147300 ms)

Prepare: number of updated asset objects reloaded= 0
AssetImportParameters requested are different than current active one (requested -> active):
  custom:container-demuxer-ogg: 62fdf1f143b41e24485cea50d1cbac27 -> 
  custom:video-codec-MediaFoundation-h265: 746d11721c4dcdbdad8f713fa42b33f4 -> 
  custom:video-decoder-ogg-theora: a1e56fd34408186e4bbccfd4996cb3dc -> 
  custom:framework-win-MediaFoundation: 216162199b28c13a410421893ffa2e32 -> 
  custom:CustomObjectIndexerAttribute: 756ad292c208cfabdd7b50bc23989ffe -> 
  custom:container-demuxer-webm: 4f35f7cbe854078d1ac9338744f61a02 -> 
  custom:container-muxer-webm: aa71ff27fc2769a1b78a27578f13a17b -> 
  custom:video-decoder-webm-vp8: 9c59270c3fd7afecdb556c50c9e8de78 -> 
  custom:SearchIndexIgnoredProperties: e643bd26f0fe6173181afceb89e7c659 -> 
  custom:AudioImporter_EditorPlatform: d09bf68614088b80899f8185d706f6e7 -> 
  custom:video-encoder-webm-vp8: eb34c28f22e8b96e1ab97ce403110664 -> 
  custom:audio-decoder-ogg-vorbis: bf7c407c2cedff20999df2af8eb42d56 -> 
  custom:audio-encoder-webm-vorbis: bf7c407c2cedff20999df2af8eb42d56 -> 
========================================================================
Received Prepare
Begin MonoManager ReloadAssembly
Symbol file data-00000237A2D4D580 doesn't match image C:\Users\Hannah\OneDrive\Documents\GitHub\VR-Take2\My project (3)\Library\ScriptAssemblies\Unity.XR.OpenXR.Features.MetaQuestSupport.Editor.dll
Symbol file LoadedFromMemory is not a mono symbol file
Symbol file data-00000237A2484020 doesn't match image C:\Users\Hannah\OneDrive\Documents\GitHub\VR-Take2\My project (3)\Library\ScriptAssemblies\Unity.XR.Management.dll
Symbol file LoadedFromMemory is not a mono symbol file
Symbol file data-000002379809F020 doesn't match image C:\Users\Hannah\OneDrive\Documents\GitHub\VR-Take2\My project (3)\Library\ScriptAssemblies\Unity.XR.Interaction.Toolkit.Editor.dll
Symbol file LoadedFromMemory is not a mono symbol file
Symbol file data-0000023797B475E0 doesn't match image C:\Users\Hannah\OneDrive\Documents\GitHub\VR-Take2\My project (3)\Library\ScriptAssemblies\Unity.ProBuilder.Stl.dll
Symbol file LoadedFromMemory is not a mono symbol file
Symbol file data-00000237A341D9D0 doesn't match image C:\Users\Hannah\OneDrive\Documents\GitHub\VR-Take2\My project (3)\Library\ScriptAssemblies\Unity.ProBuilder.AddOns.Editor.dll
Symbol file LoadedFromMemory is not a mono symbol file
Symbol file data-00000237A380BD30 doesn't match image C:\Users\Hannah\OneDrive\Documents\GitHub\VR-Take2\My project (3)\Library\ScriptAssemblies\Unity.Rider.Editor.dll
Symbol file LoadedFromMemory is not a mono symbol file
Symbol file data-00000237A2DED0E0 doesn't match image C:\Users\Hannah\OneDrive\Documents\GitHub\VR-Take2\My project (3)\Library\ScriptAssemblies\Unity.XR.OpenXR.Features.ConformanceAutomation.dll
Symbol file LoadedFromMemory is not a mono symbol file
Symbol file data-00000237A2EC6D20 doesn't match image C:\Users\Hannah\OneDrive\Documents\GitHub\VR-Take2\My project (3)\Library\ScriptAssemblies\Unity.XR.OpenXR.Features.OculusQuestSupport.Editor.dll
Symbol file LoadedFromMemory is not a mono symbol file
Symbol file data-00000237A2F46340 doesn't match image C:\Users\Hannah\OneDrive\Documents\GitHub\VR-Take2\My project (3)\Library\ScriptAssemblies\Unity.ProBuilder.Csg.dll
Symbol file LoadedFromMemory is not a mono symbol file
Symbol file data-000002377491C870 doesn't match image C:\Users\Hannah\OneDrive\Documents\GitHub\VR-Take2\My project (3)\Library\ScriptAssemblies\UnityEditor.TestRunner.dll
Symbol file LoadedFromMemory is not a mono symbol file
Symbol file data-00000237A46F6010 doesn't match image C:\Users\Hannah\OneDrive\Documents\GitHub\VR-Take2\My project (3)\Library\ScriptAssemblies\Unity.VisualScripting.Flow.dll
Symbol file LoadedFromMemory is not a mono symbol file
Symbol file data-00000237A335DDE0 doesn't match image C:\Users\Hannah\OneDrive\Documents\GitHub\VR-Take2\My project (3)\Library\ScriptAssemblies\Unity.Mathematics.Editor.dll
Symbol file LoadedFromMemory is not a mono symbol file
Symbol file data-00000237A144D250 doesn't match image C:\Users\Hannah\OneDrive\Documents\GitHub\VR-Take2\My project (3)\Library\ScriptAssemblies\Unity.XR.OpenXR.Features.MockRuntime.dll
Symbol file LoadedFromMemory is not a mono symbol file
Symbol file data-00000237A44010E0 doesn't match image C:\Users\Hannah\OneDrive\Documents\GitHub\VR-Take2\My project (3)\Library\ScriptAssemblies\Unity.XR.CoreUtils.dll
Symbol file LoadedFromMemory is not a mono symbol file
Symbol file data-00000237A4136440 doesn't match image C:\Users\Hannah\OneDrive\Documents\GitHub\VR-Take2\My project (3)\Library\ScriptAssemblies\Unity.TestTools.CodeCoverage.Editor.OpenCover.Mono.Reflection.dll
Symbol file LoadedFromMemory is not a mono symbol file
Symbol file data-00000237A44010E0 doesn't match image C:\Users\Hannah\OneDrive\Documents\GitHub\VR-Take2\My project (3)\Library\ScriptAssemblies\Unity.XR.OpenXR.dll
Symbol file LoadedFromMemory is not a mono symbol file
Symbol file data-00000237A2DED0E0 doesn't match image C:\Users\Hannah\OneDrive\Documents\GitHub\VR-Take2\My project (3)\Library\ScriptAssemblies\Unity.XR.OpenXR.Features.MetaQuestSupport.dll
Symbol file LoadedFromMemory is not a mono symbol file
Symbol file data-00000237978CD020 doesn't match image C:\Users\Hannah\OneDrive\Documents\GitHub\VR-Take2\My project (3)\Library\ScriptAssemblies\Unity.Performance.Profile-Analyzer.Editor.dll
Symbol file LoadedFromMemory is not a mono symbol file
Symbol file data-00000237A3ECFEA0 doesn't match image C:\Users\Hannah\OneDrive\Documents\GitHub\VR-Take2\My project (3)\Library\ScriptAssemblies\Unity.TestTools.CodeCoverage.Editor.dll
Symbol file LoadedFromMemory is not a mono symbol file
Symbol file data-00000237964AA050 doesn't match image C:\Users\Hannah\OneDrive\Documents\GitHub\VR-Take2\My project (3)\Library\ScriptAssemblies\Unity.XR.Management.Editor.dll
Symbol file LoadedFromMemory is not a mono symbol file
Symbol file data-00000237A2A908F0 doesn't match image C:\Users\Hannah\OneDrive\Documents\GitHub\VR-Take2\My project (3)\Library\ScriptAssemblies\Unity.ProBuilder.Poly2Tri.dll
Symbol file LoadedFromMemory is not a mono symbol file
Symbol file data-00000237A1A6C010 doesn't match image C:\Users\Hannah\OneDrive\Documents\GitHub\VR-Take2\My project (3)\Library\ScriptAssemblies\Unity.Settings.Editor.dll
Symbol file LoadedFromMemory is not a mono symbol file
Symbol file data-0000023774ED3010 doesn't match image C:\Users\Hannah\OneDrive\Documents\GitHub\VR-Take2\My project (3)\Library\ScriptAssemblies\Unity.XR.CoreUtils.Editor.dll
Symbol file LoadedFromMemory is not a mono symbol file
Symbol file data-00000237A4154060 doesn't match image C:\Users\Hannah\OneDrive\Documents\GitHub\VR-Take2\My project (3)\Library\ScriptAssemblies\Unity.TextMeshPro.dll
Symbol file LoadedFromMemory is not a mono symbol file
Symbol file data-00000237A471FA20 doesn't match image C:\Users\Hannah\OneDrive\Documents\GitHub\VR-Take2\My project (3)\Library\ScriptAssemblies\Unity.ProBuilder.AssetIdRemapUtility.dll
Symbol file LoadedFromMemory is not a mono symbol file
Symbol file data-00000237A3C407F0 doesn't match image C:\Users\Hannah\OneDrive\Documents\GitHub\VR-Take2\My project (3)\Library\ScriptAssemblies\Unity.VSCode.Editor.dll
Symbol file LoadedFromMemory is not a mono symbol file
Symbol file data-00000237A2DED0E0 doesn't match image C:\Users\Hannah\OneDrive\Documents\GitHub\VR-Take2\My project (3)\Library\ScriptAssemblies\Unity.XR.OpenXR.Features.OculusQuestSupport.dll
Symbol file LoadedFromMemory is not a mono symbol file
Symbol file data-00000237A2484020 doesn't match image C:\Users\Hannah\OneDrive\Documents\GitHub\VR-Take2\My project (3)\Library\ScriptAssemblies\Unity.XR.Oculus.Editor.dll
Symbol file LoadedFromMemory is not a mono symbol file
Symbol file data-00000237A3B08CA0 doesn't match image C:\Users\Hannah\OneDrive\Documents\GitHub\VR-Take2\My project (3)\Library\ScriptAssemblies\Unity.XR.Interaction.Toolkit.dll
Symbol file LoadedFromMemory is not a mono symbol file
Symbol file data-00000237A4136440 doesn't match image C:\Users\Hannah\OneDrive\Documents\GitHub\VR-Take2\My project (3)\Library\ScriptAssemblies\Unity.XR.OpenXR.Features.RuntimeDebugger.dll
Symbol file LoadedFromMemory is not a mono symbol file
Symbol file data-00000237A144D250 doesn't match image C:\Users\Hannah\OneDrive\Documents\GitHub\VR-Take2\My project (3)\Library\ScriptAssemblies\Unity.EditorCoroutines.Editor.dll
Symbol file LoadedFromMemory is not a mono symbol file
Symbol file data-00000237A43E7090 doesn't match image C:\Users\Hannah\OneDrive\Documents\GitHub\VR-Take2\My project (3)\Library\ScriptAssemblies\UnityEngine.XR.LegacyInputHelpers.dll
Symbol file LoadedFromMemory is not a mono symbol file
Symbol file data-00000237A1C36660 doesn't match image C:\Users\Hannah\OneDrive\Documents\GitHub\VR-Take2\My project (3)\Library\ScriptAssemblies\Unity.PlasticSCM.Editor.dll
Symbol file LoadedFromMemory is not a mono symbol file
Symbol file data-00000237A4154060 doesn't match image C:\Users\Hannah\OneDrive\Documents\GitHub\VR-Take2\My project (3)\Library\ScriptAssemblies\Unity.ProBuilder.dll
Symbol file LoadedFromMemory is not a mono symbol file
Symbol file data-00000237A1CF5840 doesn't match image C:\Users\Hannah\OneDrive\Documents\GitHub\VR-Take2\My project (3)\Library\ScriptAssemblies\Unity.Timeline.Editor.dll
Symbol file LoadedFromMemory is not a mono symbol file
Symbol file data-00000237A3A7E980 doesn't match image C:\Users\Hannah\OneDrive\Documents\GitHub\VR-Take2\My project (3)\Library\ScriptAssemblies\Unity.VisualScripting.Shared.Editor.dll
Symbol file LoadedFromMemory is not a mono symbol file
Symbol file data-00000237A2DED0E0 doesn't match image C:\Users\Hannah\OneDrive\Documents\GitHub\VR-Take2\My project (3)\Library\ScriptAssemblies\Unity.CollabProxy.Editor.dll
Symbol file LoadedFromMemory is not a mono symbol file
Symbol file data-00000237A2DED0E0 doesn't match image C:\Users\Hannah\OneDrive\Documents\GitHub\VR-Take2\My project (3)\Library\ScriptAssemblies\UnityEditor.SpatialTracking.dll
Symbol file LoadedFromMemory is not a mono symbol file
Symbol file data-0000023798022820 doesn't match image C:\Users\Hannah\OneDrive\Documents\GitHub\VR-Take2\My project (3)\Library\ScriptAssemblies\Unity.VisualStudio.Editor.dll
Symbol file LoadedFromMemory is not a mono symbol file
Symbol file data-0000023798022820 doesn't match image C:\Users\Hannah\OneDrive\Documents\GitHub\VR-Take2\My project (3)\Library\ScriptAssemblies\UnityEditor.UI.dll
Symbol file LoadedFromMemory is not a mono symbol file
Symbol file data-00000237A0830090 doesn't match image C:\Users\Hannah\OneDrive\Documents\GitHub\VR-Take2\My project (3)\Library\ScriptAssemblies\Unity.VisualScripting.Core.dll
Symbol file LoadedFromMemory is not a mono symbol file
Symbol file data-00000237A144D250 doesn't match image C:\Users\Hannah\OneDrive\Documents\GitHub\VR-Take2\My project (3)\Library\ScriptAssemblies\UnityEngine.SpatialTracking.dll
Symbol file LoadedFromMemory is not a mono symbol file
Symbol file data-00000237749B0D60 doesn't match image C:\Users\Hannah\OneDrive\Documents\GitHub\VR-Take2\My project (3)\Library\ScriptAssemblies\Unity.VisualScripting.Core.Editor.dll
Symbol file LoadedFromMemory is not a mono symbol file
Symbol file data-00000237A3C4E4A0 doesn't match image C:\Users\Hannah\OneDrive\Documents\GitHub\VR-Take2\My project (3)\Library\ScriptAssemblies\UnityEngine.UI.dll
Symbol file LoadedFromMemory is not a mono symbol file
Symbol file data-00000237A4136440 doesn't match image C:\Users\Hannah\OneDrive\Documents\GitHub\VR-Take2\My project (3)\Library\ScriptAssemblies\UnityEditor.XR.LegacyInputHelpers.dll
Symbol file LoadedFromMemory is not a mono symbol file
Symbol file data-0000023796252010 doesn't match image C:\Users\Hannah\OneDrive\Documents\GitHub\VR-Take2\My project (3)\Library\ScriptAssemblies\Unity.VisualScripting.Flow.Editor.dll
Symbol file LoadedFromMemory is not a mono symbol file
Symbol file data-0000023774995010 doesn't match image C:\Users\Hannah\OneDrive\Documents\GitHub\VR-Take2\My project (3)\Library\ScriptAssemblies\Unity.Timeline.dll
Symbol file LoadedFromMemory is not a mono symbol file
Symbol file data-00000237510AF010 doesn't match image C:\Users\Hannah\OneDrive\Documents\GitHub\VR-Take2\My project (3)\Library\ScriptAssemblies\Unity.InputSystem.dll
Symbol file LoadedFromMemory is not a mono symbol file
Symbol file data-000002379836D010 doesn't match image C:\Users\Hannah\OneDrive\Documents\GitHub\VR-Take2\My project (3)\Library\ScriptAssemblies\Unity.ProBuilder.Editor.dll
Symbol file LoadedFromMemory is not a mono symbol file
Symbol file data-00000237A35ACF50 doesn't match image C:\Users\Hannah\OneDrive\Documents\GitHub\VR-Take2\My project (3)\Library\ScriptAssemblies\Unity.InputSystem.ForUI.dll
Symbol file LoadedFromMemory is not a mono symbol file
Symbol file data-00000237A1A6C010 doesn't match image C:\Users\Hannah\OneDrive\Documents\GitHub\VR-Take2\My project (3)\Library\ScriptAssemblies\Unity.XR.Oculus.dll
Symbol file LoadedFromMemory is not a mono symbol file
Symbol file data-00000237A335DDE0 doesn't match image C:\Users\Hannah\OneDrive\Documents\GitHub\VR-Take2\My project (3)\Library\ScriptAssemblies\Unity.VisualScripting.SettingsProvider.Editor.dll
Symbol file LoadedFromMemory is not a mono symbol file
Symbol file data-00000237A2BC4620 doesn't match image C:\Users\Hannah\OneDrive\Documents\GitHub\VR-Take2\My project (3)\Library\ScriptAssemblies\Unity.XR.OpenXR.Editor.dll
Symbol file LoadedFromMemory is not a mono symbol file
Symbol file data-00000237978E4E30 doesn't match image C:\Users\Hannah\OneDrive\Documents\GitHub\VR-Take2\My project (3)\Library\ScriptAssemblies\Unity.TestTools.CodeCoverage.Editor.OpenCover.Model.dll
Symbol file LoadedFromMemory is not a mono symbol file
Symbol file data-000002375107C960 doesn't match image C:\Users\Hannah\OneDrive\Documents\GitHub\VR-Take2\My project (3)\Library\ScriptAssemblies\UnityEngine.TestRunner.dll
Symbol file LoadedFromMemory is not a mono symbol file
Symbol file data-0000023798022820 doesn't match image C:\Users\Hannah\OneDrive\Documents\GitHub\VR-Take2\My project (3)\Library\ScriptAssemblies\Unity.VisualScripting.State.Editor.dll
Symbol file LoadedFromMemory is not a mono symbol file
Symbol file data-00000237750308F0 doesn't match image C:\Users\Hannah\OneDrive\Documents\GitHub\VR-Take2\My project (3)\Library\ScriptAssemblies\Unity.ProBuilder.KdTree.dll
Symbol file LoadedFromMemory is not a mono symbol file
Symbol file data-00000237A3B7FC40 doesn't match image C:\Users\Hannah\OneDrive\Documents\GitHub\VR-Take2\My project (3)\Library\ScriptAssemblies\Unity.Mathematics.dll
Symbol file LoadedFromMemory is not a mono symbol file
Symbol file data-000002379809F020 doesn't match image C:\Users\Hannah\OneDrive\Documents\GitHub\VR-Take2\My project (3)\Library\ScriptAssemblies\Unity.TextMeshPro.Editor.dll
Symbol file LoadedFromMemory is not a mono symbol file
Symbol file data-00000237A144D250 doesn't match image C:\Users\Hannah\OneDrive\Documents\GitHub\VR-Take2\My project (3)\Library\ScriptAssemblies\Unity.XR.OpenXR.Features.RuntimeDebugger.Editor.dll
Symbol file LoadedFromMemory is not a mono symbol file
Symbol file data-00000237983A5A20 doesn't match image C:\Users\Hannah\OneDrive\Documents\GitHub\VR-Take2\My project (3)\Library\ScriptAssemblies\Unity.VisualScripting.State.dll
Symbol file LoadedFromMemory is not a mono symbol file
Symbol file data-00000237A3471C90 doesn't match image C:\Users\Hannah\OneDrive\Documents\GitHub\VR-Take2\My project (3)\Library\ScriptAssemblies\Unity.InputSystem.TestFramework.dll
Symbol file LoadedFromMemory is not a mono symbol file
- Loaded All Assemblies, in  0.745 seconds
Refreshing native plugins compatible for Editor in 42.92 ms, found 12 plugins.
Native extension for WindowsStandalone target not found
[Package Manager] Server::EnsureServerProcessIsRunning -- launch failed, reason: Unity was launched with the -noUpm command-line argument
[Package Manager] UpmClient::Send -- Unable to send message (not connected to UPM process).
[Package Manager] Cannot connect to Unity Package Manager local server
[Package Manager] Server::EnsureServerProcessIsRunning -- launch failed, reason: Unity was launched with the -noUpm command-line argument
[Package Manager] UpmClient::Send -- Unable to send message (not connected to UPM process).
[Package Manager] Cannot connect to Unity Package Manager local server
System.Reflection.TargetInvocationException: Exception has been thrown by the target of an invocation. ---> System.NullReferenceException: Object reference not set to an instance of an object
  at Unity.XR.Oculus.OculusLoader.AssetPathToAbsolutePath (System.String assetPath) [0x00043] in <f59bc2876185435abbc66772e54c8338>:0 
  at Unity.XR.Oculus.OculusLoader.EditorLoadOVRPlugin () [0x0007b] in <f59bc2876185435abbc66772e54c8338>:0 
  at (wrapper managed-to-native) System.Reflection.RuntimeMethodInfo.InternalInvoke(System.Reflection.RuntimeMethodInfo,object,object[],System.Exception&)
  at System.Reflection.RuntimeMethodInfo.Invoke (System.Object obj, System.Reflection.BindingFlags invokeAttr, System.Reflection.Binder binder, System.Object[] parameters, System.Globalization.CultureInfo culture) [0x0006a] in <787acc3c9a4c471ba7d971300105af24>:0 
   --- End of inner exception stack trace ---
  at System.Reflection.RuntimeMethodInfo.Invoke (System.Object obj, System.Reflection.BindingFlags invokeAttr, System.Reflection.Binder binder, System.Object[] parameters, System.Globalization.CultureInfo culture) [0x00083] in <787acc3c9a4c471ba7d971300105af24>:0 
  at System.Reflection.MethodBase.Invoke (System.Object obj, System.Object[] parameters) [0x00000] in <787acc3c9a4c471ba7d971300105af24>:0 
  at UnityEditor.EditorAssemblies.ProcessInitializeOnLoadMethodAttributes () [0x000a5] in <fe7039efe678478d9c83e73bc6a6566d>:0 
UnityEngine.StackTraceUtility:ExtractStackTrace ()
UnityEngine.DebugLogHandler:LogFormat (UnityEngine.LogType,UnityEngine.Object,string,object[])
UnityEngine.Logger:Log (UnityEngine.LogType,object)
UnityEngine.Debug:LogError (object)
UnityEditor.EditorAssemblies:ProcessInitializeOnLoadMethodAttributes ()

Mono: successfully reloaded assembly
[Package Manager] Server::EnsureServerProcessIsRunning -- launch failed, reason: Unity was launched with the -noUpm command-line argument
[Package Manager] UpmClient::Send -- Unable to send message (not connected to UPM process).
[Package Manager] Cannot connect to Unity Package Manager local server
- Finished resetting the current domain, in  2.104 seconds
Domain Reload Profiling: 2846ms
	BeginReloadAssembly (237ms)
		ExecutionOrderSort (0ms)
		DisableScriptedObjects (5ms)
		BackupInstance (0ms)
		ReleaseScriptingObjects (0ms)
		CreateAndSetChildDomain (42ms)
	RebuildCommonClasses (38ms)
	RebuildNativeTypeToScriptingClass (12ms)
	initialDomainReloadingComplete (36ms)
	LoadAllAssembliesAndSetupDomain (418ms)
		LoadAssemblies (519ms)
		RebuildTransferFunctionScriptingTraits (0ms)
		AnalyzeDomain (49ms)
			TypeCache.Refresh (15ms)
				TypeCache.ScanAssembly (2ms)
			ScanForSourceGeneratedMonoScriptInfo (26ms)
			ResolveRequiredComponents (8ms)
	FinalizeReload (2105ms)
		ReleaseScriptCaches (0ms)
		RebuildScriptCaches (0ms)
		SetupLoadedEditorAssemblies (541ms)
			LogAssemblyErrors (0ms)
			InitializePlatformSupportModulesInManaged (5ms)
			SetLoadedEditorAssemblies (4ms)
			RefreshPlugins (0ms)
			BeforeProcessingInitializeOnLoad (89ms)
			ProcessInitializeOnLoadAttributes (394ms)
			ProcessInitializeOnLoadMethodAttributes (44ms)
			AfterProcessingInitializeOnLoad (5ms)
			EditorAssembliesLoaded (0ms)
		ExecutionOrderSort2 (0ms)
		AwakeInstancesAfterBackupRestoration (9ms)
Refreshing native plugins compatible for Editor in 44.34 ms, found 12 plugins.
Preloading 1 native plugins for Editor in 0.20 ms.
Unloading 4794 Unused Serialized files (Serialized files now loaded: 0)
Unloading 56 unused Assets / (112.3 KB). Loaded Objects now: 5348.
Memory consumption went from 165.5 MB to 165.4 MB.
Total: 4.391700 ms (FindLiveObjects: 0.278200 ms CreateObjectMapping: 0.154100 ms MarkObjects: 3.787100 ms  DeleteObjects: 0.171000 ms)

Prepare: number of updated asset objects reloaded= 0
AssetImportParameters requested are different than current active one (requested -> active):
  custom:container-demuxer-ogg: 62fdf1f143b41e24485cea50d1cbac27 -> 
  custom:video-codec-MediaFoundation-h265: 746d11721c4dcdbdad8f713fa42b33f4 -> 
  custom:video-decoder-ogg-theora: a1e56fd34408186e4bbccfd4996cb3dc -> 
  custom:framework-win-MediaFoundation: 216162199b28c13a410421893ffa2e32 -> 
  custom:CustomObjectIndexerAttribute: 756ad292c208cfabdd7b50bc23989ffe -> 
  custom:container-demuxer-webm: 4f35f7cbe854078d1ac9338744f61a02 -> 
  custom:container-muxer-webm: aa71ff27fc2769a1b78a27578f13a17b -> 
  custom:video-decoder-webm-vp8: 9c59270c3fd7afecdb556c50c9e8de78 -> 
  custom:SearchIndexIgnoredProperties: e643bd26f0fe6173181afceb89e7c659 -> 
  custom:AudioImporter_EditorPlatform: d09bf68614088b80899f8185d706f6e7 -> 
  custom:video-encoder-webm-vp8: eb34c28f22e8b96e1ab97ce403110664 -> 
  custom:audio-decoder-ogg-vorbis: bf7c407c2cedff20999df2af8eb42d56 -> 
  custom:audio-encoder-webm-vorbis: bf7c407c2cedff20999df2af8eb42d56 -> 
========================================================================
Received Prepare
Begin MonoManager ReloadAssembly
Symbol file data-00000237E53769C0 doesn't match image C:\Users\Hannah\OneDrive\Documents\GitHub\VR-Take2\My project (3)\Library\ScriptAssemblies\Unity.XR.OpenXR.Features.MetaQuestSupport.Editor.dll
Symbol file LoadedFromMemory is not a mono symbol file
Symbol file data-00000237A1C2C020 doesn't match image C:\Users\Hannah\OneDrive\Documents\GitHub\VR-Take2\My project (3)\Library\ScriptAssemblies\Unity.XR.Management.dll
Symbol file LoadedFromMemory is not a mono symbol file
Symbol file data-00000237A2AEEF90 doesn't match image C:\Users\Hannah\OneDrive\Documents\GitHub\VR-Take2\My project (3)\Library\ScriptAssemblies\Unity.XR.Interaction.Toolkit.Editor.dll
Symbol file LoadedFromMemory is not a mono symbol file
Symbol file data-0000023797C86020 doesn't match image C:\Users\Hannah\OneDrive\Documents\GitHub\VR-Take2\My project (3)\Library\ScriptAssemblies\Unity.ProBuilder.Stl.dll
Symbol file LoadedFromMemory is not a mono symbol file
Symbol file data-00000237747EBA00 doesn't match image C:\Users\Hannah\OneDrive\Documents\GitHub\VR-Take2\My project (3)\Library\ScriptAssemblies\Unity.ProBuilder.AddOns.Editor.dll
Symbol file LoadedFromMemory is not a mono symbol file
Symbol file data-00000237A2CECD00 doesn't match image C:\Users\Hannah\OneDrive\Documents\GitHub\VR-Take2\My project (3)\Library\ScriptAssemblies\Unity.Rider.Editor.dll
Symbol file LoadedFromMemory is not a mono symbol file
Symbol file data-00000237A372C7D0 doesn't match image C:\Users\Hannah\OneDrive\Documents\GitHub\VR-Take2\My project (3)\Library\ScriptAssemblies\Unity.XR.OpenXR.Features.ConformanceAutomation.dll
Symbol file LoadedFromMemory is not a mono symbol file
Symbol file data-0000023796AC7030 doesn't match image C:\Users\Hannah\OneDrive\Documents\GitHub\VR-Take2\My project (3)\Library\ScriptAssemblies\Unity.XR.OpenXR.Features.OculusQuestSupport.Editor.dll
Symbol file LoadedFromMemory is not a mono symbol file
Symbol file data-00000237A38D5E30 doesn't match image C:\Users\Hannah\OneDrive\Documents\GitHub\VR-Take2\My project (3)\Library\ScriptAssemblies\Unity.ProBuilder.Csg.dll
Symbol file LoadedFromMemory is not a mono symbol file
Symbol file data-00000237E50AD040 doesn't match image C:\Users\Hannah\OneDrive\Documents\GitHub\VR-Take2\My project (3)\Library\ScriptAssemblies\UnityEditor.TestRunner.dll
Symbol file LoadedFromMemory is not a mono symbol file
Symbol file data-00000237A46F6010 doesn't match image C:\Users\Hannah\OneDrive\Documents\GitHub\VR-Take2\My project (3)\Library\ScriptAssemblies\Unity.VisualScripting.Flow.dll
Symbol file LoadedFromMemory is not a mono symbol file
Symbol file data-00000237A30FC730 doesn't match image C:\Users\Hannah\OneDrive\Documents\GitHub\VR-Take2\My project (3)\Library\ScriptAssemblies\Unity.Mathematics.Editor.dll
Symbol file LoadedFromMemory is not a mono symbol file
Symbol file data-00000237E53769C0 doesn't match image C:\Users\Hannah\OneDrive\Documents\GitHub\VR-Take2\My project (3)\Library\ScriptAssemblies\Unity.XR.OpenXR.Features.MockRuntime.dll
Symbol file LoadedFromMemory is not a mono symbol file
Symbol file data-00000237A2C79610 doesn't match image C:\Users\Hannah\OneDrive\Documents\GitHub\VR-Take2\My project (3)\Library\ScriptAssemblies\Unity.XR.CoreUtils.dll
Symbol file LoadedFromMemory is not a mono symbol file
Symbol file data-0000023797C86020 doesn't match image C:\Users\Hannah\OneDrive\Documents\GitHub\VR-Take2\My project (3)\Library\ScriptAssemblies\Unity.TestTools.CodeCoverage.Editor.OpenCover.Mono.Reflection.dll
Symbol file LoadedFromMemory is not a mono symbol file
Symbol file data-00000237E4D79D50 doesn't match image C:\Users\Hannah\OneDrive\Documents\GitHub\VR-Take2\My project (3)\Library\ScriptAssemblies\Unity.XR.OpenXR.dll
Symbol file LoadedFromMemory is not a mono symbol file
Symbol file data-00000237A372C7D0 doesn't match image C:\Users\Hannah\OneDrive\Documents\GitHub\VR-Take2\My project (3)\Library\ScriptAssemblies\Unity.XR.OpenXR.Features.MetaQuestSupport.dll
Symbol file LoadedFromMemory is not a mono symbol file
Symbol file data-00000237A3217B40 doesn't match image C:\Users\Hannah\OneDrive\Documents\GitHub\VR-Take2\My project (3)\Library\ScriptAssemblies\Unity.Performance.Profile-Analyzer.Editor.dll
Symbol file LoadedFromMemory is not a mono symbol file
Symbol file data-00000237A31C9140 doesn't match image C:\Users\Hannah\OneDrive\Documents\GitHub\VR-Take2\My project (3)\Library\ScriptAssemblies\Unity.TestTools.CodeCoverage.Editor.dll
Symbol file LoadedFromMemory is not a mono symbol file
Symbol file data-0000023798135010 doesn't match image C:\Users\Hannah\OneDrive\Documents\GitHub\VR-Take2\My project (3)\Library\ScriptAssemblies\Unity.XR.Management.Editor.dll
Symbol file LoadedFromMemory is not a mono symbol file
Symbol file data-00000237A44ECB80 doesn't match image C:\Users\Hannah\OneDrive\Documents\GitHub\VR-Take2\My project (3)\Library\ScriptAssemblies\Unity.ProBuilder.Poly2Tri.dll
Symbol file LoadedFromMemory is not a mono symbol file
Symbol file data-00000237A3412660 doesn't match image C:\Users\Hannah\OneDrive\Documents\GitHub\VR-Take2\My project (3)\Library\ScriptAssemblies\Unity.Settings.Editor.dll
Symbol file LoadedFromMemory is not a mono symbol file
Symbol file data-00000237A4786080 doesn't match image C:\Users\Hannah\OneDrive\Documents\GitHub\VR-Take2\My project (3)\Library\ScriptAssemblies\Unity.XR.CoreUtils.Editor.dll
Symbol file LoadedFromMemory is not a mono symbol file
Symbol file data-00000237E5143050 doesn't match image C:\Users\Hannah\OneDrive\Documents\GitHub\VR-Take2\My project (3)\Library\ScriptAssemblies\Unity.TextMeshPro.dll
Symbol file LoadedFromMemory is not a mono symbol file
Symbol file data-00000237966C6040 doesn't match image C:\Users\Hannah\OneDrive\Documents\GitHub\VR-Take2\My project (3)\Library\ScriptAssemblies\Unity.ProBuilder.AssetIdRemapUtility.dll
Symbol file LoadedFromMemory is not a mono symbol file
Symbol file data-00000237966C6040 doesn't match image C:\Users\Hannah\OneDrive\Documents\GitHub\VR-Take2\My project (3)\Library\ScriptAssemblies\Unity.VSCode.Editor.dll
Symbol file LoadedFromMemory is not a mono symbol file
Symbol file data-00000237A372C7D0 doesn't match image C:\Users\Hannah\OneDrive\Documents\GitHub\VR-Take2\My project (3)\Library\ScriptAssemblies\Unity.XR.OpenXR.Features.OculusQuestSupport.dll
Symbol file LoadedFromMemory is not a mono symbol file
Symbol file data-00000237A29C4990 doesn't match image C:\Users\Hannah\OneDrive\Documents\GitHub\VR-Take2\My project (3)\Library\ScriptAssemblies\Unity.XR.Oculus.Editor.dll
Symbol file LoadedFromMemory is not a mono symbol file
Symbol file data-00000237E4EC7F60 doesn't match image C:\Users\Hannah\OneDrive\Documents\GitHub\VR-Take2\My project (3)\Library\ScriptAssemblies\Unity.XR.Interaction.Toolkit.dll
Symbol file LoadedFromMemory is not a mono symbol file
Symbol file data-0000023797C86020 doesn't match image C:\Users\Hannah\OneDrive\Documents\GitHub\VR-Take2\My project (3)\Library\ScriptAssemblies\Unity.XR.OpenXR.Features.RuntimeDebugger.dll
Symbol file LoadedFromMemory is not a mono symbol file
Symbol file data-00000237E53769C0 doesn't match image C:\Users\Hannah\OneDrive\Documents\GitHub\VR-Take2\My project (3)\Library\ScriptAssemblies\Unity.EditorCoroutines.Editor.dll
Symbol file LoadedFromMemory is not a mono symbol file
Symbol file data-00000237750A2040 doesn't match image C:\Users\Hannah\OneDrive\Documents\GitHub\VR-Take2\My project (3)\Library\ScriptAssemblies\UnityEngine.XR.LegacyInputHelpers.dll
Symbol file LoadedFromMemory is not a mono symbol file
Symbol file data-00000237A40A66E0 doesn't match image C:\Users\Hannah\OneDrive\Documents\GitHub\VR-Take2\My project (3)\Library\ScriptAssemblies\Unity.PlasticSCM.Editor.dll
Symbol file LoadedFromMemory is not a mono symbol file
Symbol file data-00000237E5143050 doesn't match image C:\Users\Hannah\OneDrive\Documents\GitHub\VR-Take2\My project (3)\Library\ScriptAssemblies\Unity.ProBuilder.dll
Symbol file LoadedFromMemory is not a mono symbol file
Symbol file data-00000237E4CC42F0 doesn't match image C:\Users\Hannah\OneDrive\Documents\GitHub\VR-Take2\My project (3)\Library\ScriptAssemblies\Unity.Timeline.Editor.dll
Symbol file LoadedFromMemory is not a mono symbol file
Symbol file data-0000023796AC7030 doesn't match image C:\Users\Hannah\OneDrive\Documents\GitHub\VR-Take2\My project (3)\Library\ScriptAssemblies\Unity.VisualScripting.Shared.Editor.dll
Symbol file LoadedFromMemory is not a mono symbol file
Symbol file data-00000237A372C7D0 doesn't match image C:\Users\Hannah\OneDrive\Documents\GitHub\VR-Take2\My project (3)\Library\ScriptAssemblies\Unity.CollabProxy.Editor.dll
Symbol file LoadedFromMemory is not a mono symbol file
Symbol file data-00000237A372C7D0 doesn't match image C:\Users\Hannah\OneDrive\Documents\GitHub\VR-Take2\My project (3)\Library\ScriptAssemblies\UnityEditor.SpatialTracking.dll
Symbol file LoadedFromMemory is not a mono symbol file
Symbol file data-00000237A3826860 doesn't match image C:\Users\Hannah\OneDrive\Documents\GitHub\VR-Take2\My project (3)\Library\ScriptAssemblies\Unity.VisualStudio.Editor.dll
Symbol file LoadedFromMemory is not a mono symbol file
Symbol file data-00000237A3826860 doesn't match image C:\Users\Hannah\OneDrive\Documents\GitHub\VR-Take2\My project (3)\Library\ScriptAssemblies\UnityEditor.UI.dll
Symbol file LoadedFromMemory is not a mono symbol file
Symbol file data-000002379851D060 doesn't match image C:\Users\Hannah\OneDrive\Documents\GitHub\VR-Take2\My project (3)\Library\ScriptAssemblies\Unity.VisualScripting.Core.dll
Symbol file LoadedFromMemory is not a mono symbol file
Symbol file data-00000237A2D4D580 doesn't match image C:\Users\Hannah\OneDrive\Documents\GitHub\VR-Take2\My project (3)\Library\ScriptAssemblies\UnityEngine.SpatialTracking.dll
Symbol file LoadedFromMemory is not a mono symbol file
Symbol file data-00000237749B0D60 doesn't match image C:\Users\Hannah\OneDrive\Documents\GitHub\VR-Take2\My project (3)\Library\ScriptAssemblies\Unity.VisualScripting.Core.Editor.dll
Symbol file LoadedFromMemory is not a mono symbol file
Symbol file data-00000237E4C9E320 doesn't match image C:\Users\Hannah\OneDrive\Documents\GitHub\VR-Take2\My project (3)\Library\ScriptAssemblies\UnityEngine.UI.dll
Symbol file LoadedFromMemory is not a mono symbol file
Symbol file data-0000023797C86020 doesn't match image C:\Users\Hannah\OneDrive\Documents\GitHub\VR-Take2\My project (3)\Library\ScriptAssemblies\UnityEditor.XR.LegacyInputHelpers.dll
Symbol file LoadedFromMemory is not a mono symbol file
Symbol file data-00000237A3217B40 doesn't match image C:\Users\Hannah\OneDrive\Documents\GitHub\VR-Take2\My project (3)\Library\ScriptAssemblies\Unity.VisualScripting.Flow.Editor.dll
Symbol file LoadedFromMemory is not a mono symbol file
Symbol file data-00000237A0E65240 doesn't match image C:\Users\Hannah\OneDrive\Documents\GitHub\VR-Take2\My project (3)\Library\ScriptAssemblies\Unity.Timeline.dll
Symbol file LoadedFromMemory is not a mono symbol file
Symbol file data-0000023750FF6020 doesn't match image C:\Users\Hannah\OneDrive\Documents\GitHub\VR-Take2\My project (3)\Library\ScriptAssemblies\Unity.InputSystem.dll
Symbol file LoadedFromMemory is not a mono symbol file
Symbol file data-00000237A42B3C50 doesn't match image C:\Users\Hannah\OneDrive\Documents\GitHub\VR-Take2\My project (3)\Library\ScriptAssemblies\Unity.ProBuilder.Editor.dll
Symbol file LoadedFromMemory is not a mono symbol file
Symbol file data-00000237A2B5AE00 doesn't match image C:\Users\Hannah\OneDrive\Documents\GitHub\VR-Take2\My project (3)\Library\ScriptAssemblies\Unity.InputSystem.ForUI.dll
Symbol file LoadedFromMemory is not a mono symbol file
Symbol file data-00000237A33F3D70 doesn't match image C:\Users\Hannah\OneDrive\Documents\GitHub\VR-Take2\My project (3)\Library\ScriptAssemblies\Unity.XR.Oculus.dll
Symbol file LoadedFromMemory is not a mono symbol file
Symbol file data-00000237A30FC730 doesn't match image C:\Users\Hannah\OneDrive\Documents\GitHub\VR-Take2\My project (3)\Library\ScriptAssemblies\Unity.VisualScripting.SettingsProvider.Editor.dll
Symbol file LoadedFromMemory is not a mono symbol file
Symbol file data-00000237A394D3F0 doesn't match image C:\Users\Hannah\OneDrive\Documents\GitHub\VR-Take2\My project (3)\Library\ScriptAssemblies\Unity.XR.OpenXR.Editor.dll
Symbol file LoadedFromMemory is not a mono symbol file
Symbol file data-00000237A2A30D30 doesn't match image C:\Users\Hannah\OneDrive\Documents\GitHub\VR-Take2\My project (3)\Library\ScriptAssemblies\Unity.TestTools.CodeCoverage.Editor.OpenCover.Model.dll
Symbol file LoadedFromMemory is not a mono symbol file
Symbol file data-00000237A37D6B40 doesn't match image C:\Users\Hannah\OneDrive\Documents\GitHub\VR-Take2\My project (3)\Library\ScriptAssemblies\UnityEngine.TestRunner.dll
Symbol file LoadedFromMemory is not a mono symbol file
Symbol file data-00000237A3826860 doesn't match image C:\Users\Hannah\OneDrive\Documents\GitHub\VR-Take2\My project (3)\Library\ScriptAssemblies\Unity.VisualScripting.State.Editor.dll
Symbol file LoadedFromMemory is not a mono symbol file
Symbol file data-00000237A31F42C0 doesn't match image C:\Users\Hannah\OneDrive\Documents\GitHub\VR-Take2\My project (3)\Library\ScriptAssemblies\Unity.ProBuilder.KdTree.dll
Symbol file LoadedFromMemory is not a mono symbol file
Symbol file data-00000237A3AF8C90 doesn't match image C:\Users\Hannah\OneDrive\Documents\GitHub\VR-Take2\My project (3)\Library\ScriptAssemblies\Unity.Mathematics.dll
Symbol file LoadedFromMemory is not a mono symbol file
Symbol file data-00000237A3118BD0 doesn't match image C:\Users\Hannah\OneDrive\Documents\GitHub\VR-Take2\My project (3)\Library\ScriptAssemblies\Unity.TextMeshPro.Editor.dll
Symbol file LoadedFromMemory is not a mono symbol file
Symbol file data-0000023796AC7030 doesn't match image C:\Users\Hannah\OneDrive\Documents\GitHub\VR-Take2\My project (3)\Library\ScriptAssemblies\Unity.XR.OpenXR.Features.RuntimeDebugger.Editor.dll
Symbol file LoadedFromMemory is not a mono symbol file
Symbol file data-00000237A2A30D30 doesn't match image C:\Users\Hannah\OneDrive\Documents\GitHub\VR-Take2\My project (3)\Library\ScriptAssemblies\Unity.VisualScripting.State.dll
Symbol file LoadedFromMemory is not a mono symbol file
Symbol file data-00000237A31F42C0 doesn't match image C:\Users\Hannah\OneDrive\Documents\GitHub\VR-Take2\My project (3)\Library\ScriptAssemblies\Unity.InputSystem.TestFramework.dll
Symbol file LoadedFromMemory is not a mono symbol file
- Loaded All Assemblies, in  0.762 seconds
Refreshing native plugins compatible for Editor in 34.01 ms, found 12 plugins.
Native extension for WindowsStandalone target not found
[Package Manager] Server::EnsureServerProcessIsRunning -- launch failed, reason: Unity was launched with the -noUpm command-line argument
[Package Manager] UpmClient::Send -- Unable to send message (not connected to UPM process).
[Package Manager] Cannot connect to Unity Package Manager local server
[Package Manager] Server::EnsureServerProcessIsRunning -- launch failed, reason: Unity was launched with the -noUpm command-line argument
[Package Manager] UpmClient::Send -- Unable to send message (not connected to UPM process).
[Package Manager] Cannot connect to Unity Package Manager local server
System.Reflection.TargetInvocationException: Exception has been thrown by the target of an invocation. ---> System.NullReferenceException: Object reference not set to an instance of an object
  at Unity.XR.Oculus.OculusLoader.AssetPathToAbsolutePath (System.String assetPath) [0x00043] in <f59bc2876185435abbc66772e54c8338>:0 
  at Unity.XR.Oculus.OculusLoader.EditorLoadOVRPlugin () [0x0007b] in <f59bc2876185435abbc66772e54c8338>:0 
  at (wrapper managed-to-native) System.Reflection.RuntimeMethodInfo.InternalInvoke(System.Reflection.RuntimeMethodInfo,object,object[],System.Exception&)
  at System.Reflection.RuntimeMethodInfo.Invoke (System.Object obj, System.Reflection.BindingFlags invokeAttr, System.Reflection.Binder binder, System.Object[] parameters, System.Globalization.CultureInfo culture) [0x0006a] in <787acc3c9a4c471ba7d971300105af24>:0 
   --- End of inner exception stack trace ---
  at System.Reflection.RuntimeMethodInfo.Invoke (System.Object obj, System.Reflection.BindingFlags invokeAttr, System.Reflection.Binder binder, System.Object[] parameters, System.Globalization.CultureInfo culture) [0x00083] in <787acc3c9a4c471ba7d971300105af24>:0 
  at System.Reflection.MethodBase.Invoke (System.Object obj, System.Object[] parameters) [0x00000] in <787acc3c9a4c471ba7d971300105af24>:0 
  at UnityEditor.EditorAssemblies.ProcessInitializeOnLoadMethodAttributes () [0x000a5] in <fe7039efe678478d9c83e73bc6a6566d>:0 
UnityEngine.StackTraceUtility:ExtractStackTrace ()
UnityEngine.DebugLogHandler:LogFormat (UnityEngine.LogType,UnityEngine.Object,string,object[])
UnityEngine.Logger:Log (UnityEngine.LogType,object)
UnityEngine.Debug:LogError (object)
UnityEditor.EditorAssemblies:ProcessInitializeOnLoadMethodAttributes ()

Mono: successfully reloaded assembly
[Package Manager] Server::EnsureServerProcessIsRunning -- launch failed, reason: Unity was launched with the -noUpm command-line argument
[Package Manager] UpmClient::Send -- Unable to send message (not connected to UPM process).
[Package Manager] Cannot connect to Unity Package Manager local server
- Finished resetting the current domain, in  3.664 seconds
Domain Reload Profiling: 4424ms
	BeginReloadAssembly (243ms)
		ExecutionOrderSort (0ms)
		DisableScriptedObjects (5ms)
		BackupInstance (0ms)
		ReleaseScriptingObjects (0ms)
		CreateAndSetChildDomain (59ms)
	RebuildCommonClasses (38ms)
	RebuildNativeTypeToScriptingClass (13ms)
	initialDomainReloadingComplete (37ms)
	LoadAllAssembliesAndSetupDomain (429ms)
		LoadAssemblies (512ms)
		RebuildTransferFunctionScriptingTraits (0ms)
		AnalyzeDomain (46ms)
			TypeCache.Refresh (13ms)
				TypeCache.ScanAssembly (2ms)
			ScanForSourceGeneratedMonoScriptInfo (23ms)
			ResolveRequiredComponents (8ms)
	FinalizeReload (3665ms)
		ReleaseScriptCaches (0ms)
		RebuildScriptCaches (0ms)
		SetupLoadedEditorAssemblies (652ms)
			LogAssemblyErrors (0ms)
			InitializePlatformSupportModulesInManaged (7ms)
			SetLoadedEditorAssemblies (6ms)
			RefreshPlugins (0ms)
			BeforeProcessingInitializeOnLoad (91ms)
			ProcessInitializeOnLoadAttributes (483ms)
			ProcessInitializeOnLoadMethodAttributes (59ms)
			AfterProcessingInitializeOnLoad (6ms)
			EditorAssembliesLoaded (0ms)
		ExecutionOrderSort2 (0ms)
		AwakeInstancesAfterBackupRestoration (10ms)
