Using pre-set license
Built from '2022.3/staging' branch; Version is '2022.3.10f1 (ff3792e53c62) revision 16725906'; Using compiler version '192829333'; Build Type 'Release'
OS: 'Windows 11  (10.0.22621) 64bit Core' Language: 'en' Physical Memory: 65474 MB
BatchMode: 1, IsHumanControllingUs: 0, StartBugReporterOnCrash: 0, Is64bit: 1, IsPro: 1

COMMAND LINE ARGUMENTS:
C:\Program Files\Unity\Hub\Editor\2022.3.10f1\Editor\Unity.exe
-adb2
-batchMode
-noUpm
-name
AssetImportWorker13
-projectPath
C:/Users/JoeyD/OneDrive/Documents/GitHub/VR-Take2/My project (3)
-logFile
Logs/AssetImportWorker13.log
-srvPort
54062
Successfully changed project path to: C:/Users/JoeyD/OneDrive/Documents/GitHub/VR-Take2/My project (3)
C:/Users/JoeyD/OneDrive/Documents/GitHub/VR-Take2/My project (3)
[UnityMemory] Configuration Parameters - Can be set up in boot.config
    "memorysetup-bucket-allocator-granularity=16"
    "memorysetup-bucket-allocator-bucket-count=8"
    "memorysetup-bucket-allocator-block-size=33554432"
    "memorysetup-bucket-allocator-block-count=8"
    "memorysetup-main-allocator-block-size=16777216"
    "memorysetup-thread-allocator-block-size=16777216"
    "memorysetup-gfx-main-allocator-block-size=16777216"
    "memorysetup-gfx-thread-allocator-block-size=16777216"
    "memorysetup-cache-allocator-block-size=4194304"
    "memorysetup-typetree-allocator-block-size=2097152"
    "memorysetup-profiler-bucket-allocator-granularity=16"
    "memorysetup-profiler-bucket-allocator-bucket-count=8"
    "memorysetup-profiler-bucket-allocator-block-size=33554432"
    "memorysetup-profiler-bucket-allocator-block-count=8"
    "memorysetup-profiler-allocator-block-size=16777216"
    "memorysetup-profiler-editor-allocator-block-size=1048576"
    "memorysetup-temp-allocator-size-main=16777216"
    "memorysetup-job-temp-allocator-block-size=2097152"
    "memorysetup-job-temp-allocator-block-size-background=1048576"
    "memorysetup-job-temp-allocator-reduction-small-platforms=262144"
    "memorysetup-allocator-temp-initial-block-size-main=262144"
    "memorysetup-allocator-temp-initial-block-size-worker=262144"
    "memorysetup-temp-allocator-size-background-worker=32768"
    "memorysetup-temp-allocator-size-job-worker=262144"
    "memorysetup-temp-allocator-size-preload-manager=33554432"
    "memorysetup-temp-allocator-size-nav-mesh-worker=65536"
    "memorysetup-temp-allocator-size-audio-worker=65536"
    "memorysetup-temp-allocator-size-cloud-worker=32768"
    "memorysetup-temp-allocator-size-gi-baking-worker=262144"
    "memorysetup-temp-allocator-size-gfx=262144"
Player connection [17948] Host "[IP] 10.2.1.31 [Port] 0 [Flags] 2 [Guid] 3549202463 [EditorId] 3549202463 [Version] 1048832 [Id] WindowsEditor(7,Reminoxel) [Debug] 1 [PackageName] WindowsEditor [ProjectName] Editor" joined multi-casting on [225.0.0.222:54997]...

Player connection [17948] Host "[IP] 10.2.1.31 [Port] 0 [Flags] 2 [Guid] 3549202463 [EditorId] 3549202463 [Version] 1048832 [Id] WindowsEditor(7,Reminoxel) [Debug] 1 [PackageName] WindowsEditor [ProjectName] Editor" joined alternative multi-casting on [225.0.0.222:34997]...

[Physics::Module] Initialized MultithreadedJobDispatcher with 15 workers.
Refreshing native plugins compatible for Editor in 21.72 ms, found 12 plugins.
Preloading 1 native plugins for Editor in 0.43 ms.
Initialize engine version: 2022.3.10f1 (ff3792e53c62)
[Subsystems] Discovering subsystems at path C:/Program Files/Unity/Hub/Editor/2022.3.10f1/Editor/Data/Resources/UnitySubsystems
[Subsystems] Discovering subsystems at path C:/Users/JoeyD/OneDrive/Documents/GitHub/VR-Take2/My project (3)/Assets
GfxDevice: creating device client; threaded=0; jobified=0
Direct3D:
    Version:  Direct3D 11.0 [level 11.1]
    Renderer: NVIDIA GeForce RTX 2070 (ID=0x1f02)
    Vendor:   NVIDIA
    VRAM:     8006 MB
    Driver:   31.0.15.5186
Initialize mono
Mono path[0] = 'C:/Program Files/Unity/Hub/Editor/2022.3.10f1/Editor/Data/Managed'
Mono path[1] = 'C:/Program Files/Unity/Hub/Editor/2022.3.10f1/Editor/Data/MonoBleedingEdge/lib/mono/unityjit-win32'
Mono config path = 'C:/Program Files/Unity/Hub/Editor/2022.3.10f1/Editor/Data/MonoBleedingEdge/etc'
Using monoOptions --debugger-agent=transport=dt_socket,embedding=1,server=y,suspend=n,address=127.0.0.1:56032
Begin MonoManager ReloadAssembly
Registering precompiled unity dll's ...
Register platform support module: C:/Program Files/Unity/Hub/Editor/2022.3.10f1/Editor/Data/PlaybackEngines/AndroidPlayer/UnityEditor.Android.Extensions.dll
Register platform support module: C:/Program Files/Unity/Hub/Editor/2022.3.10f1/Editor/Data/PlaybackEngines/iOSSupport/UnityEditor.iOS.Extensions.dll
Register platform support module: C:/Program Files/Unity/Hub/Editor/2022.3.10f1/Editor/Data/PlaybackEngines/WindowsStandaloneSupport/UnityEditor.WindowsStandalone.Extensions.dll
Registered in 0.011809 seconds.
- Loaded All Assemblies, in  0.357 seconds
Native extension for WindowsStandalone target not found
[usbmuxd] Start listen thread
[usbmuxd] Listen thread started
Native extension for iOS target not found
Native extension for Android target not found
Android Extension - Scanning For ADB Devices 253 ms
Mono: successfully reloaded assembly
- Finished resetting the current domain, in  0.605 seconds
Domain Reload Profiling: 959ms
	BeginReloadAssembly (104ms)
		ExecutionOrderSort (0ms)
		DisableScriptedObjects (0ms)
		BackupInstance (0ms)
		ReleaseScriptingObjects (0ms)
		CreateAndSetChildDomain (1ms)
	RebuildCommonClasses (35ms)
	RebuildNativeTypeToScriptingClass (13ms)
	initialDomainReloadingComplete (61ms)
	LoadAllAssembliesAndSetupDomain (142ms)
		LoadAssemblies (102ms)
		RebuildTransferFunctionScriptingTraits (0ms)
		AnalyzeDomain (139ms)
			TypeCache.Refresh (138ms)
				TypeCache.ScanAssembly (124ms)
			ScanForSourceGeneratedMonoScriptInfo (0ms)
			ResolveRequiredComponents (1ms)
	FinalizeReload (605ms)
		ReleaseScriptCaches (0ms)
		RebuildScriptCaches (0ms)
		SetupLoadedEditorAssemblies (518ms)
			LogAssemblyErrors (0ms)
			InitializePlatformSupportModulesInManaged (382ms)
			SetLoadedEditorAssemblies (3ms)
			RefreshPlugins (0ms)
			BeforeProcessingInitializeOnLoad (2ms)
			ProcessInitializeOnLoadAttributes (89ms)
			ProcessInitializeOnLoadMethodAttributes (42ms)
			AfterProcessingInitializeOnLoad (0ms)
			EditorAssembliesLoaded (0ms)
		ExecutionOrderSort2 (0ms)
		AwakeInstancesAfterBackupRestoration (0ms)
========================================================================
Worker process is ready to serve import requests
Begin MonoManager ReloadAssembly
- Loaded All Assemblies, in  0.719 seconds
Refreshing native plugins compatible for Editor in 14.57 ms, found 12 plugins.
Native extension for WindowsStandalone target not found
Native extension for iOS target not found
Native extension for Android target not found
Package Manager log level set to [2]
[Package Manager] Server::EnsureServerProcessIsRunning -- launch failed, reason: Unity was launched with the -noUpm command-line argument
[Package Manager] UpmClient::Send -- Unable to send message (not connected to UPM process).
[Package Manager] Cannot connect to Unity Package Manager local server
[Package Manager] Server::EnsureServerProcessIsRunning -- launch failed, reason: Unity was launched with the -noUpm command-line argument
[Package Manager] UpmClient::Send -- Unable to send message (not connected to UPM process).
[Package Manager] Cannot connect to Unity Package Manager local server
System.Reflection.TargetInvocationException: Exception has been thrown by the target of an invocation. ---> System.NullReferenceException: Object reference not set to an instance of an object
  at Unity.XR.Oculus.OculusLoader.AssetPathToAbsolutePath (System.String assetPath) [0x0003d] in .\Library\PackageCache\com.unity.xr.oculus@4.0.0\Runtime\OculusLoader.cs:282 
  at Unity.XR.Oculus.OculusLoader.EditorLoadOVRPlugin () [0x0007b] in .\Library\PackageCache\com.unity.xr.oculus@4.0.0\Runtime\OculusLoader.cs:267 
  at (wrapper managed-to-native) System.Reflection.RuntimeMethodInfo.InternalInvoke(System.Reflection.RuntimeMethodInfo,object,object[],System.Exception&)
  at System.Reflection.RuntimeMethodInfo.Invoke (System.Object obj, System.Reflection.BindingFlags invokeAttr, System.Reflection.Binder binder, System.Object[] parameters, System.Globalization.CultureInfo culture) [0x0006a] in <787acc3c9a4c471ba7d971300105af24>:0 
   --- End of inner exception stack trace ---
  at System.Reflection.RuntimeMethodInfo.Invoke (System.Object obj, System.Reflection.BindingFlags invokeAttr, System.Reflection.Binder binder, System.Object[] parameters, System.Globalization.CultureInfo culture) [0x00083] in <787acc3c9a4c471ba7d971300105af24>:0 
  at System.Reflection.MethodBase.Invoke (System.Object obj, System.Object[] parameters) [0x00000] in <787acc3c9a4c471ba7d971300105af24>:0 
  at UnityEditor.EditorAssemblies.ProcessInitializeOnLoadMethodAttributes () [0x000a5] in <fe7039efe678478d9c83e73bc6a6566d>:0 
UnityEngine.StackTraceUtility:ExtractStackTrace ()
UnityEngine.DebugLogHandler:LogFormat (UnityEngine.LogType,UnityEngine.Object,string,object[])
UnityEngine.Logger:Log (UnityEngine.LogType,object)
UnityEngine.Debug:LogError (object)
UnityEditor.EditorAssemblies:ProcessInitializeOnLoadMethodAttributes ()

Mono: successfully reloaded assembly
[Package Manager] Server::EnsureServerProcessIsRunning -- launch failed, reason: Unity was launched with the -noUpm command-line argument
[Package Manager] UpmClient::Send -- Unable to send message (not connected to UPM process).
[Package Manager] Cannot connect to Unity Package Manager local server
[Package Manager] Server::EnsureServerProcessIsRunning -- launch failed, reason: Unity was launched with the -noUpm command-line argument
[Package Manager] UpmClient::Send -- Unable to send message (not connected to UPM process).
[Package Manager] Cannot connect to Unity Package Manager local server
- Finished resetting the current domain, in  0.666 seconds
Domain Reload Profiling: 1381ms
	BeginReloadAssembly (186ms)
		ExecutionOrderSort (0ms)
		DisableScriptedObjects (7ms)
		BackupInstance (0ms)
		ReleaseScriptingObjects (0ms)
		CreateAndSetChildDomain (25ms)
	RebuildCommonClasses (30ms)
	RebuildNativeTypeToScriptingClass (11ms)
	initialDomainReloadingComplete (38ms)
	LoadAllAssembliesAndSetupDomain (450ms)
		LoadAssemblies (321ms)
		RebuildTransferFunctionScriptingTraits (0ms)
		AnalyzeDomain (217ms)
			TypeCache.Refresh (184ms)
				TypeCache.ScanAssembly (165ms)
			ScanForSourceGeneratedMonoScriptInfo (25ms)
			ResolveRequiredComponents (6ms)
	FinalizeReload (666ms)
		ReleaseScriptCaches (0ms)
		RebuildScriptCaches (0ms)
		SetupLoadedEditorAssemblies (493ms)
			LogAssemblyErrors (0ms)
			InitializePlatformSupportModulesInManaged (34ms)
			SetLoadedEditorAssemblies (5ms)
			RefreshPlugins (0ms)
			BeforeProcessingInitializeOnLoad (80ms)
			ProcessInitializeOnLoadAttributes (318ms)
			ProcessInitializeOnLoadMethodAttributes (48ms)
			AfterProcessingInitializeOnLoad (8ms)
			EditorAssembliesLoaded (0ms)
		ExecutionOrderSort2 (0ms)
		AwakeInstancesAfterBackupRestoration (5ms)
Launched and connected shader compiler UnityShaderCompiler.exe after 0.04 seconds
Refreshing native plugins compatible for Editor in 14.65 ms, found 12 plugins.
Preloading 1 native plugins for Editor in 0.06 ms.
Unloading 4769 Unused Serialized files (Serialized files now loaded: 0)
Unloading 82 unused Assets / (131.1 KB). Loaded Objects now: 5260.
Memory consumption went from 173.3 MB to 173.1 MB.
Total: 3.565800 ms (FindLiveObjects: 0.372700 ms CreateObjectMapping: 0.373500 ms MarkObjects: 2.665700 ms  DeleteObjects: 0.153300 ms)

AssetImportParameters requested are different than current active one (requested -> active):
  custom:container-demuxer-ogg: 62fdf1f143b41e24485cea50d1cbac27 -> 
  custom:video-codec-MediaFoundation-h265: e54d7ab0439102e2317fc1e4b246158d -> 
  custom:video-decoder-ogg-theora: a1e56fd34408186e4bbccfd4996cb3dc -> 
  custom:framework-win-MediaFoundation: 216162199b28c13a410421893ffa2e32 -> 
  custom:CustomObjectIndexerAttribute: 756ad292c208cfabdd7b50bc23989ffe -> 
  custom:container-demuxer-webm: 4f35f7cbe854078d1ac9338744f61a02 -> 
  custom:container-muxer-webm: aa71ff27fc2769a1b78a27578f13a17b -> 
  custom:video-decoder-webm-vp8: 9c59270c3fd7afecdb556c50c9e8de78 -> 
  custom:SearchIndexIgnoredProperties: e643bd26f0fe6173181afceb89e7c659 -> 
  custom:AudioImporter_EditorPlatform: d09bf68614088b80899f8185d706f6e7 -> 
  custom:video-encoder-webm-vp8: eb34c28f22e8b96e1ab97ce403110664 -> 
  custom:audio-decoder-ogg-vorbis: bf7c407c2cedff20999df2af8eb42d56 -> 
  custom:audio-encoder-webm-vorbis: bf7c407c2cedff20999df2af8eb42d56 -> 
========================================================================
Received Import Request.
  Time since last request: 170195.041544 seconds.
  path: Assets/Assets/Skybox/Cubemaps/FS013/Images/FS013_Sunset_Cubemap_right.png
  artifactKey: Guid(40d365d66a63515439e6c2400cfb612b) Importer(815301076,1909f56bfc062723c751e8b465ee728b)
Start importing Assets/Assets/Skybox/Cubemaps/FS013/Images/FS013_Sunset_Cubemap_right.png using Guid(40d365d66a63515439e6c2400cfb612b) Importer(815301076,1909f56bfc062723c751e8b465ee728b)  -> (artifact id: '3c21e19acbf65667c3f68b71aa223c0b') in 0.051552 seconds
Number of updated asset objects reloaded before import = 0
Number of asset objects unloaded after import = 2
========================================================================
Received Import Request.
  Time since last request: 0.016334 seconds.
  path: Assets/Assets/Skybox/Cubemaps/FS017/Images/FS017_Day_Cubemap_back.png
  artifactKey: Guid(9efdf258ab793c74a93866e6f9f3852d) Importer(815301076,1909f56bfc062723c751e8b465ee728b)
Start importing Assets/Assets/Skybox/Cubemaps/FS017/Images/FS017_Day_Cubemap_back.png using Guid(9efdf258ab793c74a93866e6f9f3852d) Importer(815301076,1909f56bfc062723c751e8b465ee728b)  -> (artifact id: '6401e4566e2b7773aa5d89da39df5b2d') in 0.017110 seconds
Number of updated asset objects reloaded before import = 0
Number of asset objects unloaded after import = 2
========================================================================
Received Import Request.
  Time since last request: 0.000142 seconds.
  path: Assets/Assets/Skybox/Cubemaps/FS017/Images/FS017_Day_Cubemap_left.png
  artifactKey: Guid(eba14a19488e30f41b161c4014cc1e0c) Importer(815301076,1909f56bfc062723c751e8b465ee728b)
Start importing Assets/Assets/Skybox/Cubemaps/FS017/Images/FS017_Day_Cubemap_left.png using Guid(eba14a19488e30f41b161c4014cc1e0c) Importer(815301076,1909f56bfc062723c751e8b465ee728b)  -> (artifact id: 'dcbdb952e398aa29247d15265558f80e') in 0.019923 seconds
Number of updated asset objects reloaded before import = 0
Number of asset objects unloaded after import = 2
========================================================================
Received Import Request.
  Time since last request: 0.000026 seconds.
  path: Assets/Assets/Skybox/Cubemaps/FS017/Images/FS017_Day_Cubemap_up.png
  artifactKey: Guid(eeaad692c5b23d149b53932062b4da5b) Importer(815301076,1909f56bfc062723c751e8b465ee728b)
Start importing Assets/Assets/Skybox/Cubemaps/FS017/Images/FS017_Day_Cubemap_up.png using Guid(eeaad692c5b23d149b53932062b4da5b) Importer(815301076,1909f56bfc062723c751e8b465ee728b)  -> (artifact id: 'b37fb5608be2b37c8f16e43058df0fbd') in 0.017758 seconds
Number of updated asset objects reloaded before import = 0
Number of asset objects unloaded after import = 2
========================================================================
Received Import Request.
  Time since last request: 0.000019 seconds.
  path: Assets/Assets/Skybox/Cubemaps/FS017/Images/FS017_Day_Cubemap_right.png
  artifactKey: Guid(de4e7e1ddede5d741a529f954761b321) Importer(815301076,1909f56bfc062723c751e8b465ee728b)
Start importing Assets/Assets/Skybox/Cubemaps/FS017/Images/FS017_Day_Cubemap_right.png using Guid(de4e7e1ddede5d741a529f954761b321) Importer(815301076,1909f56bfc062723c751e8b465ee728b)  -> (artifact id: '152b342c127ccca2d41ee0d76520a47b') in 0.015736 seconds
Number of updated asset objects reloaded before import = 0
Number of asset objects unloaded after import = 2
========================================================================
Received Import Request.
  Time since last request: 0.000015 seconds.
  path: Assets/Assets/Skybox/Cubemaps/FS017/Images/FS017_Day_Cubemap_down.png
  artifactKey: Guid(3ff2c9760785dd641953e7ccd7baa5a7) Importer(815301076,1909f56bfc062723c751e8b465ee728b)
Start importing Assets/Assets/Skybox/Cubemaps/FS017/Images/FS017_Day_Cubemap_down.png using Guid(3ff2c9760785dd641953e7ccd7baa5a7) Importer(815301076,1909f56bfc062723c751e8b465ee728b)  -> (artifact id: 'badb7c004d7cf0bbbc0e77e385b5c1e0') in 0.015295 seconds
Number of updated asset objects reloaded before import = 0
Number of asset objects unloaded after import = 2
========================================================================
Received Import Request.
  Time since last request: 0.000018 seconds.
  path: Assets/Assets/Skybox/Cubemaps/FS017/Images/FS017_Day_Cubemap_front.png
  artifactKey: Guid(1ceccf51a4344f44cb4ae7d56e847146) Importer(815301076,1909f56bfc062723c751e8b465ee728b)
Start importing Assets/Assets/Skybox/Cubemaps/FS017/Images/FS017_Day_Cubemap_front.png using Guid(1ceccf51a4344f44cb4ae7d56e847146) Importer(815301076,1909f56bfc062723c751e8b465ee728b)  -> (artifact id: 'f4d4600834627c098ee00a767c48e77e') in 0.014994 seconds
Number of updated asset objects reloaded before import = 0
Number of asset objects unloaded after import = 2
========================================================================
Received Import Request.
  Time since last request: 0.000015 seconds.
  path: Assets/Assets/Skybox/Cubemaps/FS017/Images/FS017_Day_Sunless_Cubemap_down.png
  artifactKey: Guid(1c80ea766d372ae4d88b370aac8f041d) Importer(815301076,1909f56bfc062723c751e8b465ee728b)
Start importing Assets/Assets/Skybox/Cubemaps/FS017/Images/FS017_Day_Sunless_Cubemap_down.png using Guid(1c80ea766d372ae4d88b370aac8f041d) Importer(815301076,1909f56bfc062723c751e8b465ee728b)  -> (artifact id: '92c20b9085e501ca50a7477377e90557') in 0.010667 seconds
Number of updated asset objects reloaded before import = 0
Number of asset objects unloaded after import = 2
========================================================================
Received Import Request.
  Time since last request: 0.000030 seconds.
  path: Assets/Assets/Skybox/Cubemaps/FS017/Images/FS017_Day_Sunless_Cubemap_front.png
  artifactKey: Guid(21ee7f7028576cc45a7362b1eee364f1) Importer(815301076,1909f56bfc062723c751e8b465ee728b)
Start importing Assets/Assets/Skybox/Cubemaps/FS017/Images/FS017_Day_Sunless_Cubemap_front.png using Guid(21ee7f7028576cc45a7362b1eee364f1) Importer(815301076,1909f56bfc062723c751e8b465ee728b)  -> (artifact id: '8696a51dd95fe6de62749ef0d650d358') in 0.014599 seconds
Number of updated asset objects reloaded before import = 0
Number of asset objects unloaded after import = 2
========================================================================
Received Import Request.
  Time since last request: 0.000065 seconds.
  path: Assets/Assets/Skybox/Cubemaps/FS017/Images/FS017_Day_Sunless_Cubemap_back.png
  artifactKey: Guid(21f443f7e34cecd4cab409d082d9e70e) Importer(815301076,1909f56bfc062723c751e8b465ee728b)
Start importing Assets/Assets/Skybox/Cubemaps/FS017/Images/FS017_Day_Sunless_Cubemap_back.png using Guid(21f443f7e34cecd4cab409d082d9e70e) Importer(815301076,1909f56bfc062723c751e8b465ee728b)  -> (artifact id: '1f96540ceb173440badcd00bca8cb5ff') in 0.014851 seconds
Number of updated asset objects reloaded before import = 0
Number of asset objects unloaded after import = 2
========================================================================
Received Import Request.
  Time since last request: 0.000016 seconds.
  path: Assets/Assets/Skybox/Cubemaps/FS017/Images/FS017_Day_Sunless_Cubemap_up.png
  artifactKey: Guid(8526f619a1771a348a4c03f7fcdcf532) Importer(815301076,1909f56bfc062723c751e8b465ee728b)
Start importing Assets/Assets/Skybox/Cubemaps/FS017/Images/FS017_Day_Sunless_Cubemap_up.png using Guid(8526f619a1771a348a4c03f7fcdcf532) Importer(815301076,1909f56bfc062723c751e8b465ee728b)  -> (artifact id: '0436b316cf8d35f622977d16e087363c') in 0.015010 seconds
Number of updated asset objects reloaded before import = 0
Number of asset objects unloaded after import = 2
========================================================================
Received Import Request.
  Time since last request: 0.000014 seconds.
  path: Assets/Assets/Skybox/Cubemaps/FS017/Images/FS017_Day_Sunless_Cubemap.cubemap
  artifactKey: Guid(cbfea6894aaaf174bae263a99e856595) Importer(815301076,1909f56bfc062723c751e8b465ee728b)
Start importing Assets/Assets/Skybox/Cubemaps/FS017/Images/FS017_Day_Sunless_Cubemap.cubemap using Guid(cbfea6894aaaf174bae263a99e856595) Importer(815301076,1909f56bfc062723c751e8b465ee728b)  -> (artifact id: '4fcf689c4ada3f1f8d5ef5b82757869c') in 0.250125 seconds
Number of updated asset objects reloaded before import = 0
Number of asset objects unloaded after import = 1
========================================================================
Received Import Request.
  Time since last request: 0.000017 seconds.
  path: Assets/Assets/Skybox/Cubemaps/FS017/Images/FS017_Rainy_Cubemap_left.png
  artifactKey: Guid(a9e6ef292edb96e418e6e0fd44a2ef1b) Importer(815301076,1909f56bfc062723c751e8b465ee728b)
Start importing Assets/Assets/Skybox/Cubemaps/FS017/Images/FS017_Rainy_Cubemap_left.png using Guid(a9e6ef292edb96e418e6e0fd44a2ef1b) Importer(815301076,1909f56bfc062723c751e8b465ee728b)  -> (artifact id: '0ccef9984ab0194c852e1649201be4f5') in 0.016051 seconds
Number of updated asset objects reloaded before import = 0
Number of asset objects unloaded after import = 2
========================================================================
Received Import Request.
  Time since last request: 0.000023 seconds.
  path: Assets/Assets/Skybox/Cubemaps/FS017/Images/FS017_Rainy_Cubemap_right.png
  artifactKey: Guid(e4051bfa471d28d49bcbdd95f4265a75) Importer(815301076,1909f56bfc062723c751e8b465ee728b)
Start importing Assets/Assets/Skybox/Cubemaps/FS017/Images/FS017_Rainy_Cubemap_right.png using Guid(e4051bfa471d28d49bcbdd95f4265a75) Importer(815301076,1909f56bfc062723c751e8b465ee728b)  -> (artifact id: 'dfb23e0ff2e11f3a54a9487434ae79b0') in 0.015212 seconds
Number of updated asset objects reloaded before import = 0
Number of asset objects unloaded after import = 2
========================================================================
Received Import Request.
  Time since last request: 0.000017 seconds.
  path: Assets/Assets/Skybox/Cubemaps/FS017/Images/FS017_Snowy_Cubemap_left.png
  artifactKey: Guid(a9256522eb37d134a8e591e1faeb00b9) Importer(815301076,1909f56bfc062723c751e8b465ee728b)
Start importing Assets/Assets/Skybox/Cubemaps/FS017/Images/FS017_Snowy_Cubemap_left.png using Guid(a9256522eb37d134a8e591e1faeb00b9) Importer(815301076,1909f56bfc062723c751e8b465ee728b)  -> (artifact id: 'd82390755a9a4fe0f00b121180f7b97d') in 0.016624 seconds
Number of updated asset objects reloaded before import = 0
Number of asset objects unloaded after import = 2
========================================================================
Received Import Request.
  Time since last request: 0.000023 seconds.
  path: Assets/Assets/Skybox/Cubemaps/FS017/Images/FS017_Rainy_Cubemap.cubemap
  artifactKey: Guid(d1026acb082b4ac4f920e40e4fb0856b) Importer(815301076,1909f56bfc062723c751e8b465ee728b)
Start importing Assets/Assets/Skybox/Cubemaps/FS017/Images/FS017_Rainy_Cubemap.cubemap using Guid(d1026acb082b4ac4f920e40e4fb0856b) Importer(815301076,1909f56bfc062723c751e8b465ee728b)  -> (artifact id: '65ea9a124de60ee0dbfa76403c3f0829') in 0.223467 seconds
Number of updated asset objects reloaded before import = 0
Number of asset objects unloaded after import = 1
========================================================================
Received Import Request.
  Time since last request: 0.000017 seconds.
  path: Assets/Assets/Skybox/Cubemaps/FS017/Images/FS017_Night_Cubemap_up.png
  artifactKey: Guid(8f817f454fe4cdc4aabf11e6505cfc23) Importer(815301076,1909f56bfc062723c751e8b465ee728b)
Start importing Assets/Assets/Skybox/Cubemaps/FS017/Images/FS017_Night_Cubemap_up.png using Guid(8f817f454fe4cdc4aabf11e6505cfc23) Importer(815301076,1909f56bfc062723c751e8b465ee728b)  -> (artifact id: 'd5e04714cca9e7c8991d0c57f74ed0bd') in 0.014994 seconds
Number of updated asset objects reloaded before import = 0
Number of asset objects unloaded after import = 2
========================================================================
Received Import Request.
  Time since last request: 0.000026 seconds.
  path: Assets/Assets/Grass/TerrainData_8ef61ed9-cb33-472a-8422-2a66a504fc4e.asset
  artifactKey: Guid(a54beca21754f3f48ae30857fc88ba38) Importer(815301076,1909f56bfc062723c751e8b465ee728b)
Start importing Assets/Assets/Grass/TerrainData_8ef61ed9-cb33-472a-8422-2a66a504fc4e.asset using Guid(a54beca21754f3f48ae30857fc88ba38) Importer(815301076,1909f56bfc062723c751e8b465ee728b)  -> (artifact id: '2e6a956b2bdbc3618a35557fe4adab6a') in 0.011485 seconds
Number of updated asset objects reloaded before import = 0
Number of asset objects unloaded after import = 3
========================================================================
Received Import Request.
  Time since last request: 0.000016 seconds.
  path: Assets/Assets/Grass/TerrainData_a2fcc1a2-ed6f-4faa-b684-7368fa5feb4c.asset
  artifactKey: Guid(aa2ce1dfd9403c548add9626887d7928) Importer(815301076,1909f56bfc062723c751e8b465ee728b)
Start importing Assets/Assets/Grass/TerrainData_a2fcc1a2-ed6f-4faa-b684-7368fa5feb4c.asset using Guid(aa2ce1dfd9403c548add9626887d7928) Importer(815301076,1909f56bfc062723c751e8b465ee728b)  -> (artifact id: '6dfde4bb6fa5298575df22abe73876d1') in 0.016546 seconds
Number of updated asset objects reloaded before import = 0
Number of asset objects unloaded after import = 3
========================================================================
Received Import Request.
  Time since last request: 0.000016 seconds.
  path: Assets/Assets/Skybox/Cubemaps/FS017/Images/FS017_Day_Sunless_Cubemap_right.png
  artifactKey: Guid(b8edd9eab84ec2a4984293d49b1028ac) Importer(815301076,1909f56bfc062723c751e8b465ee728b)
Start importing Assets/Assets/Skybox/Cubemaps/FS017/Images/FS017_Day_Sunless_Cubemap_right.png using Guid(b8edd9eab84ec2a4984293d49b1028ac) Importer(815301076,1909f56bfc062723c751e8b465ee728b)  -> (artifact id: '65da151ef1770ce148f49710cbc6b594') in 0.016757 seconds
Number of updated asset objects reloaded before import = 0
Number of asset objects unloaded after import = 2
========================================================================
Received Import Request.
  Time since last request: 0.000058 seconds.
  path: Assets/Assets/Skybox/Cubemaps/FS017/Images/FS017_Sunset_Cubemap_down.png
  artifactKey: Guid(ee393cb60de7bf142b65e8aa668b54e6) Importer(815301076,1909f56bfc062723c751e8b465ee728b)
Start importing Assets/Assets/Skybox/Cubemaps/FS017/Images/FS017_Sunset_Cubemap_down.png using Guid(ee393cb60de7bf142b65e8aa668b54e6) Importer(815301076,1909f56bfc062723c751e8b465ee728b)  -> (artifact id: '92841a0c78f280abf1b9811cf3220670') in 0.016931 seconds
Number of updated asset objects reloaded before import = 0
Number of asset objects unloaded after import = 2
========================================================================
Received Import Request.
  Time since last request: 0.000014 seconds.
  path: Assets/Assets/Skybox/Cubemaps/FS017/Images/FS017_Rainy_Cubemap_up.png
  artifactKey: Guid(68ed1953a000a7744adfde23d5aba737) Importer(815301076,1909f56bfc062723c751e8b465ee728b)
Start importing Assets/Assets/Skybox/Cubemaps/FS017/Images/FS017_Rainy_Cubemap_up.png using Guid(68ed1953a000a7744adfde23d5aba737) Importer(815301076,1909f56bfc062723c751e8b465ee728b)  -> (artifact id: '8c03d64526633af5b13498722f1d5a77') in 0.015115 seconds
Number of updated asset objects reloaded before import = 0
Number of asset objects unloaded after import = 2
========================================================================
Received Import Request.
  Time since last request: 0.000019 seconds.
  path: Assets/Assets/Grass/SampleTerrain.asset
  artifactKey: Guid(053158c74390f9e4eb2fbfb90564a82e) Importer(815301076,1909f56bfc062723c751e8b465ee728b)
Start importing Assets/Assets/Grass/SampleTerrain.asset using Guid(053158c74390f9e4eb2fbfb90564a82e) Importer(815301076,1909f56bfc062723c751e8b465ee728b)  -> (artifact id: '3fa23113183bad6757c0e23d1e29f5dc') in 0.106874 seconds
Number of updated asset objects reloaded before import = 0
Number of asset objects unloaded after import = 6
========================================================================
Received Import Request.
  Time since last request: 0.000019 seconds.
  path: Assets/Assets/Skybox/Cubemaps/FS017/Images/FS017_Sunrise_Cubemap_down.png
  artifactKey: Guid(aa500d95bc3879d4c82b1763ee51f672) Importer(815301076,1909f56bfc062723c751e8b465ee728b)
Start importing Assets/Assets/Skybox/Cubemaps/FS017/Images/FS017_Sunrise_Cubemap_down.png using Guid(aa500d95bc3879d4c82b1763ee51f672) Importer(815301076,1909f56bfc062723c751e8b465ee728b)  -> (artifact id: '01bff653ad33a59668d39c2331d7f047') in 0.017203 seconds
Number of updated asset objects reloaded before import = 0
Number of asset objects unloaded after import = 2
========================================================================
Received Import Request.
  Time since last request: 0.000017 seconds.
  path: Assets/Assets/Skybox/Cubemaps/FS017/Images/FS017_Sunset_Cubemap_right.png
  artifactKey: Guid(f88176caefa96304eb645c1c278c20d5) Importer(815301076,1909f56bfc062723c751e8b465ee728b)
Start importing Assets/Assets/Skybox/Cubemaps/FS017/Images/FS017_Sunset_Cubemap_right.png using Guid(f88176caefa96304eb645c1c278c20d5) Importer(815301076,1909f56bfc062723c751e8b465ee728b)  -> (artifact id: 'dbd7ead14699fb5a6ac8c1bb211dc218') in 0.016089 seconds
Number of updated asset objects reloaded before import = 0
Number of asset objects unloaded after import = 2
========================================================================
Received Import Request.
  Time since last request: 0.000020 seconds.
  path: Assets/Assets/Skybox/Cubemaps/FS017/Images/FS017_Sunrise_Cubemap_right.png
  artifactKey: Guid(30a536d4e8ace7f48af4f6b10160d04b) Importer(815301076,1909f56bfc062723c751e8b465ee728b)
Start importing Assets/Assets/Skybox/Cubemaps/FS017/Images/FS017_Sunrise_Cubemap_right.png using Guid(30a536d4e8ace7f48af4f6b10160d04b) Importer(815301076,1909f56bfc062723c751e8b465ee728b)  -> (artifact id: 'cad881f9d823fba1865b30ebcd716b6a') in 0.016110 seconds
Number of updated asset objects reloaded before import = 0
Number of asset objects unloaded after import = 2
========================================================================
Received Import Request.
  Time since last request: 0.000017 seconds.
  path: Assets/Assets/Skybox/Cubemaps/FS017/Images/FS017_Snowy_Cubemap_right.png
  artifactKey: Guid(76db529d85fbebe458b83d052943d57c) Importer(815301076,1909f56bfc062723c751e8b465ee728b)
Start importing Assets/Assets/Skybox/Cubemaps/FS017/Images/FS017_Snowy_Cubemap_right.png using Guid(76db529d85fbebe458b83d052943d57c) Importer(815301076,1909f56bfc062723c751e8b465ee728b)  -> (artifact id: '1b6663ff3567db9ce417c9b017beb1fd') in 0.015937 seconds
Number of updated asset objects reloaded before import = 0
Number of asset objects unloaded after import = 2
========================================================================
Received Import Request.
  Time since last request: 0.000017 seconds.
  path: Assets/Assets/Skybox/Cubemaps/FS017/Images/FS017_Rainy_Cubemap_front.png
  artifactKey: Guid(73b8b1e94ef7fd841aaca0854f7252ec) Importer(815301076,1909f56bfc062723c751e8b465ee728b)
Start importing Assets/Assets/Skybox/Cubemaps/FS017/Images/FS017_Rainy_Cubemap_front.png using Guid(73b8b1e94ef7fd841aaca0854f7252ec) Importer(815301076,1909f56bfc062723c751e8b465ee728b)  -> (artifact id: '5d6972f67954347ebb231d4b1e3d9aea') in 0.015957 seconds
Number of updated asset objects reloaded before import = 0
Number of asset objects unloaded after import = 2
========================================================================
Received Import Request.
  Time since last request: 0.000013 seconds.
  path: Assets/Assets/Grass/TerrainData_8974eefd-5b00-46f9-8f66-4d33f3b41691.asset
  artifactKey: Guid(9c39bfe09a560ad4f9277910f207e879) Importer(815301076,1909f56bfc062723c751e8b465ee728b)
Start importing Assets/Assets/Grass/TerrainData_8974eefd-5b00-46f9-8f66-4d33f3b41691.asset using Guid(9c39bfe09a560ad4f9277910f207e879) Importer(815301076,1909f56bfc062723c751e8b465ee728b)  -> (artifact id: '2a020205a955c6407cbe35ff5eccbbe1') in 0.012039 seconds
Number of updated asset objects reloaded before import = 0
Number of asset objects unloaded after import = 3
========================================================================
Received Import Request.
  Time since last request: 0.000012 seconds.
  path: Assets/Assets/Skybox/Cubemaps/FS017/Images/FS017_Night_Moonless_Cubemap_front.png
  artifactKey: Guid(cba7f06c484374d4294367a2f24ef4df) Importer(815301076,1909f56bfc062723c751e8b465ee728b)
Start importing Assets/Assets/Skybox/Cubemaps/FS017/Images/FS017_Night_Moonless_Cubemap_front.png using Guid(cba7f06c484374d4294367a2f24ef4df) Importer(815301076,1909f56bfc062723c751e8b465ee728b)  -> (artifact id: '2273ecbd17f83dbe6514dbb1f1a26292') in 0.016421 seconds
Number of updated asset objects reloaded before import = 0
Number of asset objects unloaded after import = 2
========================================================================
Received Import Request.
  Time since last request: 0.000012 seconds.
  path: Assets/Assets/Skybox/Cubemaps/FS017/Images/FS017_Night_Moonless_Cubemap_down.png
  artifactKey: Guid(3f604e637f058c446b0764c5f713a1e8) Importer(815301076,1909f56bfc062723c751e8b465ee728b)
Start importing Assets/Assets/Skybox/Cubemaps/FS017/Images/FS017_Night_Moonless_Cubemap_down.png using Guid(3f604e637f058c446b0764c5f713a1e8) Importer(815301076,1909f56bfc062723c751e8b465ee728b)  -> (artifact id: '7505db2d1034d819d0d9184787299ca0') in 0.012352 seconds
Number of updated asset objects reloaded before import = 0
Number of asset objects unloaded after import = 2
========================================================================
Received Import Request.
  Time since last request: 0.000013 seconds.
  path: Assets/Assets/Skybox/Cubemaps/FS017/Images/FS017_Sunrise_Cubemap.cubemap
  artifactKey: Guid(e794d818da7f2e84580cb524059c2772) Importer(815301076,1909f56bfc062723c751e8b465ee728b)
Start importing Assets/Assets/Skybox/Cubemaps/FS017/Images/FS017_Sunrise_Cubemap.cubemap using Guid(e794d818da7f2e84580cb524059c2772) Importer(815301076,1909f56bfc062723c751e8b465ee728b)  -> (artifact id: '11dd8922efb0914642ba05c992be6b50') in 0.219234 seconds
Number of updated asset objects reloaded before import = 0
Number of asset objects unloaded after import = 1
========================================================================
Received Import Request.
  Time since last request: 0.000024 seconds.
  path: Assets/Assets/Skybox/Cubemaps/FS017/Images/FS017_Sunset_Cubemap_front.png
  artifactKey: Guid(528c16267a381804d8f60399ed04802b) Importer(815301076,1909f56bfc062723c751e8b465ee728b)
Start importing Assets/Assets/Skybox/Cubemaps/FS017/Images/FS017_Sunset_Cubemap_front.png using Guid(528c16267a381804d8f60399ed04802b) Importer(815301076,1909f56bfc062723c751e8b465ee728b)  -> (artifact id: 'b5f97dd138cb2dc8f8c14faa79b5134a') in 0.018790 seconds
Number of updated asset objects reloaded before import = 0
Number of asset objects unloaded after import = 2
========================================================================
Received Import Request.
  Time since last request: 0.000024 seconds.
  path: Assets/Assets/Skybox/Cubemaps/FS017/Images/FS017_Rainy_Cubemap_back.png
  artifactKey: Guid(4676adb9ddb10894aa1ab60ff29414f5) Importer(815301076,1909f56bfc062723c751e8b465ee728b)
Start importing Assets/Assets/Skybox/Cubemaps/FS017/Images/FS017_Rainy_Cubemap_back.png using Guid(4676adb9ddb10894aa1ab60ff29414f5) Importer(815301076,1909f56bfc062723c751e8b465ee728b)  -> (artifact id: '7d6e482c6817910e6da4266e0c4de596') in 0.018978 seconds
Number of updated asset objects reloaded before import = 0
Number of asset objects unloaded after import = 2
========================================================================
Received Import Request.
  Time since last request: 0.000023 seconds.
  path: Assets/Assets/Skybox/Cubemaps/FS017/Images/FS017_Sunset_Cubemap.cubemap
  artifactKey: Guid(b8367ff547c95374ab98593b7ea1a737) Importer(815301076,1909f56bfc062723c751e8b465ee728b)
Start importing Assets/Assets/Skybox/Cubemaps/FS017/Images/FS017_Sunset_Cubemap.cubemap using Guid(b8367ff547c95374ab98593b7ea1a737) Importer(815301076,1909f56bfc062723c751e8b465ee728b)  -> (artifact id: 'b66d1b253a9c378c58780334ff31fb0d') in 0.211999 seconds
Number of updated asset objects reloaded before import = 0
Number of asset objects unloaded after import = 1
Editor requested this worker to shutdown with reason: Scaling down because of idle timeout
TcpMessagingSession - receive error: operation aborted. errorcode: 995, details: The I/O operation has been aborted because of either a thread exit or an application request.
AssetImportWorker is now disconnected from the server
Process exiting
Exiting without the bug reporter. Application will terminate with return code 0